[ 2019-02-05T00:24:15+08:00 ] 203.195.230.171 /webdav/
INFO: [ app_init ] --START--
INFO: Run Behavior\BuildLiteBehavior [ RunTime:0.000010s ]
INFO: [ app_init ] --END-- [ RunTime:0.000047s ]
INFO: [ app_begin ] --START--
INFO: Run Behavior\ReadHtmlCacheBehavior [ RunTime:0.000302s ]
INFO: Run Behavior\CheckLangBehavior [ RunTime:0.000313s ]
INFO: [ app_begin ] --END-- [ RunTime:0.000689s ]
INFO: [ action_begin ] --START--
INFO: Run Behavior\CheckAuthBehavior [ RunTime:0.000866s ]
INFO: [ action_begin ] --END-- [ RunTime:0.000910s ]
ERR: 模板不存在:./Application/Home/View/view4/Index/sls.html

[ 2019-02-05T00:25:07+08:00 ] 203.195.230.171 /.php
INFO: [ app_init ] --START--
INFO: Run Behavior\BuildLiteBehavior [ RunTime:0.000011s ]
INFO: [ app_init ] --END-- [ RunTime:0.000086s ]
INFO: [ app_begin ] --START--
INFO: Run Behavior\ReadHtmlCacheBehavior [ RunTime:0.000370s ]
INFO: Run Behavior\CheckLangBehavior [ RunTime:0.000375s ]
INFO: [ app_begin ] --END-- [ RunTime:0.000808s ]
INFO: [ action_begin ] --START--
INFO: Run Behavior\CheckAuthBehavior [ RunTime:0.001148s ]
INFO: [ action_begin ] --END-- [ RunTime:0.001223s ]
ERR: 模板不存在:./Application/Home/View/view4/Index/sls.html

[ 2019-02-05T00:25:26+08:00 ] 203.195.230.171 /index.php
INFO: [ app_init ] --START--
INFO: Run Behavior\BuildLiteBehavior [ RunTime:0.000013s ]
INFO: [ app_init ] --END-- [ RunTime:0.000061s ]
INFO: [ app_begin ] --START--
INFO: Run Behavior\ReadHtmlCacheBehavior [ RunTime:0.000441s ]
INFO: Run Behavior\CheckLangBehavior [ RunTime:0.000443s ]
INFO: [ app_begin ] --END-- [ RunTime:0.000952s ]
INFO: [ action_begin ] --START--
INFO: Run Behavior\CheckAuthBehavior [ RunTime:0.000930s ]
INFO: [ action_begin ] --END-- [ RunTime:0.000992s ]
INFO: [ view_parse ] --START--
INFO: [ template_filter ] --START--
INFO: Run Behavior\ContentReplaceBehavior [ RunTime:0.000055s ]
INFO: [ template_filter ] --END-- [ RunTime:0.000129s ]
INFO: Run Behavior\ParseTemplateBehavior [ RunTime:0.010234s ]
INFO: [ view_parse ] --END-- [ RunTime:0.010287s ]
INFO: [ view_filter ] --START--
INFO: Run Behavior\WriteHtmlCacheBehavior [ RunTime:0.000125s ]
INFO: Run Behavior\TokenBuildBehavior [ RunTime:0.000296s ]
INFO: [ view_filter ] --END-- [ RunTime:0.000489s ]
INFO: [ app_end ] --START--
INFO: Run Behavior\ShowPageTraceBehavior [ RunTime:0.000324s ]
INFO: [ app_end ] --END-- [ RunTime:0.000354s ]

[ 2019-02-05T00:25:45+08:00 ] 203.195.230.171 /manager/html
INFO: [ app_init ] --START--
INFO: Run Behavior\BuildLiteBehavior [ RunTime:0.000017s ]
INFO: [ app_init ] --END-- [ RunTime:0.000073s ]
INFO: [ app_begin ] --START--
INFO: Run Behavior\ReadHtmlCacheBehavior [ RunTime:0.000469s ]
INFO: Run Behavior\CheckLangBehavior [ RunTime:0.000489s ]
INFO: [ app_begin ] --END-- [ RunTime:0.001077s ]
INFO: [ action_begin ] --START--
INFO: Run Behavior\CheckAuthBehavior [ RunTime:0.000809s ]
INFO: [ action_begin ] --END-- [ RunTime:0.000904s ]
ERR: 模板不存在:./Application/Home/View/view4/Index/sls.html

[ 2019-02-05T00:53:08+08:00 ] 61.181.85.22 /
INFO: [ app_init ] --START--
INFO: Run Behavior\BuildLiteBehavior [ RunTime:0.000028s ]
INFO: [ app_init ] --END-- [ RunTime:0.000069s ]
INFO: [ app_begin ] --START--
INFO: Run Behavior\ReadHtmlCacheBehavior [ RunTime:0.000317s ]
INFO: Run Behavior\CheckLangBehavior [ RunTime:0.000296s ]
INFO: [ app_begin ] --END-- [ RunTime:0.000671s ]
INFO: [ action_begin ] --START--
INFO: Run Behavior\CheckAuthBehavior [ RunTime:0.000747s ]
INFO: [ action_begin ] --END-- [ RunTime:0.000784s ]
INFO: [ view_parse ] --START--
INFO: [ template_filter ] --START--
INFO: Run Behavior\ContentReplaceBehavior [ RunTime:0.000054s ]
INFO: [ template_filter ] --END-- [ RunTime:0.000108s ]
INFO: Run Behavior\ParseTemplateBehavior [ RunTime:0.009718s ]
INFO: [ view_parse ] --END-- [ RunTime:0.009775s ]
INFO: [ view_filter ] --START--
INFO: Run Behavior\WriteHtmlCacheBehavior [ RunTime:0.000158s ]
INFO: Run Behavior\TokenBuildBehavior [ RunTime:0.000452s ]
INFO: [ view_filter ] --END-- [ RunTime:0.000669s ]
INFO: [ app_end ] --START--
INFO: Run Behavior\ShowPageTraceBehavior [ RunTime:0.000353s ]
INFO: [ app_end ] --END-- [ RunTime:0.000383s ]

[ 2019-02-05T01:31:12+08:00 ] 123.151.144.37 /?XDEBUG_SESSION_START=phpstorm
INFO: [ app_init ] --START--
INFO: Run Behavior\BuildLiteBehavior [ RunTime:0.000029s ]
INFO: [ app_init ] --END-- [ RunTime:0.000069s ]
INFO: [ app_begin ] --START--
INFO: Run Behavior\ReadHtmlCacheBehavior [ RunTime:0.000318s ]
INFO: Run Behavior\CheckLangBehavior [ RunTime:0.000345s ]
INFO: [ app_begin ] --END-- [ RunTime:0.000724s ]
INFO: [ action_begin ] --START--
INFO: Run Behavior\CheckAuthBehavior [ RunTime:0.000891s ]
INFO: [ action_begin ] --END-- [ RunTime:0.000944s ]
INFO: [ view_parse ] --START--
INFO: [ template_filter ] --START--
INFO: Run Behavior\ContentReplaceBehavior [ RunTime:0.000055s ]
INFO: [ template_filter ] --END-- [ RunTime:0.000110s ]
INFO: Run Behavior\ParseTemplateBehavior [ RunTime:0.009709s ]
INFO: [ view_parse ] --END-- [ RunTime:0.009771s ]
INFO: [ view_filter ] --START--
INFO: Run Behavior\WriteHtmlCacheBehavior [ RunTime:0.000132s ]
INFO: Run Behavior\TokenBuildBehavior [ RunTime:0.000325s ]
INFO: [ view_filter ] --END-- [ RunTime:0.000505s ]
INFO: [ app_end ] --START--
INFO: Run Behavior\ShowPageTraceBehavior [ RunTime:0.000381s ]
INFO: [ app_end ] --END-- [ RunTime:0.000411s ]

[ 2019-02-05T01:31:13+08:00 ] 123.151.144.37 /999tst999?XDEBUG_SESSION_START=phpstorm
INFO: [ app_init ] --START--
INFO: Run Behavior\BuildLiteBehavior [ RunTime:0.000010s ]
INFO: [ app_init ] --END-- [ RunTime:0.000046s ]
INFO: [ app_begin ] --START--
INFO: Run Behavior\ReadHtmlCacheBehavior [ RunTime:0.000317s ]
INFO: Run Behavior\CheckLangBehavior [ RunTime:0.000309s ]
INFO: [ app_begin ] --END-- [ RunTime:0.000682s ]
INFO: [ action_begin ] --START--
INFO: Run Behavior\CheckAuthBehavior [ RunTime:0.000735s ]
INFO: [ action_begin ] --END-- [ RunTime:0.000771s ]
ERR: 模板不存在:./Application/Home/View/view4/Index/sls.html

[ 2019-02-05T01:31:15+08:00 ] 123.151.144.37 /
INFO: [ app_init ] --START--
INFO: Run Behavior\BuildLiteBehavior [ RunTime:0.000011s ]
INFO: [ app_init ] --END-- [ RunTime:0.000058s ]
INFO: [ app_begin ] --START--
INFO: Run Behavior\ReadHtmlCacheBehavior [ RunTime:0.000345s ]
INFO: Run Behavior\CheckLangBehavior [ RunTime:0.000331s ]
INFO: [ app_begin ] --END-- [ RunTime:0.000747s ]
INFO: [ action_begin ] --START--
INFO: Run Behavior\CheckAuthBehavior [ RunTime:0.000865s ]
INFO: [ action_begin ] --END-- [ RunTime:0.000914s ]
INFO: [ view_parse ] --START--
INFO: [ template_filter ] --START--
INFO: Run Behavior\ContentReplaceBehavior [ RunTime:0.000052s ]
INFO: [ template_filter ] --END-- [ RunTime:0.000123s ]
INFO: Run Behavior\ParseTemplateBehavior [ RunTime:0.010414s ]
INFO: [ view_parse ] --END-- [ RunTime:0.010472s ]
INFO: [ view_filter ] --START--
INFO: Run Behavior\WriteHtmlCacheBehavior [ RunTime:0.000131s ]
INFO: Run Behavior\TokenBuildBehavior [ RunTime:0.000347s ]
INFO: [ view_filter ] --END-- [ RunTime:0.000528s ]
INFO: [ app_end ] --START--
INFO: Run Behavior\ShowPageTraceBehavior [ RunTime:0.000453s ]
INFO: [ app_end ] --END-- [ RunTime:0.000493s ]

[ 2019-02-05T01:31:15+08:00 ] 123.151.144.37 /999tst999
INFO: [ app_init ] --START--
INFO: Run Behavior\BuildLiteBehavior [ RunTime:0.000009s ]
INFO: [ app_init ] --END-- [ RunTime:0.000048s ]
INFO: [ app_begin ] --START--
INFO: Run Behavior\ReadHtmlCacheBehavior [ RunTime:0.000408s ]
INFO: Run Behavior\CheckLangBehavior [ RunTime:0.000312s ]
INFO: [ app_begin ] --END-- [ RunTime:0.000789s ]
INFO: [ action_begin ] --START--
INFO: Run Behavior\CheckAuthBehavior [ RunTime:0.000783s ]
INFO: [ action_begin ] --END-- [ RunTime:0.000821s ]
ERR: 模板不存在:./Application/Home/View/view4/Index/sls.html

[ 2019-02-05T01:35:07+08:00 ] 123.151.144.37 /?debug=browser&object=(%23_memberAccess=@ognl.OgnlContext@DEFAULT_MEMBER_ACCESS)%3f(%23context%5B%23parameters.rpsobj%5B0%5D%5D.getWriter().println(%23context%5B%23parameters.reqobj%5B0%5D%5D.getRealPath(%23parameters.pp%5B0%5D))):sb.toString.json&rpsobj=com.opensymphony.xwork2.dispatcher.HttpServletResponse&command=Is-Struts2-Vul-URL&pp=%2f&reqobj=com.opensymphony.xwork2.dispatcher.HttpServletRequest
INFO: [ app_init ] --START--
INFO: Run Behavior\BuildLiteBehavior [ RunTime:0.000013s ]
INFO: [ app_init ] --END-- [ RunTime:0.000064s ]
INFO: [ app_begin ] --START--
INFO: Run Behavior\ReadHtmlCacheBehavior [ RunTime:0.000324s ]
INFO: Run Behavior\CheckLangBehavior [ RunTime:0.000302s ]
INFO: [ app_begin ] --END-- [ RunTime:0.000700s ]
INFO: [ action_begin ] --START--
INFO: Run Behavior\CheckAuthBehavior [ RunTime:0.000818s ]
INFO: [ action_begin ] --END-- [ RunTime:0.000882s ]
INFO: [ view_parse ] --START--
INFO: [ template_filter ] --START--
INFO: Run Behavior\ContentReplaceBehavior [ RunTime:0.000090s ]
INFO: [ template_filter ] --END-- [ RunTime:0.000159s ]
INFO: Run Behavior\ParseTemplateBehavior [ RunTime:0.013425s ]
INFO: [ view_parse ] --END-- [ RunTime:0.013489s ]
INFO: [ view_filter ] --START--
INFO: Run Behavior\WriteHtmlCacheBehavior [ RunTime:0.000164s ]
INFO: Run Behavior\TokenBuildBehavior [ RunTime:0.000418s ]
INFO: [ view_filter ] --END-- [ RunTime:0.000653s ]
INFO: [ app_end ] --START--
INFO: Run Behavior\ShowPageTraceBehavior [ RunTime:0.000543s ]
INFO: [ app_end ] --END-- [ RunTime:0.000590s ]

[ 2019-02-05T01:35:07+08:00 ] 123.151.144.37 /999tst999?debug=browser&object=(%23_memberAccess=@ognl.OgnlContext@DEFAULT_MEMBER_ACCESS)%3f(%23context%5B%23parameters.rpsobj%5B0%5D%5D.getWriter().println(%23context%5B%23parameters.reqobj%5B0%5D%5D.getRealPath(%23parameters.pp%5B0%5D))):sb.toString.json&rpsobj=com.opensymphony.xwork2.dispatcher.HttpServletResponse&command=Is-Struts2-Vul-URL&pp=%2f&reqobj=com.opensymphony.xwork2.dispatcher.HttpServletRequest
INFO: [ app_init ] --START--
INFO: Run Behavior\BuildLiteBehavior [ RunTime:0.000010s ]
INFO: [ app_init ] --END-- [ RunTime:0.000048s ]
INFO: [ app_begin ] --START--
INFO: Run Behavior\ReadHtmlCacheBehavior [ RunTime:0.000321s ]
INFO: Run Behavior\CheckLangBehavior [ RunTime:0.000314s ]
INFO: [ app_begin ] --END-- [ RunTime:0.000693s ]
INFO: [ action_begin ] --START--
INFO: Run Behavior\CheckAuthBehavior [ RunTime:0.000979s ]
INFO: [ action_begin ] --END-- [ RunTime:0.001023s ]
ERR: 模板不存在:./Application/Home/View/view4/Index/sls.html

[ 2019-02-05T01:50:22+08:00 ] 123.151.144.37 /
INFO: [ app_init ] --START--
INFO: Run Behavior\BuildLiteBehavior [ RunTime:0.000010s ]
INFO: [ app_init ] --END-- [ RunTime:0.000048s ]
INFO: [ app_begin ] --START--
INFO: Run Behavior\ReadHtmlCacheBehavior [ RunTime:0.000339s ]
INFO: Run Behavior\CheckLangBehavior [ RunTime:0.000298s ]
INFO: [ app_begin ] --END-- [ RunTime:0.000695s ]
INFO: [ action_begin ] --START--
INFO: Run Behavior\CheckAuthBehavior [ RunTime:0.000720s ]
INFO: [ action_begin ] --END-- [ RunTime:0.000763s ]
INFO: [ view_parse ] --START--
INFO: [ template_filter ] --START--
INFO: Run Behavior\ContentReplaceBehavior [ RunTime:0.000068s ]
INFO: [ template_filter ] --END-- [ RunTime:0.000120s ]
INFO: Run Behavior\ParseTemplateBehavior [ RunTime:0.010327s ]
INFO: [ view_parse ] --END-- [ RunTime:0.010382s ]
INFO: [ view_filter ] --START--
INFO: Run Behavior\WriteHtmlCacheBehavior [ RunTime:0.000128s ]
INFO: Run Behavior\TokenBuildBehavior [ RunTime:0.000307s ]
INFO: [ view_filter ] --END-- [ RunTime:0.000501s ]
INFO: [ app_end ] --START--
INFO: Run Behavior\ShowPageTraceBehavior [ RunTime:0.000351s ]
INFO: [ app_end ] --END-- [ RunTime:0.000383s ]

[ 2019-02-05T01:50:22+08:00 ] 123.151.144.37 /999tst999
INFO: [ app_init ] --START--
INFO: Run Behavior\BuildLiteBehavior [ RunTime:0.000010s ]
INFO: [ app_init ] --END-- [ RunTime:0.000048s ]
INFO: [ app_begin ] --START--
INFO: Run Behavior\ReadHtmlCacheBehavior [ RunTime:0.000432s ]
INFO: Run Behavior\CheckLangBehavior [ RunTime:0.000406s ]
INFO: [ app_begin ] --END-- [ RunTime:0.000917s ]
INFO: [ action_begin ] --START--
INFO: Run Behavior\CheckAuthBehavior [ RunTime:0.000787s ]
INFO: [ action_begin ] --END-- [ RunTime:0.000836s ]
ERR: 模板不存在:./Application/Home/View/view4/Index/sls.html

[ 2019-02-05T02:00:37+08:00 ] 123.151.144.37 /
INFO: [ app_init ] --START--
INFO: Run Behavior\BuildLiteBehavior [ RunTime:0.000010s ]
INFO: [ app_init ] --END-- [ RunTime:0.000049s ]
INFO: [ app_begin ] --START--
INFO: Run Behavior\ReadHtmlCacheBehavior [ RunTime:0.000324s ]
INFO: Run Behavior\CheckLangBehavior [ RunTime:0.000358s ]
INFO: [ app_begin ] --END-- [ RunTime:0.000749s ]
INFO: [ action_begin ] --START--
INFO: Run Behavior\CheckAuthBehavior [ RunTime:0.001175s ]
INFO: [ action_begin ] --END-- [ RunTime:0.001246s ]
INFO: [ view_parse ] --START--
INFO: [ template_filter ] --START--
INFO: Run Behavior\ContentReplaceBehavior [ RunTime:0.000051s ]
INFO: [ template_filter ] --END-- [ RunTime:0.000099s ]
INFO: Run Behavior\ParseTemplateBehavior [ RunTime:0.011018s ]
INFO: [ view_parse ] --END-- [ RunTime:0.011078s ]
INFO: [ view_filter ] --START--
INFO: Run Behavior\WriteHtmlCacheBehavior [ RunTime:0.000153s ]
INFO: Run Behavior\TokenBuildBehavior [ RunTime:0.000312s ]
INFO: [ view_filter ] --END-- [ RunTime:0.000539s ]
INFO: [ app_end ] --START--
INFO: Run Behavior\ShowPageTraceBehavior [ RunTime:0.000372s ]
INFO: [ app_end ] --END-- [ RunTime:0.000405s ]

[ 2019-02-05T02:00:37+08:00 ] 123.151.144.37 /999tst999
INFO: [ app_init ] --START--
INFO: Run Behavior\BuildLiteBehavior [ RunTime:0.000015s ]
INFO: [ app_init ] --END-- [ RunTime:0.000065s ]
INFO: [ app_begin ] --START--
INFO: Run Behavior\ReadHtmlCacheBehavior [ RunTime:0.000497s ]
INFO: Run Behavior\CheckLangBehavior [ RunTime:0.000413s ]
INFO: [ app_begin ] --END-- [ RunTime:0.000999s ]
INFO: [ action_begin ] --START--
INFO: Run Behavior\CheckAuthBehavior [ RunTime:0.001048s ]
INFO: [ action_begin ] --END-- [ RunTime:0.001111s ]
ERR: 模板不存在:./Application/Home/View/view4/Index/sls.html

[ 2019-02-05T02:07:03+08:00 ] 123.151.144.37 /
INFO: [ app_init ] --START--
INFO: Run Behavior\BuildLiteBehavior [ RunTime:0.000016s ]
INFO: [ app_init ] --END-- [ RunTime:0.000107s ]
INFO: [ app_begin ] --START--
INFO: Run Behavior\ReadHtmlCacheBehavior [ RunTime:0.000333s ]
INFO: Run Behavior\CheckLangBehavior [ RunTime:0.000332s ]
INFO: [ app_begin ] --END-- [ RunTime:0.000723s ]
INFO: [ action_begin ] --START--
INFO: Run Behavior\CheckAuthBehavior [ RunTime:0.000822s ]
INFO: [ action_begin ] --END-- [ RunTime:0.000863s ]
INFO: [ view_parse ] --START--
INFO: [ template_filter ] --START--
INFO: Run Behavior\ContentReplaceBehavior [ RunTime:0.000053s ]
INFO: [ template_filter ] --END-- [ RunTime:0.000107s ]
INFO: Run Behavior\ParseTemplateBehavior [ RunTime:0.012199s ]
INFO: [ view_parse ] --END-- [ RunTime:0.012244s ]
INFO: [ view_filter ] --START--
INFO: Run Behavior\WriteHtmlCacheBehavior [ RunTime:0.000120s ]
INFO: Run Behavior\TokenBuildBehavior [ RunTime:0.000328s ]
INFO: [ view_filter ] --END-- [ RunTime:0.000496s ]
INFO: [ app_end ] --START--
INFO: Run Behavior\ShowPageTraceBehavior [ RunTime:0.000343s ]
INFO: [ app_end ] --END-- [ RunTime:0.000373s ]

[ 2019-02-05T02:07:03+08:00 ] 123.151.144.37 /999tst999
INFO: [ app_init ] --START--
INFO: Run Behavior\BuildLiteBehavior [ RunTime:0.000010s ]
INFO: [ app_init ] --END-- [ RunTime:0.000049s ]
INFO: [ app_begin ] --START--
INFO: Run Behavior\ReadHtmlCacheBehavior [ RunTime:0.000384s ]
INFO: Run Behavior\CheckLangBehavior [ RunTime:0.000340s ]
INFO: [ app_begin ] --END-- [ RunTime:0.000788s ]
INFO: [ action_begin ] --START--
INFO: Run Behavior\CheckAuthBehavior [ RunTime:0.000874s ]
INFO: [ action_begin ] --END-- [ RunTime:0.000918s ]
ERR: 模板不存在:./Application/Home/View/view4/Index/sls.html

[ 2019-02-05T02:44:55+08:00 ] 123.151.144.37 /
INFO: [ app_init ] --START--
INFO: Run Behavior\BuildLiteBehavior [ RunTime:0.000009s ]
INFO: [ app_init ] --END-- [ RunTime:0.000048s ]
INFO: [ app_begin ] --START--
INFO: Run Behavior\ReadHtmlCacheBehavior [ RunTime:0.000356s ]
INFO: Run Behavior\CheckLangBehavior [ RunTime:0.000298s ]
INFO: [ app_begin ] --END-- [ RunTime:0.000716s ]
INFO: [ action_begin ] --START--
INFO: Run Behavior\CheckAuthBehavior [ RunTime:0.000843s ]
INFO: [ action_begin ] --END-- [ RunTime:0.000886s ]
INFO: [ view_parse ] --START--
INFO: [ template_filter ] --START--
INFO: Run Behavior\ContentReplaceBehavior [ RunTime:0.000054s ]
INFO: [ template_filter ] --END-- [ RunTime:0.000108s ]
INFO: Run Behavior\ParseTemplateBehavior [ RunTime:0.010271s ]
INFO: [ view_parse ] --END-- [ RunTime:0.010327s ]
INFO: [ view_filter ] --START--
INFO: Run Behavior\WriteHtmlCacheBehavior [ RunTime:0.000170s ]
INFO: Run Behavior\TokenBuildBehavior [ RunTime:0.000308s ]
INFO: [ view_filter ] --END-- [ RunTime:0.000546s ]
INFO: [ app_end ] --START--
INFO: Run Behavior\ShowPageTraceBehavior [ RunTime:0.000419s ]
INFO: [ app_end ] --END-- [ RunTime:0.000522s ]

[ 2019-02-05T02:44:55+08:00 ] 123.151.144.37 /999tst999
INFO: [ app_init ] --START--
INFO: Run Behavior\BuildLiteBehavior [ RunTime:0.000009s ]
INFO: [ app_init ] --END-- [ RunTime:0.000048s ]
INFO: [ app_begin ] --START--
INFO: Run Behavior\ReadHtmlCacheBehavior [ RunTime:0.000663s ]
INFO: Run Behavior\CheckLangBehavior [ RunTime:0.000390s ]
INFO: [ app_begin ] --END-- [ RunTime:0.001169s ]
INFO: [ action_begin ] --START--
INFO: Run Behavior\CheckAuthBehavior [ RunTime:0.000757s ]
INFO: [ action_begin ] --END-- [ RunTime:0.000793s ]
ERR: 模板不存在:./Application/Home/View/view4/Index/sls.html

[ 2019-02-05T02:45:33+08:00 ] 152.254.255.103 /
INFO: [ app_init ] --START--
INFO: Run Behavior\BuildLiteBehavior [ RunTime:0.000012s ]
INFO: [ app_init ] --END-- [ RunTime:0.000068s ]
INFO: [ app_begin ] --START--
INFO: Run Behavior\ReadHtmlCacheBehavior [ RunTime:0.001402s ]
INFO: Run Behavior\CheckLangBehavior [ RunTime:0.003003s ]
INFO: [ app_begin ] --END-- [ RunTime:0.004504s ]
INFO: [ action_begin ] --START--
INFO: Run Behavior\CheckAuthBehavior [ RunTime:0.004105s ]
INFO: [ action_begin ] --END-- [ RunTime:0.004171s ]
INFO: [ view_parse ] --START--
INFO: [ template_filter ] --START--
INFO: Run Behavior\ContentReplaceBehavior [ RunTime:0.000062s ]
INFO: [ template_filter ] --END-- [ RunTime:0.000114s ]
INFO: Run Behavior\ParseTemplateBehavior [ RunTime:0.014315s ]
INFO: [ view_parse ] --END-- [ RunTime:0.014384s ]
INFO: [ view_filter ] --START--
INFO: Run Behavior\WriteHtmlCacheBehavior [ RunTime:0.001222s ]
INFO: Run Behavior\TokenBuildBehavior [ RunTime:0.001279s ]
INFO: [ view_filter ] --END-- [ RunTime:0.002582s ]
INFO: [ app_end ] --START--
INFO: Run Behavior\ShowPageTraceBehavior [ RunTime:0.001535s ]
INFO: [ app_end ] --END-- [ RunTime:0.001570s ]

[ 2019-02-05T02:51:07+08:00 ] 123.151.144.37 /index.html
INFO: [ app_init ] --START--
INFO: Run Behavior\BuildLiteBehavior [ RunTime:0.000010s ]
INFO: [ app_init ] --END-- [ RunTime:0.000049s ]
INFO: [ app_begin ] --START--
INFO: Run Behavior\ReadHtmlCacheBehavior [ RunTime:0.000310s ]
INFO: Run Behavior\CheckLangBehavior [ RunTime:0.000312s ]
INFO: [ app_begin ] --END-- [ RunTime:0.000675s ]
INFO: [ action_begin ] --START--
INFO: Run Behavior\CheckAuthBehavior [ RunTime:0.000851s ]
INFO: [ action_begin ] --END-- [ RunTime:0.000895s ]
INFO: [ view_parse ] --START--
INFO: [ template_filter ] --START--
INFO: Run Behavior\ContentReplaceBehavior [ RunTime:0.000060s ]
INFO: [ template_filter ] --END-- [ RunTime:0.000111s ]
INFO: Run Behavior\ParseTemplateBehavior [ RunTime:0.009522s ]
INFO: [ view_parse ] --END-- [ RunTime:0.009567s ]
INFO: [ view_filter ] --START--
INFO: Run Behavior\WriteHtmlCacheBehavior [ RunTime:0.000121s ]
INFO: Run Behavior\TokenBuildBehavior [ RunTime:0.000305s ]
INFO: [ view_filter ] --END-- [ RunTime:0.000489s ]
INFO: [ app_end ] --START--
INFO: Run Behavior\ShowPageTraceBehavior [ RunTime:0.000453s ]
INFO: [ app_end ] --END-- [ RunTime:0.000486s ]

[ 2019-02-05T02:51:07+08:00 ] 123.151.144.37 /999tst999index.html
INFO: [ app_init ] --START--
INFO: Run Behavior\BuildLiteBehavior [ RunTime:0.000010s ]
INFO: [ app_init ] --END-- [ RunTime:0.000050s ]
INFO: [ app_begin ] --START--
INFO: Run Behavior\ReadHtmlCacheBehavior [ RunTime:0.000342s ]
INFO: Run Behavior\CheckLangBehavior [ RunTime:0.000359s ]
INFO: [ app_begin ] --END-- [ RunTime:0.000764s ]
INFO: [ action_begin ] --START--
INFO: Run Behavior\CheckAuthBehavior [ RunTime:0.000792s ]
INFO: [ action_begin ] --END-- [ RunTime:0.000829s ]
ERR: 模板不存在:./Application/Home/View/view4/Index/sls.html

[ 2019-02-05T03:30:21+08:00 ] 5.200.71.169 /
INFO: [ app_init ] --START--
INFO: Run Behavior\BuildLiteBehavior [ RunTime:0.000011s ]
INFO: [ app_init ] --END-- [ RunTime:0.000058s ]
INFO: [ app_begin ] --START--
INFO: Run Behavior\ReadHtmlCacheBehavior [ RunTime:0.000504s ]
INFO: Run Behavior\CheckLangBehavior [ RunTime:0.001235s ]
INFO: [ app_begin ] --END-- [ RunTime:0.001840s ]
INFO: [ action_begin ] --START--
INFO: Run Behavior\CheckAuthBehavior [ RunTime:0.005696s ]
INFO: [ action_begin ] --END-- [ RunTime:0.005775s ]
INFO: [ view_parse ] --START--
INFO: [ template_filter ] --START--
INFO: Run Behavior\ContentReplaceBehavior [ RunTime:0.000066s ]
INFO: [ template_filter ] --END-- [ RunTime:0.000126s ]
INFO: Run Behavior\ParseTemplateBehavior [ RunTime:0.012369s ]
INFO: [ view_parse ] --END-- [ RunTime:0.012453s ]
INFO: [ view_filter ] --START--
INFO: Run Behavior\WriteHtmlCacheBehavior [ RunTime:0.000292s ]
INFO: Run Behavior\TokenBuildBehavior [ RunTime:0.000445s ]
INFO: [ view_filter ] --END-- [ RunTime:0.000806s ]
INFO: [ app_end ] --START--
INFO: Run Behavior\ShowPageTraceBehavior [ RunTime:0.000681s ]
INFO: [ app_end ] --END-- [ RunTime:0.000735s ]

[ 2019-02-05T03:38:40+08:00 ] 37.49.231.207 /
INFO: [ app_init ] --START--
INFO: Run Behavior\BuildLiteBehavior [ RunTime:0.000012s ]
INFO: [ app_init ] --END-- [ RunTime:0.000061s ]
INFO: [ app_begin ] --START--
INFO: Run Behavior\ReadHtmlCacheBehavior [ RunTime:0.000471s ]
INFO: Run Behavior\CheckLangBehavior [ RunTime:0.000418s ]
INFO: [ app_begin ] --END-- [ RunTime:0.000966s ]
INFO: [ action_begin ] --START--
INFO: Run Behavior\CheckAuthBehavior [ RunTime:0.001224s ]
INFO: [ action_begin ] --END-- [ RunTime:0.001289s ]
INFO: [ view_parse ] --START--
INFO: [ template_filter ] --START--
INFO: Run Behavior\ContentReplaceBehavior [ RunTime:0.000064s ]
INFO: [ template_filter ] --END-- [ RunTime:0.000118s ]
INFO: Run Behavior\ParseTemplateBehavior [ RunTime:0.009321s ]
INFO: [ view_parse ] --END-- [ RunTime:0.009367s ]
INFO: [ view_filter ] --START--
INFO: Run Behavior\WriteHtmlCacheBehavior [ RunTime:0.000118s ]
INFO: Run Behavior\TokenBuildBehavior [ RunTime:0.000317s ]
INFO: [ view_filter ] --END-- [ RunTime:0.000482s ]
INFO: [ app_end ] --START--
INFO: Run Behavior\ShowPageTraceBehavior [ RunTime:0.000418s ]
INFO: [ app_end ] --END-- [ RunTime:0.000459s ]

[ 2019-02-05T04:42:54+08:00 ] 104.131.145.114 /
INFO: [ app_init ] --START--
INFO: Run Behavior\BuildLiteBehavior [ RunTime:0.000009s ]
INFO: [ app_init ] --END-- [ RunTime:0.000048s ]
INFO: [ app_begin ] --START--
INFO: Run Behavior\ReadHtmlCacheBehavior [ RunTime:0.000329s ]
INFO: Run Behavior\CheckLangBehavior [ RunTime:0.000295s ]
INFO: [ app_begin ] --END-- [ RunTime:0.000700s ]
INFO: [ action_begin ] --START--
INFO: Run Behavior\CheckAuthBehavior [ RunTime:0.005191s ]
INFO: [ action_begin ] --END-- [ RunTime:0.005249s ]
INFO: [ view_parse ] --START--
INFO: [ template_filter ] --START--
INFO: Run Behavior\ContentReplaceBehavior [ RunTime:0.000059s ]
INFO: [ template_filter ] --END-- [ RunTime:0.000109s ]
INFO: Run Behavior\ParseTemplateBehavior [ RunTime:0.010416s ]
INFO: [ view_parse ] --END-- [ RunTime:0.010468s ]
INFO: [ view_filter ] --START--
INFO: Run Behavior\WriteHtmlCacheBehavior [ RunTime:0.000121s ]
INFO: Run Behavior\TokenBuildBehavior [ RunTime:0.000337s ]
INFO: [ view_filter ] --END-- [ RunTime:0.000505s ]
INFO: [ app_end ] --START--
INFO: Run Behavior\ShowPageTraceBehavior [ RunTime:0.000472s ]
INFO: [ app_end ] --END-- [ RunTime:0.000504s ]

[ 2019-02-05T05:44:28+08:00 ] 211.162.74.217 /manager/html
INFO: [ app_init ] --START--
INFO: Run Behavior\BuildLiteBehavior [ RunTime:0.000014s ]
INFO: [ app_init ] --END-- [ RunTime:0.000072s ]
INFO: [ app_begin ] --START--
INFO: Run Behavior\ReadHtmlCacheBehavior [ RunTime:0.000391s ]
INFO: Run Behavior\CheckLangBehavior [ RunTime:0.006327s ]
INFO: [ app_begin ] --END-- [ RunTime:0.006793s ]
INFO: [ action_begin ] --START--
INFO: Run Behavior\CheckAuthBehavior [ RunTime:0.000937s ]
INFO: [ action_begin ] --END-- [ RunTime:0.000981s ]
ERR: 模板不存在:./Application/Home/View/view4/Index/sls.html

[ 2019-02-05T06:18:11+08:00 ] 36.72.216.146 /
INFO: [ app_init ] --START--
INFO: Run Behavior\BuildLiteBehavior [ RunTime:0.000010s ]
INFO: [ app_init ] --END-- [ RunTime:0.000049s ]
INFO: [ app_begin ] --START--
INFO: Run Behavior\ReadHtmlCacheBehavior [ RunTime:0.000380s ]
INFO: Run Behavior\CheckLangBehavior [ RunTime:0.000295s ]
INFO: [ app_begin ] --END-- [ RunTime:0.000731s ]
INFO: [ action_begin ] --START--
INFO: Run Behavior\CheckAuthBehavior [ RunTime:0.000894s ]
INFO: [ action_begin ] --END-- [ RunTime:0.000942s ]
INFO: [ view_parse ] --START--
INFO: [ template_filter ] --START--
INFO: Run Behavior\ContentReplaceBehavior [ RunTime:0.000076s ]
INFO: [ template_filter ] --END-- [ RunTime:0.000143s ]
INFO: Run Behavior\ParseTemplateBehavior [ RunTime:0.011320s ]
INFO: [ view_parse ] --END-- [ RunTime:0.011396s ]
INFO: [ view_filter ] --START--
INFO: Run Behavior\WriteHtmlCacheBehavior [ RunTime:0.000218s ]
INFO: Run Behavior\TokenBuildBehavior [ RunTime:0.000443s ]
INFO: [ view_filter ] --END-- [ RunTime:0.000744s ]
INFO: [ app_end ] --START--
INFO: Run Behavior\ShowPageTraceBehavior [ RunTime:0.000501s ]
INFO: [ app_end ] --END-- [ RunTime:0.000544s ]

[ 2019-02-05T06:49:58+08:00 ] 59.36.119.227 /999tst999
INFO: [ app_init ] --START--
INFO: Run Behavior\BuildLiteBehavior [ RunTime:0.000013s ]
INFO: [ app_init ] --END-- [ RunTime:0.000065s ]
INFO: [ app_begin ] --START--
INFO: Run Behavior\ReadHtmlCacheBehavior [ RunTime:0.000438s ]
INFO: Run Behavior\CheckLangBehavior [ RunTime:0.000507s ]
INFO: [ app_begin ] --END-- [ RunTime:0.001027s ]
INFO: [ action_begin ] --START--
INFO: Run Behavior\CheckAuthBehavior [ RunTime:0.001125s ]
INFO: [ action_begin ] --END-- [ RunTime:0.001181s ]
ERR: 模板不存在:./Application/Home/View/view4/Index/sls.html

[ 2019-02-05T07:13:11+08:00 ] 91.232.188.5 /
INFO: [ app_init ] --START--
INFO: Run Behavior\BuildLiteBehavior [ RunTime:0.000012s ]
INFO: [ app_init ] --END-- [ RunTime:0.000054s ]
INFO: [ app_begin ] --START--
INFO: Run Behavior\ReadHtmlCacheBehavior [ RunTime:0.000421s ]
INFO: Run Behavior\CheckLangBehavior [ RunTime:0.000360s ]
INFO: [ app_begin ] --END-- [ RunTime:0.000845s ]
INFO: [ action_begin ] --START--
INFO: Run Behavior\CheckAuthBehavior [ RunTime:0.000995s ]
INFO: [ action_begin ] --END-- [ RunTime:0.001056s ]
INFO: [ view_parse ] --START--
INFO: [ template_filter ] --START--
INFO: Run Behavior\ContentReplaceBehavior [ RunTime:0.000060s ]
INFO: [ template_filter ] --END-- [ RunTime:0.000110s ]
INFO: Run Behavior\ParseTemplateBehavior [ RunTime:0.009712s ]
INFO: [ view_parse ] --END-- [ RunTime:0.009762s ]
INFO: [ view_filter ] --START--
INFO: Run Behavior\WriteHtmlCacheBehavior [ RunTime:0.000116s ]
INFO: Run Behavior\TokenBuildBehavior [ RunTime:0.000306s ]
INFO: [ view_filter ] --END-- [ RunTime:0.000470s ]
INFO: [ app_end ] --START--
INFO: Run Behavior\ShowPageTraceBehavior [ RunTime:0.000453s ]
INFO: [ app_end ] --END-- [ RunTime:0.000492s ]

[ 2019-02-05T08:48:33+08:00 ] 94.191.12.189 /struts2-rest-showcase/orders.xhtml
INFO: [ app_init ] --START--
INFO: Run Behavior\BuildLiteBehavior [ RunTime:0.000012s ]
INFO: [ app_init ] --END-- [ RunTime:0.000064s ]
INFO: [ app_begin ] --START--
INFO: Run Behavior\ReadHtmlCacheBehavior [ RunTime:0.001668s ]
INFO: Run Behavior\CheckLangBehavior [ RunTime:0.005273s ]
INFO: [ app_begin ] --END-- [ RunTime:0.007054s ]
INFO: [ action_begin ] --START--
INFO: Run Behavior\CheckAuthBehavior [ RunTime:0.008954s ]
INFO: [ action_begin ] --END-- [ RunTime:0.009037s ]
ERR: 模板不存在:./Application/Home/View/view4/Index/sls.html

[ 2019-02-05T08:48:33+08:00 ] 94.191.12.189 /index.action
INFO: [ app_init ] --START--
INFO: Run Behavior\BuildLiteBehavior [ RunTime:0.000011s ]
INFO: [ app_init ] --END-- [ RunTime:0.000052s ]
INFO: [ app_begin ] --START--
INFO: Run Behavior\ReadHtmlCacheBehavior [ RunTime:0.000332s ]
INFO: Run Behavior\CheckLangBehavior [ RunTime:0.000389s ]
INFO: [ app_begin ] --END-- [ RunTime:0.000784s ]
INFO: [ action_begin ] --START--
INFO: Run Behavior\CheckAuthBehavior [ RunTime:0.000840s ]
INFO: [ action_begin ] --END-- [ RunTime:0.000899s ]
ERR: 模板不存在:./Application/Home/View/view4/Index/sls.html

[ 2019-02-05T08:48:33+08:00 ] 94.191.12.189 /index.do
INFO: [ app_init ] --START--
INFO: Run Behavior\BuildLiteBehavior [ RunTime:0.000010s ]
INFO: [ app_init ] --END-- [ RunTime:0.000048s ]
INFO: [ app_begin ] --START--
INFO: Run Behavior\ReadHtmlCacheBehavior [ RunTime:0.000421s ]
INFO: Run Behavior\CheckLangBehavior [ RunTime:0.000377s ]
INFO: [ app_begin ] --END-- [ RunTime:0.000879s ]
INFO: [ action_begin ] --START--
INFO: Run Behavior\CheckAuthBehavior [ RunTime:0.000822s ]
INFO: [ action_begin ] --END-- [ RunTime:0.000879s ]
ERR: 模板不存在:./Application/Home/View/view4/Index/sls.html

[ 2019-02-05T09:37:00+08:00 ] 80.92.29.107 /
INFO: [ app_init ] --START--
INFO: Run Behavior\BuildLiteBehavior [ RunTime:0.000010s ]
INFO: [ app_init ] --END-- [ RunTime:0.000051s ]
INFO: [ app_begin ] --START--
INFO: Run Behavior\ReadHtmlCacheBehavior [ RunTime:0.000354s ]
INFO: Run Behavior\CheckLangBehavior [ RunTime:0.000319s ]
INFO: [ app_begin ] --END-- [ RunTime:0.000736s ]
INFO: [ action_begin ] --START--
INFO: Run Behavior\CheckAuthBehavior [ RunTime:0.000797s ]
INFO: [ action_begin ] --END-- [ RunTime:0.000855s ]
INFO: [ view_parse ] --START--
INFO: [ template_filter ] --START--
INFO: Run Behavior\ContentReplaceBehavior [ RunTime:0.001965s ]
INFO: [ template_filter ] --END-- [ RunTime:0.002044s ]
INFO: Run Behavior\ParseTemplateBehavior [ RunTime:0.024287s ]
INFO: [ view_parse ] --END-- [ RunTime:0.024350s ]
INFO: [ view_filter ] --START--
INFO: Run Behavior\WriteHtmlCacheBehavior [ RunTime:0.001108s ]
INFO: Run Behavior\TokenBuildBehavior [ RunTime:0.001094s ]
INFO: [ view_filter ] --END-- [ RunTime:0.002262s ]
INFO: [ app_end ] --START--
INFO: Run Behavior\ShowPageTraceBehavior [ RunTime:0.001282s ]
INFO: [ app_end ] --END-- [ RunTime:0.001319s ]

[ 2019-02-05T09:39:42+08:00 ] 152.250.52.161 /
INFO: [ app_init ] --START--
INFO: Run Behavior\BuildLiteBehavior [ RunTime:0.000013s ]
INFO: [ app_init ] --END-- [ RunTime:0.000090s ]
INFO: [ app_begin ] --START--
INFO: Run Behavior\ReadHtmlCacheBehavior [ RunTime:0.000405s ]
INFO: Run Behavior\CheckLangBehavior [ RunTime:0.000350s ]
INFO: [ app_begin ] --END-- [ RunTime:0.000828s ]
INFO: [ action_begin ] --START--
INFO: Run Behavior\CheckAuthBehavior [ RunTime:0.000816s ]
INFO: [ action_begin ] --END-- [ RunTime:0.000862s ]
INFO: [ view_parse ] --START--
INFO: [ template_filter ] --START--
INFO: Run Behavior\ContentReplaceBehavior [ RunTime:0.000061s ]
INFO: [ template_filter ] --END-- [ RunTime:0.000125s ]
INFO: Run Behavior\ParseTemplateBehavior [ RunTime:0.022819s ]
INFO: [ view_parse ] --END-- [ RunTime:0.022883s ]
INFO: [ view_filter ] --START--
INFO: Run Behavior\WriteHtmlCacheBehavior [ RunTime:0.000151s ]
INFO: Run Behavior\TokenBuildBehavior [ RunTime:0.000348s ]
INFO: [ view_filter ] --END-- [ RunTime:0.000554s ]
INFO: [ app_end ] --START--
INFO: Run Behavior\ShowPageTraceBehavior [ RunTime:0.000347s ]
INFO: [ app_end ] --END-- [ RunTime:0.000376s ]

[ 2019-02-05T09:39:42+08:00 ] 152.250.52.161 /
INFO: [ app_init ] --START--
INFO: Run Behavior\BuildLiteBehavior [ RunTime:0.000009s ]
INFO: [ app_init ] --END-- [ RunTime:0.000061s ]
INFO: [ app_begin ] --START--
INFO: Run Behavior\ReadHtmlCacheBehavior [ RunTime:0.000316s ]
INFO: Run Behavior\CheckLangBehavior [ RunTime:0.000295s ]
INFO: [ app_begin ] --END-- [ RunTime:0.000667s ]
INFO: [ action_begin ] --START--
INFO: Run Behavior\CheckAuthBehavior [ RunTime:0.000850s ]
INFO: [ action_begin ] --END-- [ RunTime:0.000904s ]
INFO: [ view_parse ] --START--
INFO: [ template_filter ] --START--
INFO: Run Behavior\ContentReplaceBehavior [ RunTime:0.000061s ]
INFO: [ template_filter ] --END-- [ RunTime:0.000111s ]
INFO: Run Behavior\ParseTemplateBehavior [ RunTime:0.014510s ]
INFO: [ view_parse ] --END-- [ RunTime:0.014576s ]
INFO: [ view_filter ] --START--
INFO: Run Behavior\WriteHtmlCacheBehavior [ RunTime:0.000162s ]
INFO: Run Behavior\TokenBuildBehavior [ RunTime:0.000291s ]
INFO: [ view_filter ] --END-- [ RunTime:0.000501s ]
INFO: [ app_end ] --START--
INFO: Run Behavior\ShowPageTraceBehavior [ RunTime:0.000344s ]
INFO: [ app_end ] --END-- [ RunTime:0.000373s ]

[ 2019-02-05T10:06:59+08:00 ] 81.163.57.65 /
INFO: [ app_init ] --START--
INFO: Run Behavior\BuildLiteBehavior [ RunTime:0.000010s ]
INFO: [ app_init ] --END-- [ RunTime:0.000051s ]
INFO: [ app_begin ] --START--
INFO: Run Behavior\ReadHtmlCacheBehavior [ RunTime:0.000348s ]
INFO: Run Behavior\CheckLangBehavior [ RunTime:0.000346s ]
INFO: [ app_begin ] --END-- [ RunTime:0.000759s ]
INFO: [ action_begin ] --START--
INFO: Run Behavior\CheckAuthBehavior [ RunTime:0.001231s ]
INFO: [ action_begin ] --END-- [ RunTime:0.001284s ]
INFO: [ view_parse ] --START--
INFO: [ template_filter ] --START--
INFO: Run Behavior\ContentReplaceBehavior [ RunTime:0.000096s ]
INFO: [ template_filter ] --END-- [ RunTime:0.000166s ]
INFO: Run Behavior\ParseTemplateBehavior [ RunTime:0.011011s ]
INFO: [ view_parse ] --END-- [ RunTime:0.011065s ]
INFO: [ view_filter ] --START--
INFO: Run Behavior\WriteHtmlCacheBehavior [ RunTime:0.000121s ]
INFO: Run Behavior\TokenBuildBehavior [ RunTime:0.000314s ]
INFO: [ view_filter ] --END-- [ RunTime:0.000483s ]
INFO: [ app_end ] --START--
INFO: Run Behavior\ShowPageTraceBehavior [ RunTime:0.000347s ]
INFO: [ app_end ] --END-- [ RunTime:0.000377s ]

[ 2019-02-05T10:46:34+08:00 ] 14.17.3.64 /
INFO: [ app_init ] --START--
INFO: Run Behavior\BuildLiteBehavior [ RunTime:0.000011s ]
INFO: [ app_init ] --END-- [ RunTime:0.000050s ]
INFO: [ app_begin ] --START--
INFO: Run Behavior\ReadHtmlCacheBehavior [ RunTime:0.000357s ]
INFO: Run Behavior\CheckLangBehavior [ RunTime:0.000361s ]
INFO: [ app_begin ] --END-- [ RunTime:0.000777s ]
INFO: [ action_begin ] --START--
INFO: Run Behavior\CheckAuthBehavior [ RunTime:0.000807s ]
INFO: [ action_begin ] --END-- [ RunTime:0.000844s ]
INFO: [ view_parse ] --START--
INFO: [ template_filter ] --START--
INFO: Run Behavior\ContentReplaceBehavior [ RunTime:0.000059s ]
INFO: [ template_filter ] --END-- [ RunTime:0.000109s ]
INFO: Run Behavior\ParseTemplateBehavior [ RunTime:0.010279s ]
INFO: [ view_parse ] --END-- [ RunTime:0.010331s ]
INFO: [ view_filter ] --START--
INFO: Run Behavior\WriteHtmlCacheBehavior [ RunTime:0.000123s ]
INFO: Run Behavior\TokenBuildBehavior [ RunTime:0.000348s ]
INFO: [ view_filter ] --END-- [ RunTime:0.000518s ]
INFO: [ app_end ] --START--
INFO: Run Behavior\ShowPageTraceBehavior [ RunTime:0.000335s ]
INFO: [ app_end ] --END-- [ RunTime:0.000365s ]

[ 2019-02-05T10:50:53+08:00 ] 36.85.61.253 /
INFO: [ app_init ] --START--
INFO: Run Behavior\BuildLiteBehavior [ RunTime:0.000010s ]
INFO: [ app_init ] --END-- [ RunTime:0.000050s ]
INFO: [ app_begin ] --START--
INFO: Run Behavior\ReadHtmlCacheBehavior [ RunTime:0.000466s ]
INFO: Run Behavior\CheckLangBehavior [ RunTime:0.000477s ]
INFO: [ app_begin ] --END-- [ RunTime:0.001023s ]
INFO: [ action_begin ] --START--
INFO: Run Behavior\CheckAuthBehavior [ RunTime:0.000799s ]
INFO: [ action_begin ] --END-- [ RunTime:0.000846s ]
INFO: [ view_parse ] --START--
INFO: [ template_filter ] --START--
INFO: Run Behavior\ContentReplaceBehavior [ RunTime:0.000053s ]
INFO: [ template_filter ] --END-- [ RunTime:0.000106s ]
INFO: Run Behavior\ParseTemplateBehavior [ RunTime:0.012236s ]
INFO: [ view_parse ] --END-- [ RunTime:0.012296s ]
INFO: [ view_filter ] --START--
INFO: Run Behavior\WriteHtmlCacheBehavior [ RunTime:0.000162s ]
INFO: Run Behavior\TokenBuildBehavior [ RunTime:0.000431s ]
INFO: [ view_filter ] --END-- [ RunTime:0.000659s ]
INFO: [ app_end ] --START--
INFO: Run Behavior\ShowPageTraceBehavior [ RunTime:0.000510s ]
INFO: [ app_end ] --END-- [ RunTime:0.000569s ]

[ 2019-02-05T13:48:41+08:00 ] 68.183.19.170 /
INFO: [ app_init ] --START--
INFO: Run Behavior\BuildLiteBehavior [ RunTime:0.000010s ]
INFO: [ app_init ] --END-- [ RunTime:0.000048s ]
INFO: [ app_begin ] --START--
INFO: Run Behavior\ReadHtmlCacheBehavior [ RunTime:0.000328s ]
INFO: Run Behavior\CheckLangBehavior [ RunTime:0.000313s ]
INFO: [ app_begin ] --END-- [ RunTime:0.000710s ]
INFO: [ action_begin ] --START--
INFO: Run Behavior\CheckAuthBehavior [ RunTime:0.000972s ]
INFO: [ action_begin ] --END-- [ RunTime:0.001012s ]
INFO: [ view_parse ] --START--
INFO: [ template_filter ] --START--
INFO: Run Behavior\ContentReplaceBehavior [ RunTime:0.000052s ]
INFO: [ template_filter ] --END-- [ RunTime:0.000100s ]
INFO: Run Behavior\ParseTemplateBehavior [ RunTime:0.009266s ]
INFO: [ view_parse ] --END-- [ RunTime:0.009315s ]
INFO: [ view_filter ] --START--
INFO: Run Behavior\WriteHtmlCacheBehavior [ RunTime:0.000142s ]
INFO: Run Behavior\TokenBuildBehavior [ RunTime:0.000332s ]
INFO: [ view_filter ] --END-- [ RunTime:0.000552s ]
INFO: [ app_end ] --START--
INFO: Run Behavior\ShowPageTraceBehavior [ RunTime:0.000337s ]
INFO: [ app_end ] --END-- [ RunTime:0.000367s ]

[ 2019-02-05T15:03:22+08:00 ] 58.61.38.181 /webdav/
INFO: [ app_init ] --START--
INFO: Run Behavior\BuildLiteBehavior [ RunTime:0.000013s ]
INFO: [ app_init ] --END-- [ RunTime:0.000069s ]
INFO: [ app_begin ] --START--
INFO: Run Behavior\ReadHtmlCacheBehavior [ RunTime:0.000321s ]
INFO: Run Behavior\CheckLangBehavior [ RunTime:0.000347s ]
INFO: [ app_begin ] --END-- [ RunTime:0.000725s ]
INFO: [ action_begin ] --START--
INFO: Run Behavior\CheckAuthBehavior [ RunTime:0.001249s ]
INFO: [ action_begin ] --END-- [ RunTime:0.001313s ]
ERR: 模板不存在:./Application/Home/View/view4/Index/sls.html

[ 2019-02-05T15:03:40+08:00 ] 58.61.38.181 /.php
INFO: [ app_init ] --START--
INFO: Run Behavior\BuildLiteBehavior [ RunTime:0.000011s ]
INFO: [ app_init ] --END-- [ RunTime:0.000059s ]
INFO: [ app_begin ] --START--
INFO: Run Behavior\ReadHtmlCacheBehavior [ RunTime:0.000408s ]
INFO: Run Behavior\CheckLangBehavior [ RunTime:0.000333s ]
INFO: [ app_begin ] --END-- [ RunTime:0.000836s ]
INFO: [ action_begin ] --START--
INFO: Run Behavior\CheckAuthBehavior [ RunTime:0.001011s ]
INFO: [ action_begin ] --END-- [ RunTime:0.001071s ]
ERR: 模板不存在:./Application/Home/View/view4/Index/sls.html

[ 2019-02-05T15:03:47+08:00 ] 58.61.38.181 /index.php
INFO: [ app_init ] --START--
INFO: Run Behavior\BuildLiteBehavior [ RunTime:0.000015s ]
INFO: [ app_init ] --END-- [ RunTime:0.000078s ]
INFO: [ app_begin ] --START--
INFO: Run Behavior\ReadHtmlCacheBehavior [ RunTime:0.000425s ]
INFO: Run Behavior\CheckLangBehavior [ RunTime:0.000319s ]
INFO: [ app_begin ] --END-- [ RunTime:0.000820s ]
INFO: [ action_begin ] --START--
INFO: Run Behavior\CheckAuthBehavior [ RunTime:0.000896s ]
INFO: [ action_begin ] --END-- [ RunTime:0.000953s ]
INFO: [ view_parse ] --START--
INFO: [ template_filter ] --START--
INFO: Run Behavior\ContentReplaceBehavior [ RunTime:0.000054s ]
INFO: [ template_filter ] --END-- [ RunTime:0.000126s ]
INFO: Run Behavior\ParseTemplateBehavior [ RunTime:0.010409s ]
INFO: [ view_parse ] --END-- [ RunTime:0.010482s ]
INFO: [ view_filter ] --START--
INFO: Run Behavior\WriteHtmlCacheBehavior [ RunTime:0.000144s ]
INFO: Run Behavior\TokenBuildBehavior [ RunTime:0.000322s ]
INFO: [ view_filter ] --END-- [ RunTime:0.000555s ]
INFO: [ app_end ] --START--
INFO: Run Behavior\ShowPageTraceBehavior [ RunTime:0.000356s ]
INFO: [ app_end ] --END-- [ RunTime:0.000386s ]

[ 2019-02-05T15:03:53+08:00 ] 58.61.38.181 /manager/html
INFO: [ app_init ] --START--
INFO: Run Behavior\BuildLiteBehavior [ RunTime:0.000011s ]
INFO: [ app_init ] --END-- [ RunTime:0.000048s ]
INFO: [ app_begin ] --START--
INFO: Run Behavior\ReadHtmlCacheBehavior [ RunTime:0.000454s ]
INFO: Run Behavior\CheckLangBehavior [ RunTime:0.000384s ]
INFO: [ app_begin ] --END-- [ RunTime:0.000918s ]
INFO: [ action_begin ] --START--
INFO: Run Behavior\CheckAuthBehavior [ RunTime:0.000858s ]
INFO: [ action_begin ] --END-- [ RunTime:0.000912s ]
ERR: 模板不存在:./Application/Home/View/view4/Index/sls.html

[ 2019-02-05T16:27:46+08:00 ] 91.215.45.36 /
INFO: [ app_init ] --START--
INFO: Run Behavior\BuildLiteBehavior [ RunTime:0.000009s ]
INFO: [ app_init ] --END-- [ RunTime:0.000051s ]
INFO: [ app_begin ] --START--
INFO: Run Behavior\ReadHtmlCacheBehavior [ RunTime:0.000344s ]
INFO: Run Behavior\CheckLangBehavior [ RunTime:0.000311s ]
INFO: [ app_begin ] --END-- [ RunTime:0.000719s ]
INFO: [ action_begin ] --START--
INFO: Run Behavior\CheckAuthBehavior [ RunTime:0.000970s ]
INFO: [ action_begin ] --END-- [ RunTime:0.001016s ]
INFO: [ view_parse ] --START--
INFO: [ template_filter ] --START--
INFO: Run Behavior\ContentReplaceBehavior [ RunTime:0.000052s ]
INFO: [ template_filter ] --END-- [ RunTime:0.000099s ]
INFO: Run Behavior\ParseTemplateBehavior [ RunTime:0.009622s ]
INFO: [ view_parse ] --END-- [ RunTime:0.009674s ]
INFO: [ view_filter ] --START--
INFO: Run Behavior\WriteHtmlCacheBehavior [ RunTime:0.000126s ]
INFO: Run Behavior\TokenBuildBehavior [ RunTime:0.000296s ]
INFO: [ view_filter ] --END-- [ RunTime:0.000471s ]
INFO: [ app_end ] --START--
INFO: Run Behavior\ShowPageTraceBehavior [ RunTime:0.000465s ]
INFO: [ app_end ] --END-- [ RunTime:0.000495s ]

[ 2019-02-05T16:33:59+08:00 ] 168.205.224.14 /
INFO: [ app_init ] --START--
INFO: Run Behavior\BuildLiteBehavior [ RunTime:0.000011s ]
INFO: [ app_init ] --END-- [ RunTime:0.000058s ]
INFO: [ app_begin ] --START--
INFO: Run Behavior\ReadHtmlCacheBehavior [ RunTime:0.000338s ]
INFO: Run Behavior\CheckLangBehavior [ RunTime:0.000351s ]
INFO: [ app_begin ] --END-- [ RunTime:0.000795s ]
INFO: [ action_begin ] --START--
INFO: Run Behavior\CheckAuthBehavior [ RunTime:0.000831s ]
INFO: [ action_begin ] --END-- [ RunTime:0.000884s ]
INFO: [ view_parse ] --START--
INFO: [ template_filter ] --START--
INFO: Run Behavior\ContentReplaceBehavior [ RunTime:0.000069s ]
INFO: [ template_filter ] --END-- [ RunTime:0.000130s ]
INFO: Run Behavior\ParseTemplateBehavior [ RunTime:0.010604s ]
INFO: [ view_parse ] --END-- [ RunTime:0.010655s ]
INFO: [ view_filter ] --START--
INFO: Run Behavior\WriteHtmlCacheBehavior [ RunTime:0.000120s ]
INFO: Run Behavior\TokenBuildBehavior [ RunTime:0.000307s ]
INFO: [ view_filter ] --END-- [ RunTime:0.000474s ]
INFO: [ app_end ] --START--
INFO: Run Behavior\ShowPageTraceBehavior [ RunTime:0.000421s ]
INFO: [ app_end ] --END-- [ RunTime:0.000455s ]

[ 2019-02-05T17:57:51+08:00 ] 192.210.198.178 /
INFO: [ app_init ] --START--
INFO: Run Behavior\BuildLiteBehavior [ RunTime:0.000010s ]
INFO: [ app_init ] --END-- [ RunTime:0.000047s ]
INFO: [ app_begin ] --START--
INFO: Run Behavior\ReadHtmlCacheBehavior [ RunTime:0.000314s ]
INFO: Run Behavior\CheckLangBehavior [ RunTime:0.000355s ]
INFO: [ app_begin ] --END-- [ RunTime:0.000722s ]
INFO: [ action_begin ] --START--
INFO: Run Behavior\CheckAuthBehavior [ RunTime:0.000986s ]
INFO: [ action_begin ] --END-- [ RunTime:0.001045s ]
INFO: [ view_parse ] --START--
INFO: [ template_filter ] --START--
INFO: Run Behavior\ContentReplaceBehavior [ RunTime:0.000066s ]
INFO: [ template_filter ] --END-- [ RunTime:0.000125s ]
INFO: Run Behavior\ParseTemplateBehavior [ RunTime:0.010875s ]
INFO: [ view_parse ] --END-- [ RunTime:0.010919s ]
INFO: [ view_filter ] --START--
INFO: Run Behavior\WriteHtmlCacheBehavior [ RunTime:0.000234s ]
INFO: Run Behavior\TokenBuildBehavior [ RunTime:0.000320s ]
INFO: [ view_filter ] --END-- [ RunTime:0.000616s ]
INFO: [ app_end ] --START--
INFO: Run Behavior\ShowPageTraceBehavior [ RunTime:0.000370s ]
INFO: [ app_end ] --END-- [ RunTime:0.000400s ]

[ 2019-02-05T17:57:52+08:00 ] 192.210.198.178 /HNAP1/
INFO: [ app_init ] --START--
INFO: Run Behavior\BuildLiteBehavior [ RunTime:0.000010s ]
INFO: [ app_init ] --END-- [ RunTime:0.000050s ]
INFO: [ app_begin ] --START--
INFO: Run Behavior\ReadHtmlCacheBehavior [ RunTime:0.000324s ]
INFO: Run Behavior\CheckLangBehavior [ RunTime:0.000307s ]
INFO: [ app_begin ] --END-- [ RunTime:0.000686s ]
INFO: [ action_begin ] --START--
INFO: Run Behavior\CheckAuthBehavior [ RunTime:0.000758s ]
INFO: [ action_begin ] --END-- [ RunTime:0.000813s ]
ERR: 模板不存在:./Application/Home/View/view4/Index/sls.html

[ 2019-02-05T18:56:05+08:00 ] 89.210.78.212 /
INFO: [ app_init ] --START--
INFO: Run Behavior\BuildLiteBehavior [ RunTime:0.000010s ]
INFO: [ app_init ] --END-- [ RunTime:0.000048s ]
INFO: [ app_begin ] --START--
INFO: Run Behavior\ReadHtmlCacheBehavior [ RunTime:0.000316s ]
INFO: Run Behavior\CheckLangBehavior [ RunTime:0.000354s ]
INFO: [ app_begin ] --END-- [ RunTime:0.000779s ]
INFO: [ action_begin ] --START--
INFO: Run Behavior\CheckAuthBehavior [ RunTime:0.000850s ]
INFO: [ action_begin ] --END-- [ RunTime:0.000907s ]
INFO: [ view_parse ] --START--
INFO: [ template_filter ] --START--
INFO: Run Behavior\ContentReplaceBehavior [ RunTime:0.000073s ]
INFO: [ template_filter ] --END-- [ RunTime:0.000145s ]
INFO: Run Behavior\ParseTemplateBehavior [ RunTime:0.012736s ]
INFO: [ view_parse ] --END-- [ RunTime:0.012792s ]
INFO: [ view_filter ] --START--
INFO: Run Behavior\WriteHtmlCacheBehavior [ RunTime:0.000173s ]
INFO: Run Behavior\TokenBuildBehavior [ RunTime:0.000396s ]
INFO: [ view_filter ] --END-- [ RunTime:0.000632s ]
INFO: [ app_end ] --START--
INFO: Run Behavior\ShowPageTraceBehavior [ RunTime:0.000344s ]
INFO: [ app_end ] --END-- [ RunTime:0.000375s ]

