[ 2019-03-29T20:40:40+08:00 ] 127.0.0.1 /
INFO: [ app_init ] --START--
INFO: Run Behavior\BuildLiteBehavior [ RunTime:0.000011s ]
INFO: [ app_init ] --END-- [ RunTime:0.000050s ]
INFO: [ app_begin ] --START--
INFO: Run Behavior\ReadHtmlCacheBehavior [ RunTime:0.001280s ]
INFO: Run Behavior\CheckLangBehavior [ RunTime:0.002389s ]
INFO: [ app_begin ] --END-- [ RunTime:0.003748s ]
INFO: [ action_begin ] --START--
INFO: Run Behavior\CheckAuthBehavior [ RunTime:0.006057s ]
INFO: [ action_begin ] --END-- [ RunTime:0.006113s ]
ERR: 1146:Table 'demo_1704.pay_template' doesn't exist
 [ SQL语句 ] : SHOW COLUMNS FROM `pay_template`
ERR: 1146:Table 'demo_1704.pay_template' doesn't exist
 [ SQL语句 ] : SELECT `theme` FROM `pay_template` WHERE `is_default` = 1 LIMIT 1  
ERR: 1146:Table 'demo_1704.pay_websiteconfig' doesn't exist
 [ SQL语句 ] : SHOW COLUMNS FROM `pay_websiteconfig`
ERR: 1146:Table 'demo_1704.pay_websiteconfig' doesn't exist
 [ SQL语句 ] : SELECT * FROM `pay_websiteconfig` LIMIT 1  
ERR: 模板不存在:./Application/Home/View/defalut/Index/index.html

[ 2019-03-29T20:40:58+08:00 ] 127.0.0.1 /
INFO: [ app_init ] --START--
INFO: Run Behavior\BuildLiteBehavior [ RunTime:0.000009s ]
INFO: [ app_init ] --END-- [ RunTime:0.000055s ]
INFO: [ app_begin ] --START--
INFO: Run Behavior\ReadHtmlCacheBehavior [ RunTime:0.000677s ]
INFO: Run Behavior\CheckLangBehavior [ RunTime:0.001473s ]
INFO: [ app_begin ] --END-- [ RunTime:0.002222s ]
INFO: [ action_begin ] --START--
INFO: Run Behavior\CheckAuthBehavior [ RunTime:0.002546s ]
INFO: [ action_begin ] --END-- [ RunTime:0.002592s ]
ERR: 1146:Table 'demo_1704.pay_template' doesn't exist
 [ SQL语句 ] : SHOW COLUMNS FROM `pay_template`
ERR: 1146:Table 'demo_1704.pay_template' doesn't exist
 [ SQL语句 ] : SELECT `theme` FROM `pay_template` WHERE `is_default` = 1 LIMIT 1  
ERR: 1146:Table 'demo_1704.pay_websiteconfig' doesn't exist
 [ SQL语句 ] : SHOW COLUMNS FROM `pay_websiteconfig`
ERR: 1146:Table 'demo_1704.pay_websiteconfig' doesn't exist
 [ SQL语句 ] : SELECT * FROM `pay_websiteconfig` LIMIT 1  
ERR: 模板不存在:./Application/Home/View/defalut/Index/index.html

[ 2019-03-29T20:40:58+08:00 ] 127.0.0.1 /
INFO: [ app_init ] --START--
INFO: Run Behavior\BuildLiteBehavior [ RunTime:0.000009s ]
INFO: [ app_init ] --END-- [ RunTime:0.000046s ]
INFO: [ app_begin ] --START--
INFO: Run Behavior\ReadHtmlCacheBehavior [ RunTime:0.001313s ]
INFO: Run Behavior\CheckLangBehavior [ RunTime:0.001585s ]
INFO: [ app_begin ] --END-- [ RunTime:0.003047s ]
INFO: [ action_begin ] --START--
INFO: Run Behavior\CheckAuthBehavior [ RunTime:0.001774s ]
INFO: [ action_begin ] --END-- [ RunTime:0.001820s ]
ERR: 1146:Table 'demo_1704.pay_template' doesn't exist
 [ SQL语句 ] : SHOW COLUMNS FROM `pay_template`
ERR: 1146:Table 'demo_1704.pay_template' doesn't exist
 [ SQL语句 ] : SELECT `theme` FROM `pay_template` WHERE `is_default` = 1 LIMIT 1  
ERR: 1146:Table 'demo_1704.pay_websiteconfig' doesn't exist
 [ SQL语句 ] : SHOW COLUMNS FROM `pay_websiteconfig`
ERR: 1146:Table 'demo_1704.pay_websiteconfig' doesn't exist
 [ SQL语句 ] : SELECT * FROM `pay_websiteconfig` LIMIT 1  
ERR: 模板不存在:./Application/Home/View/defalut/Index/index.html

[ 2019-03-29T20:40:58+08:00 ] 127.0.0.1 /
INFO: [ app_init ] --START--
INFO: Run Behavior\BuildLiteBehavior [ RunTime:0.000009s ]
INFO: [ app_init ] --END-- [ RunTime:0.000045s ]
INFO: [ app_begin ] --START--
INFO: Run Behavior\ReadHtmlCacheBehavior [ RunTime:0.000651s ]
INFO: Run Behavior\CheckLangBehavior [ RunTime:0.001130s ]
INFO: [ app_begin ] --END-- [ RunTime:0.001862s ]
INFO: [ action_begin ] --START--
INFO: Run Behavior\CheckAuthBehavior [ RunTime:0.002678s ]
INFO: [ action_begin ] --END-- [ RunTime:0.002726s ]
ERR: 1146:Table 'demo_1704.pay_template' doesn't exist
 [ SQL语句 ] : SHOW COLUMNS FROM `pay_template`
ERR: 1146:Table 'demo_1704.pay_template' doesn't exist
 [ SQL语句 ] : SELECT `theme` FROM `pay_template` WHERE `is_default` = 1 LIMIT 1  
ERR: 1146:Table 'demo_1704.pay_websiteconfig' doesn't exist
 [ SQL语句 ] : SHOW COLUMNS FROM `pay_websiteconfig`
ERR: 1146:Table 'demo_1704.pay_websiteconfig' doesn't exist
 [ SQL语句 ] : SELECT * FROM `pay_websiteconfig` LIMIT 1  
ERR: 模板不存在:./Application/Home/View/defalut/Index/index.html

[ 2019-03-29T20:41:11+08:00 ] 127.0.0.1 /Public/New/plugins/vendors/perfect-scrollbar/css/perfect-scrollbar.css
INFO: [ app_init ] --START--
INFO: Run Behavior\BuildLiteBehavior [ RunTime:0.000010s ]
INFO: [ app_init ] --END-- [ RunTime:0.000049s ]
INFO: [ app_begin ] --START--
INFO: Run Behavior\ReadHtmlCacheBehavior [ RunTime:0.000597s ]
INFO: Run Behavior\CheckLangBehavior [ RunTime:0.001116s ]
INFO: [ app_begin ] --END-- [ RunTime:0.001778s ]
INFO: [ action_begin ] --START--
INFO: Run Behavior\CheckAuthBehavior [ RunTime:0.002027s ]
INFO: [ action_begin ] --END-- [ RunTime:0.002068s ]
ERR: 1146:Table 'demo_1704.pay_template' doesn't exist
 [ SQL语句 ] : SHOW COLUMNS FROM `pay_template`
ERR: 1146:Table 'demo_1704.pay_template' doesn't exist
 [ SQL语句 ] : SELECT `theme` FROM `pay_template` WHERE `is_default` = 1 LIMIT 1  
ERR: 1146:Table 'demo_1704.pay_websiteconfig' doesn't exist
 [ SQL语句 ] : SHOW COLUMNS FROM `pay_websiteconfig`
ERR: 1146:Table 'demo_1704.pay_websiteconfig' doesn't exist
 [ SQL语句 ] : SELECT * FROM `pay_websiteconfig` LIMIT 1  
ERR: 模板不存在:./Application/Home/View/defalut/Index/sls.html

[ 2019-03-29T20:41:12+08:00 ] 127.0.0.1 /Public/Front/js/layer/skin/layer.css
INFO: [ app_init ] --START--
INFO: Run Behavior\BuildLiteBehavior [ RunTime:0.000018s ]
INFO: [ app_init ] --END-- [ RunTime:0.000059s ]
INFO: [ app_begin ] --START--
INFO: Run Behavior\ReadHtmlCacheBehavior [ RunTime:0.000679s ]
INFO: Run Behavior\CheckLangBehavior [ RunTime:0.001205s ]
INFO: [ app_begin ] --END-- [ RunTime:0.001963s ]
INFO: [ action_begin ] --START--
INFO: Run Behavior\CheckAuthBehavior [ RunTime:0.004790s ]
INFO: [ action_begin ] --END-- [ RunTime:0.004871s ]
ERR: 1146:Table 'demo_1704.pay_template' doesn't exist
 [ SQL语句 ] : SHOW COLUMNS FROM `pay_template`
ERR: 1146:Table 'demo_1704.pay_template' doesn't exist
 [ SQL语句 ] : SELECT `theme` FROM `pay_template` WHERE `is_default` = 1 LIMIT 1  
ERR: 1146:Table 'demo_1704.pay_websiteconfig' doesn't exist
 [ SQL语句 ] : SHOW COLUMNS FROM `pay_websiteconfig`
ERR: 1146:Table 'demo_1704.pay_websiteconfig' doesn't exist
 [ SQL语句 ] : SELECT * FROM `pay_websiteconfig` LIMIT 1  
ERR: 模板不存在:./Application/Home/View/defalut/Index/sls.html

[ 2019-03-29T20:41:12+08:00 ] 127.0.0.1 /Public/New/assets/css/images/page-bg.jpg
INFO: [ app_init ] --START--
INFO: Run Behavior\BuildLiteBehavior [ RunTime:0.000011s ]
INFO: [ app_init ] --END-- [ RunTime:0.000053s ]

[ 2019-03-29T20:43:56+08:00 ] 127.0.0.1 /Home_Index_document.html
INFO: [ app_init ] --START--
INFO: Run Behavior\BuildLiteBehavior [ RunTime:0.000007s ]
INFO: [ app_init ] --END-- [ RunTime:0.000040s ]
INFO: [ app_begin ] --START--
INFO: Run Behavior\ReadHtmlCacheBehavior [ RunTime:0.000852s ]
INFO: Run Behavior\CheckLangBehavior [ RunTime:0.001473s ]
INFO: [ app_begin ] --END-- [ RunTime:0.002398s ]
INFO: [ action_begin ] --START--
INFO: Run Behavior\CheckAuthBehavior [ RunTime:0.002823s ]
INFO: [ action_begin ] --END-- [ RunTime:0.002892s ]
INFO: [ view_parse ] --START--
INFO: [ template_filter ] --START--
INFO: Run Behavior\ContentReplaceBehavior [ RunTime:0.000154s ]
INFO: [ template_filter ] --END-- [ RunTime:0.000212s ]
INFO: Run Behavior\ParseTemplateBehavior [ RunTime:0.015525s ]
INFO: [ view_parse ] --END-- [ RunTime:0.015565s ]
INFO: [ view_filter ] --START--
INFO: Run Behavior\WriteHtmlCacheBehavior [ RunTime:0.000683s ]
INFO: Run Behavior\TokenBuildBehavior [ RunTime:0.001976s ]
INFO: [ view_filter ] --END-- [ RunTime:0.002721s ]
INFO: [ app_end ] --START--
INFO: Run Behavior\ShowPageTraceBehavior [ RunTime:0.001051s ]
INFO: [ app_end ] --END-- [ RunTime:0.001107s ]

[ 2019-03-29T20:43:56+08:00 ] 127.0.0.1 /Public/theme/view4/fonts/001c2a3c2156433db429add067f0cc81.woff
INFO: [ app_init ] --START--
INFO: Run Behavior\BuildLiteBehavior [ RunTime:0.000010s ]
INFO: [ app_init ] --END-- [ RunTime:0.000052s ]
INFO: [ app_begin ] --START--
INFO: Run Behavior\ReadHtmlCacheBehavior [ RunTime:0.000711s ]
INFO: Run Behavior\CheckLangBehavior [ RunTime:0.001353s ]
INFO: [ app_begin ] --END-- [ RunTime:0.002136s ]
INFO: [ action_begin ] --START--
INFO: Run Behavior\CheckAuthBehavior [ RunTime:0.003618s ]
INFO: [ action_begin ] --END-- [ RunTime:0.003685s ]
ERR: 模板不存在:./Application/Home/View/view4/Index/sls.html

[ 2019-03-29T21:10:04+08:00 ] 127.0.0.1 /
INFO: [ app_init ] --START--
INFO: Run Behavior\BuildLiteBehavior [ RunTime:0.000008s ]
INFO: [ app_init ] --END-- [ RunTime:0.000042s ]
INFO: [ app_begin ] --START--
INFO: Run Behavior\ReadHtmlCacheBehavior [ RunTime:0.000944s ]
INFO: Run Behavior\CheckLangBehavior [ RunTime:0.001120s ]
INFO: [ app_begin ] --END-- [ RunTime:0.002147s ]
INFO: [ action_begin ] --START--
INFO: Run Behavior\CheckAuthBehavior [ RunTime:0.002408s ]
INFO: [ action_begin ] --END-- [ RunTime:0.002454s ]
INFO: [ view_parse ] --START--
INFO: [ template_filter ] --START--
INFO: Run Behavior\ContentReplaceBehavior [ RunTime:0.000067s ]
INFO: [ template_filter ] --END-- [ RunTime:0.000103s ]
INFO: Run Behavior\ParseTemplateBehavior [ RunTime:0.010825s ]
INFO: [ view_parse ] --END-- [ RunTime:0.010869s ]
INFO: [ view_filter ] --START--
INFO: Run Behavior\WriteHtmlCacheBehavior [ RunTime:0.000620s ]
INFO: Run Behavior\TokenBuildBehavior [ RunTime:0.001719s ]
INFO: [ view_filter ] --END-- [ RunTime:0.002387s ]
INFO: [ app_end ] --START--
INFO: Run Behavior\ShowPageTraceBehavior [ RunTime:0.000872s ]
INFO: [ app_end ] --END-- [ RunTime:0.000910s ]

[ 2019-03-29T21:10:04+08:00 ] 127.0.0.1 /Public/theme/view4/fonts/001c2a3c2156433db429add067f0cc81.woff
INFO: [ app_init ] --START--
INFO: Run Behavior\BuildLiteBehavior [ RunTime:0.000009s ]
INFO: [ app_init ] --END-- [ RunTime:0.000048s ]
INFO: [ app_begin ] --START--
INFO: Run Behavior\ReadHtmlCacheBehavior [ RunTime:0.000679s ]
INFO: Run Behavior\CheckLangBehavior [ RunTime:0.001519s ]
INFO: [ app_begin ] --END-- [ RunTime:0.002351s ]
INFO: [ action_begin ] --START--
INFO: Run Behavior\CheckAuthBehavior [ RunTime:0.002174s ]
INFO: [ action_begin ] --END-- [ RunTime:0.002241s ]
ERR: 模板不存在:./Application/Home/View/view4/Index/sls.html

[ 2019-03-29T21:10:11+08:00 ] 127.0.0.1 /Home_Index_userLogin.html
INFO: [ app_init ] --START--
INFO: Run Behavior\BuildLiteBehavior [ RunTime:0.000010s ]
INFO: [ app_init ] --END-- [ RunTime:0.000065s ]
INFO: [ app_begin ] --START--
INFO: Run Behavior\ReadHtmlCacheBehavior [ RunTime:0.000680s ]
INFO: Run Behavior\CheckLangBehavior [ RunTime:0.001140s ]
INFO: [ app_begin ] --END-- [ RunTime:0.001892s ]
INFO: [ action_begin ] --START--
INFO: Run Behavior\CheckAuthBehavior [ RunTime:0.001927s ]
INFO: [ action_begin ] --END-- [ RunTime:0.001990s ]
INFO: [ view_parse ] --START--
INFO: [ template_filter ] --START--
INFO: Run Behavior\ContentReplaceBehavior [ RunTime:0.000040s ]
INFO: [ template_filter ] --END-- [ RunTime:0.000077s ]
NOTIC: [8] Undefined variable: siteurl D:\phpstudy\PHPTutorial\WWW\demo3\Runtime\Cache\Home\4f8b91a79d48d43fb5e63bc50ba14126.php 第 15 行.
INFO: Run Behavior\ParseTemplateBehavior [ RunTime:0.007384s ]
INFO: [ view_parse ] --END-- [ RunTime:0.007420s ]
INFO: [ view_filter ] --START--
INFO: Run Behavior\WriteHtmlCacheBehavior [ RunTime:0.000591s ]
INFO: Run Behavior\TokenBuildBehavior [ RunTime:0.000970s ]
INFO: [ view_filter ] --END-- [ RunTime:0.001611s ]
INFO: [ app_end ] --START--
INFO: Run Behavior\ShowPageTraceBehavior [ RunTime:0.000936s ]
INFO: [ app_end ] --END-- [ RunTime:0.000966s ]

[ 2019-03-29T21:10:11+08:00 ] 127.0.0.1 /Public/theme/view4/images/tr7.png
INFO: [ app_init ] --START--
INFO: Run Behavior\BuildLiteBehavior [ RunTime:0.000010s ]
INFO: [ app_init ] --END-- [ RunTime:0.000052s ]

[ 2019-03-29T21:10:11+08:00 ] 127.0.0.1 /Public/theme/view4/js/skin/layer.css
INFO: [ app_init ] --START--
INFO: Run Behavior\BuildLiteBehavior [ RunTime:0.000021s ]
INFO: [ app_init ] --END-- [ RunTime:0.000063s ]
INFO: [ app_begin ] --START--
INFO: Run Behavior\ReadHtmlCacheBehavior [ RunTime:0.000558s ]
INFO: Run Behavior\CheckLangBehavior [ RunTime:0.002533s ]
INFO: [ app_begin ] --END-- [ RunTime:0.003168s ]
INFO: [ action_begin ] --START--
INFO: Run Behavior\CheckAuthBehavior [ RunTime:0.001692s ]
INFO: [ action_begin ] --END-- [ RunTime:0.001731s ]
ERR: 模板不存在:./Application/Home/View/view4/Index/sls.html

[ 2019-03-29T21:10:12+08:00 ] 127.0.0.1 /Public/theme/view4/fonts/001c2a3c2156433db429add067f0cc81.woff
INFO: [ app_init ] --START--
INFO: Run Behavior\BuildLiteBehavior [ RunTime:0.000008s ]
INFO: [ app_init ] --END-- [ RunTime:0.000042s ]
INFO: [ app_begin ] --START--
INFO: Run Behavior\ReadHtmlCacheBehavior [ RunTime:0.000734s ]
INFO: Run Behavior\CheckLangBehavior [ RunTime:0.001309s ]
INFO: [ app_begin ] --END-- [ RunTime:0.002119s ]
INFO: [ action_begin ] --START--
INFO: Run Behavior\CheckAuthBehavior [ RunTime:0.002185s ]
INFO: [ action_begin ] --END-- [ RunTime:0.002254s ]
ERR: 模板不存在:./Application/Home/View/view4/Index/sls.html

[ 2019-03-29T21:10:34+08:00 ] 127.0.0.1 /Public/theme/view4/fonts/001c2a3c2156433db429add067f0cc81.woff
INFO: [ app_init ] --START--
INFO: Run Behavior\BuildLiteBehavior [ RunTime:0.000009s ]
INFO: [ app_init ] --END-- [ RunTime:0.000051s ]
INFO: [ app_begin ] --START--
INFO: Run Behavior\ReadHtmlCacheBehavior [ RunTime:0.000707s ]
INFO: Run Behavior\CheckLangBehavior [ RunTime:0.001338s ]
INFO: [ app_begin ] --END-- [ RunTime:0.002140s ]
INFO: [ action_begin ] --START--
INFO: Run Behavior\CheckAuthBehavior [ RunTime:0.002569s ]
INFO: [ action_begin ] --END-- [ RunTime:0.002646s ]
ERR: 模板不存在:./Application/Home/View/view4/Index/sls.html

[ 2019-03-29T21:10:39+08:00 ] 127.0.0.1 /Home_Index_document.html
INFO: [ app_init ] --START--
INFO: Run Behavior\BuildLiteBehavior [ RunTime:0.000008s ]
INFO: [ app_init ] --END-- [ RunTime:0.000040s ]
INFO: [ app_begin ] --START--
INFO: Run Behavior\ReadHtmlCacheBehavior [ RunTime:0.000940s ]
INFO: Run Behavior\CheckLangBehavior [ RunTime:0.001356s ]
INFO: [ app_begin ] --END-- [ RunTime:0.002396s ]
INFO: [ action_begin ] --START--
INFO: Run Behavior\CheckAuthBehavior [ RunTime:0.002765s ]
INFO: [ action_begin ] --END-- [ RunTime:0.002819s ]
INFO: [ view_parse ] --START--
INFO: [ template_filter ] --START--
INFO: Run Behavior\ContentReplaceBehavior [ RunTime:0.000108s ]
INFO: [ template_filter ] --END-- [ RunTime:0.000148s ]
INFO: Run Behavior\ParseTemplateBehavior [ RunTime:0.012770s ]
INFO: [ view_parse ] --END-- [ RunTime:0.012814s ]
INFO: [ view_filter ] --START--
INFO: Run Behavior\WriteHtmlCacheBehavior [ RunTime:0.000698s ]
INFO: Run Behavior\TokenBuildBehavior [ RunTime:0.001836s ]
INFO: [ view_filter ] --END-- [ RunTime:0.002593s ]
INFO: [ app_end ] --START--
INFO: Run Behavior\ShowPageTraceBehavior [ RunTime:0.001654s ]
INFO: [ app_end ] --END-- [ RunTime:0.001695s ]

[ 2019-03-29T21:10:39+08:00 ] 127.0.0.1 /Public/theme/view4/fonts/001c2a3c2156433db429add067f0cc81.woff
INFO: [ app_init ] --START--
INFO: Run Behavior\BuildLiteBehavior [ RunTime:0.000009s ]
INFO: [ app_init ] --END-- [ RunTime:0.000048s ]
INFO: [ app_begin ] --START--
INFO: Run Behavior\ReadHtmlCacheBehavior [ RunTime:0.000776s ]
INFO: Run Behavior\CheckLangBehavior [ RunTime:0.001408s ]
INFO: [ app_begin ] --END-- [ RunTime:0.002264s ]
INFO: [ action_begin ] --START--
INFO: Run Behavior\CheckAuthBehavior [ RunTime:0.002425s ]
INFO: [ action_begin ] --END-- [ RunTime:0.002478s ]
ERR: 模板不存在:./Application/Home/View/view4/Index/sls.html

