[ 2019-10-10T15:23:36+08:00 ] 127.0.0.1 /
INFO: [ app_init ] --START--
INFO: Run Behavior\BuildLiteBehavior [ RunTime:0.000016s ]
INFO: [ app_init ] --END-- [ RunTime:0.000468s ]
INFO: [ app_begin ] --START--
INFO: Run Behavior\ReadHtmlCacheBehavior [ RunTime:0.001076s ]
INFO: Run Behavior\CheckLangBehavior [ RunTime:0.003947s ]
INFO: [ app_begin ] --END-- [ RunTime:0.005105s ]
INFO: [ action_begin ] --START--

[ 2019-10-10T15:23:40+08:00 ] 127.0.0.1 /
INFO: [ app_init ] --START--
INFO: Run Behavior\BuildLiteBehavior [ RunTime:0.000011s ]
INFO: [ app_init ] --END-- [ RunTime:0.000049s ]
INFO: [ app_begin ] --START--
INFO: Run Behavior\ReadHtmlCacheBehavior [ RunTime:0.000720s ]
INFO: Run Behavior\CheckLangBehavior [ RunTime:0.001220s ]
INFO: [ app_begin ] --END-- [ RunTime:0.002002s ]
INFO: [ action_begin ] --START--

[ 2019-10-10T15:24:05+08:00 ] 127.0.0.1 /
INFO: [ app_init ] --START--
INFO: Run Behavior\BuildLiteBehavior [ RunTime:0.000009s ]
INFO: [ app_init ] --END-- [ RunTime:0.000531s ]
INFO: [ app_begin ] --START--
INFO: Run Behavior\ReadHtmlCacheBehavior [ RunTime:0.000707s ]
INFO: Run Behavior\CheckLangBehavior [ RunTime:0.001330s ]
INFO: [ app_begin ] --END-- [ RunTime:0.002097s ]
ERR: SQLSTATE[HY000] [1049] Unknown database 'demo_1704_bak'

[ 2019-10-10T15:24:06+08:00 ] 127.0.0.1 /
INFO: [ app_init ] --START--
INFO: Run Behavior\BuildLiteBehavior [ RunTime:0.000010s ]
INFO: [ app_init ] --END-- [ RunTime:0.000084s ]
INFO: [ app_begin ] --START--
INFO: Run Behavior\ReadHtmlCacheBehavior [ RunTime:0.000678s ]
INFO: Run Behavior\CheckLangBehavior [ RunTime:0.001187s ]
INFO: [ app_begin ] --END-- [ RunTime:0.001929s ]
ERR: SQLSTATE[HY000] [1049] Unknown database 'demo_1704_bak'

[ 2019-10-10T15:25:42+08:00 ] 127.0.0.1 /
INFO: [ app_init ] --START--
INFO: Run Behavior\BuildLiteBehavior [ RunTime:0.000009s ]
INFO: [ app_init ] --END-- [ RunTime:0.000053s ]
INFO: [ app_begin ] --START--
INFO: Run Behavior\ReadHtmlCacheBehavior [ RunTime:0.002351s ]
INFO: Run Behavior\CheckLangBehavior [ RunTime:0.002791s ]
INFO: [ app_begin ] --END-- [ RunTime:0.005220s ]
SQL: SHOW COLUMNS FROM `pay_template` [ RunTime:0.0070s ]
SQL: SELECT `theme` FROM `pay_template` WHERE `is_default` = 1 LIMIT 1   [ RunTime:0.0002s ]
SQL: SHOW COLUMNS FROM `pay_websiteconfig` [ RunTime:0.0062s ]
SQL: SELECT * FROM `pay_websiteconfig` LIMIT 1   [ RunTime:0.0003s ]
INFO: [ view_parse ] --START--
INFO: [ template_filter ] --START--
INFO: Run Behavior\ContentReplaceBehavior [ RunTime:0.000066s ]
INFO: [ template_filter ] --END-- [ RunTime:0.000102s ]
INFO: Run Behavior\ParseTemplateBehavior [ RunTime:0.027400s ]
INFO: [ view_parse ] --END-- [ RunTime:0.027450s ]
INFO: [ view_filter ] --START--
INFO: Run Behavior\WriteHtmlCacheBehavior [ RunTime:0.002041s ]
INFO: Run Behavior\TokenBuildBehavior [ RunTime:0.002557s ]
INFO: [ view_filter ] --END-- [ RunTime:0.004673s ]
INFO: [ app_end ] --START--
INFO: Run Behavior\ShowPageTraceBehavior [ RunTime:0.002682s ]
INFO: [ app_end ] --END-- [ RunTime:0.002728s ]

[ 2019-10-10T15:25:42+08:00 ] 127.0.0.1 /Public/theme/view4/fonts/001c2a3c2156433db429add067f0cc81.woff
INFO: [ app_init ] --START--
INFO: Run Behavior\BuildLiteBehavior [ RunTime:0.000015s ]
INFO: [ app_init ] --END-- [ RunTime:0.000091s ]
INFO: [ app_begin ] --START--
INFO: Run Behavior\ReadHtmlCacheBehavior [ RunTime:0.001703s ]
INFO: Run Behavior\CheckLangBehavior [ RunTime:0.003834s ]
INFO: [ app_begin ] --END-- [ RunTime:0.005627s ]
SQL: SHOW COLUMNS FROM `pay_template` [ RunTime:0.0061s ]
SQL: SELECT `theme` FROM `pay_template` WHERE `is_default` = 1 LIMIT 1   [ RunTime:0.0002s ]
SQL: SHOW COLUMNS FROM `pay_websiteconfig` [ RunTime:0.0070s ]
SQL: SELECT * FROM `pay_websiteconfig` LIMIT 1   [ RunTime:0.0004s ]
ERR: 模板不存在:./Application/Home/View/view4/Index/sls.html

[ 2019-10-10T15:25:44+08:00 ] 127.0.0.1 /Home_Index_userLogin.html
INFO: [ app_init ] --START--
INFO: Run Behavior\BuildLiteBehavior [ RunTime:0.000010s ]
INFO: [ app_init ] --END-- [ RunTime:0.000049s ]
INFO: [ app_begin ] --START--
INFO: Run Behavior\ReadHtmlCacheBehavior [ RunTime:0.002068s ]
INFO: Run Behavior\CheckLangBehavior [ RunTime:0.002830s ]
INFO: [ app_begin ] --END-- [ RunTime:0.004981s ]
SQL: SHOW COLUMNS FROM `pay_template` [ RunTime:0.0058s ]
SQL: SELECT `theme` FROM `pay_template` WHERE `is_default` = 1 LIMIT 1   [ RunTime:0.0002s ]
SQL: SHOW COLUMNS FROM `pay_websiteconfig` [ RunTime:0.0062s ]
SQL: SELECT * FROM `pay_websiteconfig` LIMIT 1   [ RunTime:0.0002s ]
INFO: [ view_parse ] --START--
INFO: [ template_filter ] --START--
INFO: Run Behavior\ContentReplaceBehavior [ RunTime:0.000040s ]
INFO: [ template_filter ] --END-- [ RunTime:0.000079s ]
NOTIC: [8] Undefined variable: siteurl D:\phpstudy\PHPTutorial\WWW\demo2\Runtime\Cache\Home\4f8b91a79d48d43fb5e63bc50ba14126.php 第 15 行.
INFO: Run Behavior\ParseTemplateBehavior [ RunTime:0.012403s ]
INFO: [ view_parse ] --END-- [ RunTime:0.012440s ]
INFO: [ view_filter ] --START--
INFO: Run Behavior\WriteHtmlCacheBehavior [ RunTime:0.001690s ]
INFO: Run Behavior\TokenBuildBehavior [ RunTime:0.001804s ]
INFO: [ view_filter ] --END-- [ RunTime:0.003543s ]
INFO: [ app_end ] --START--
INFO: Run Behavior\ShowPageTraceBehavior [ RunTime:0.001700s ]
INFO: [ app_end ] --END-- [ RunTime:0.001726s ]

[ 2019-10-10T15:25:44+08:00 ] 127.0.0.1 /Public/theme/view4/fonts/001c2a3c2156433db429add067f0cc81.woff
INFO: [ app_init ] --START--
INFO: Run Behavior\BuildLiteBehavior [ RunTime:0.000010s ]
INFO: [ app_init ] --END-- [ RunTime:0.000059s ]
INFO: [ app_begin ] --START--
INFO: Run Behavior\ReadHtmlCacheBehavior [ RunTime:0.001512s ]
INFO: Run Behavior\CheckLangBehavior [ RunTime:0.003964s ]
INFO: [ app_begin ] --END-- [ RunTime:0.005552s ]
SQL: SHOW COLUMNS FROM `pay_template` [ RunTime:0.0054s ]
SQL: SELECT `theme` FROM `pay_template` WHERE `is_default` = 1 LIMIT 1   [ RunTime:0.0002s ]
SQL: SHOW COLUMNS FROM `pay_websiteconfig` [ RunTime:0.0056s ]
SQL: SELECT * FROM `pay_websiteconfig` LIMIT 1   [ RunTime:0.0002s ]
ERR: 模板不存在:./Application/Home/View/view4/Index/sls.html

[ 2019-10-10T15:25:45+08:00 ] 127.0.0.1 /Public/theme/view4/js/skin/layer.css
INFO: [ app_init ] --START--
INFO: Run Behavior\BuildLiteBehavior [ RunTime:0.000009s ]
INFO: [ app_init ] --END-- [ RunTime:0.000047s ]
INFO: [ app_begin ] --START--
INFO: Run Behavior\ReadHtmlCacheBehavior [ RunTime:0.002258s ]
INFO: Run Behavior\CheckLangBehavior [ RunTime:0.002983s ]
INFO: [ app_begin ] --END-- [ RunTime:0.005313s ]
SQL: SHOW COLUMNS FROM `pay_template` [ RunTime:0.0057s ]
SQL: SELECT `theme` FROM `pay_template` WHERE `is_default` = 1 LIMIT 1   [ RunTime:0.0004s ]
SQL: SHOW COLUMNS FROM `pay_websiteconfig` [ RunTime:0.0067s ]
SQL: SELECT * FROM `pay_websiteconfig` LIMIT 1   [ RunTime:0.0003s ]
ERR: 模板不存在:./Application/Home/View/view4/Index/sls.html

[ 2019-10-10T15:25:56+08:00 ] 127.0.0.1 /Public/New/plugins/vendors/perfect-scrollbar/css/perfect-scrollbar.css
INFO: [ app_init ] --START--
INFO: Run Behavior\BuildLiteBehavior [ RunTime:0.000010s ]
INFO: [ app_init ] --END-- [ RunTime:0.000052s ]
INFO: [ app_begin ] --START--
INFO: Run Behavior\ReadHtmlCacheBehavior [ RunTime:0.007637s ]
INFO: Run Behavior\CheckLangBehavior [ RunTime:0.002746s ]
INFO: [ app_begin ] --END-- [ RunTime:0.010468s ]
SQL: SHOW COLUMNS FROM `pay_template` [ RunTime:0.0068s ]
SQL: SELECT `theme` FROM `pay_template` WHERE `is_default` = 1 LIMIT 1   [ RunTime:0.0003s ]
SQL: SHOW COLUMNS FROM `pay_websiteconfig` [ RunTime:0.0064s ]
SQL: SELECT * FROM `pay_websiteconfig` LIMIT 1   [ RunTime:0.0003s ]
ERR: 模板不存在:./Application/Home/View/view4/Index/sls.html

[ 2019-10-10T15:25:56+08:00 ] 127.0.0.1 /Public/Front/js/layer/skin/layer.css
INFO: [ app_init ] --START--
INFO: Run Behavior\BuildLiteBehavior [ RunTime:0.000009s ]
INFO: [ app_init ] --END-- [ RunTime:0.000050s ]
INFO: [ app_begin ] --START--
INFO: Run Behavior\ReadHtmlCacheBehavior [ RunTime:0.001384s ]
INFO: Run Behavior\CheckLangBehavior [ RunTime:0.002436s ]
INFO: [ app_begin ] --END-- [ RunTime:0.003901s ]
SQL: SHOW COLUMNS FROM `pay_template` [ RunTime:0.0067s ]
SQL: SELECT `theme` FROM `pay_template` WHERE `is_default` = 1 LIMIT 1   [ RunTime:0.0004s ]
SQL: SHOW COLUMNS FROM `pay_websiteconfig` [ RunTime:0.0075s ]
SQL: SELECT * FROM `pay_websiteconfig` LIMIT 1   [ RunTime:0.0003s ]
ERR: 模板不存在:./Application/Home/View/view4/Index/sls.html

[ 2019-10-10T15:27:40+08:00 ] 127.0.0.1 /
INFO: [ app_init ] --START--
INFO: Run Behavior\BuildLiteBehavior [ RunTime:0.000009s ]
INFO: [ app_init ] --END-- [ RunTime:0.000046s ]
INFO: [ app_begin ] --START--
INFO: Run Behavior\ReadHtmlCacheBehavior [ RunTime:0.000836s ]
INFO: Run Behavior\CheckLangBehavior [ RunTime:0.001643s ]
INFO: [ app_begin ] --END-- [ RunTime:0.002591s ]
SQL: SHOW COLUMNS FROM `pay_template` [ RunTime:0.0058s ]
SQL: SELECT `theme` FROM `pay_template` WHERE `is_default` = 1 LIMIT 1   [ RunTime:0.0002s ]
SQL: SHOW COLUMNS FROM `pay_websiteconfig` [ RunTime:0.0064s ]
SQL: SELECT * FROM `pay_websiteconfig` LIMIT 1   [ RunTime:0.0002s ]
INFO: [ view_parse ] --START--
INFO: [ template_filter ] --START--
INFO: Run Behavior\ContentReplaceBehavior [ RunTime:0.000085s ]
INFO: [ template_filter ] --END-- [ RunTime:0.000126s ]
INFO: Run Behavior\ParseTemplateBehavior [ RunTime:0.017618s ]
INFO: [ view_parse ] --END-- [ RunTime:0.017654s ]
INFO: [ view_filter ] --START--
INFO: Run Behavior\WriteHtmlCacheBehavior [ RunTime:0.000826s ]
INFO: Run Behavior\TokenBuildBehavior [ RunTime:0.001753s ]
INFO: [ view_filter ] --END-- [ RunTime:0.002658s ]
INFO: [ app_end ] --START--
INFO: Run Behavior\ShowPageTraceBehavior [ RunTime:0.001408s ]
INFO: [ app_end ] --END-- [ RunTime:0.001454s ]

[ 2019-10-10T15:27:41+08:00 ] 127.0.0.1 /Public/theme/view4/fonts/001c2a3c2156433db429add067f0cc81.woff
INFO: [ app_init ] --START--
INFO: Run Behavior\BuildLiteBehavior [ RunTime:0.000010s ]
INFO: [ app_init ] --END-- [ RunTime:0.000055s ]
INFO: [ app_begin ] --START--
INFO: Run Behavior\ReadHtmlCacheBehavior [ RunTime:0.000912s ]
INFO: Run Behavior\CheckLangBehavior [ RunTime:0.003199s ]
INFO: [ app_begin ] --END-- [ RunTime:0.004213s ]
SQL: SHOW COLUMNS FROM `pay_template` [ RunTime:0.0070s ]
SQL: SELECT `theme` FROM `pay_template` WHERE `is_default` = 1 LIMIT 1   [ RunTime:0.0003s ]
SQL: SHOW COLUMNS FROM `pay_websiteconfig` [ RunTime:0.0093s ]
SQL: SELECT * FROM `pay_websiteconfig` LIMIT 1   [ RunTime:0.0003s ]
ERR: 模板不存在:./Application/Home/View/view4/Index/sls.html

[ 2019-10-10T15:31:51+08:00 ] 127.0.0.1 /
INFO: [ app_init ] --START--
INFO: Run Behavior\BuildLiteBehavior [ RunTime:0.000009s ]
INFO: [ app_init ] --END-- [ RunTime:0.000043s ]
INFO: [ app_begin ] --START--
INFO: Run Behavior\ReadHtmlCacheBehavior [ RunTime:0.001065s ]
INFO: Run Behavior\CheckLangBehavior [ RunTime:0.002180s ]
INFO: [ app_begin ] --END-- [ RunTime:0.003331s ]
SQL: SHOW COLUMNS FROM `pay_template` [ RunTime:0.0060s ]
SQL: SELECT `theme` FROM `pay_template` WHERE `is_default` = 1 LIMIT 1   [ RunTime:0.0002s ]
SQL: SHOW COLUMNS FROM `pay_websiteconfig` [ RunTime:0.0075s ]
SQL: SELECT * FROM `pay_websiteconfig` LIMIT 1   [ RunTime:0.0003s ]
INFO: [ view_parse ] --START--
INFO: [ template_filter ] --START--
INFO: Run Behavior\ContentReplaceBehavior [ RunTime:0.000078s ]
INFO: [ template_filter ] --END-- [ RunTime:0.000114s ]
INFO: Run Behavior\ParseTemplateBehavior [ RunTime:0.010426s ]
INFO: [ view_parse ] --END-- [ RunTime:0.010464s ]
INFO: [ view_filter ] --START--
INFO: Run Behavior\WriteHtmlCacheBehavior [ RunTime:0.000606s ]
INFO: Run Behavior\TokenBuildBehavior [ RunTime:0.001274s ]
INFO: [ view_filter ] --END-- [ RunTime:0.001923s ]
INFO: [ app_end ] --START--
INFO: Run Behavior\ShowPageTraceBehavior [ RunTime:0.000900s ]
INFO: [ app_end ] --END-- [ RunTime:0.000930s ]

[ 2019-10-10T15:31:51+08:00 ] 127.0.0.1 /Public/theme/view4/fonts/001c2a3c2156433db429add067f0cc81.woff
INFO: [ app_init ] --START--
INFO: Run Behavior\BuildLiteBehavior [ RunTime:0.000011s ]
INFO: [ app_init ] --END-- [ RunTime:0.000055s ]
INFO: [ app_begin ] --START--
INFO: Run Behavior\ReadHtmlCacheBehavior [ RunTime:0.000936s ]
INFO: Run Behavior\CheckLangBehavior [ RunTime:0.002105s ]
INFO: [ app_begin ] --END-- [ RunTime:0.003169s ]
SQL: SHOW COLUMNS FROM `pay_template` [ RunTime:0.0091s ]
SQL: SELECT `theme` FROM `pay_template` WHERE `is_default` = 1 LIMIT 1   [ RunTime:0.0002s ]
SQL: SHOW COLUMNS FROM `pay_websiteconfig` [ RunTime:0.0060s ]
SQL: SELECT * FROM `pay_websiteconfig` LIMIT 1   [ RunTime:0.0003s ]
ERR: 模板不存在:./Application/Home/View/view4/Index/sls.html

[ 2019-10-10T15:31:53+08:00 ] 127.0.0.1 /Home_Index_userLogin.html
INFO: [ app_init ] --START--
INFO: Run Behavior\BuildLiteBehavior [ RunTime:0.000010s ]
INFO: [ app_init ] --END-- [ RunTime:0.000050s ]
INFO: [ app_begin ] --START--
INFO: Run Behavior\ReadHtmlCacheBehavior [ RunTime:0.000780s ]
INFO: Run Behavior\CheckLangBehavior [ RunTime:0.001380s ]
INFO: [ app_begin ] --END-- [ RunTime:0.002244s ]
SQL: SHOW COLUMNS FROM `pay_template` [ RunTime:0.0062s ]
SQL: SELECT `theme` FROM `pay_template` WHERE `is_default` = 1 LIMIT 1   [ RunTime:0.0002s ]
SQL: SHOW COLUMNS FROM `pay_websiteconfig` [ RunTime:0.0059s ]
SQL: SELECT * FROM `pay_websiteconfig` LIMIT 1   [ RunTime:0.0003s ]
INFO: [ view_parse ] --START--
INFO: [ template_filter ] --START--
INFO: Run Behavior\ContentReplaceBehavior [ RunTime:0.000040s ]
INFO: [ template_filter ] --END-- [ RunTime:0.000075s ]
NOTIC: [8] Undefined variable: siteurl D:\phpstudy\PHPTutorial\WWW\demo2\Runtime\Cache\Home\4f8b91a79d48d43fb5e63bc50ba14126.php 第 15 行.
INFO: Run Behavior\ParseTemplateBehavior [ RunTime:0.007924s ]
INFO: [ view_parse ] --END-- [ RunTime:0.007989s ]
INFO: [ view_filter ] --START--
INFO: Run Behavior\WriteHtmlCacheBehavior [ RunTime:0.000732s ]
INFO: Run Behavior\TokenBuildBehavior [ RunTime:0.000878s ]
INFO: [ view_filter ] --END-- [ RunTime:0.001669s ]
INFO: [ app_end ] --START--
INFO: Run Behavior\ShowPageTraceBehavior [ RunTime:0.000693s ]
INFO: [ app_end ] --END-- [ RunTime:0.000725s ]

[ 2019-10-10T15:31:53+08:00 ] 127.0.0.1 /Public/theme/view4/fonts/001c2a3c2156433db429add067f0cc81.woff
INFO: [ app_init ] --START--
INFO: Run Behavior\BuildLiteBehavior [ RunTime:0.000011s ]
INFO: [ app_init ] --END-- [ RunTime:0.000056s ]
INFO: [ app_begin ] --START--
INFO: Run Behavior\ReadHtmlCacheBehavior [ RunTime:0.000974s ]
INFO: Run Behavior\CheckLangBehavior [ RunTime:0.002770s ]
INFO: [ app_begin ] --END-- [ RunTime:0.003832s ]
SQL: SHOW COLUMNS FROM `pay_template` [ RunTime:0.0073s ]
SQL: SELECT `theme` FROM `pay_template` WHERE `is_default` = 1 LIMIT 1   [ RunTime:0.0002s ]
SQL: SHOW COLUMNS FROM `pay_websiteconfig` [ RunTime:0.0074s ]
SQL: SELECT * FROM `pay_websiteconfig` LIMIT 1   [ RunTime:0.0003s ]
ERR: 模板不存在:./Application/Home/View/view4/Index/sls.html

[ 2019-10-10T15:31:53+08:00 ] 127.0.0.1 /Public/theme/view4/js/skin/layer.css
INFO: [ app_init ] --START--
INFO: Run Behavior\BuildLiteBehavior [ RunTime:0.000009s ]
INFO: [ app_init ] --END-- [ RunTime:0.000050s ]
INFO: [ app_begin ] --START--
INFO: Run Behavior\ReadHtmlCacheBehavior [ RunTime:0.000986s ]
INFO: Run Behavior\CheckLangBehavior [ RunTime:0.001648s ]
INFO: [ app_begin ] --END-- [ RunTime:0.002707s ]
SQL: SHOW COLUMNS FROM `pay_template` [ RunTime:0.0061s ]
SQL: SELECT `theme` FROM `pay_template` WHERE `is_default` = 1 LIMIT 1   [ RunTime:0.0002s ]
SQL: SHOW COLUMNS FROM `pay_websiteconfig` [ RunTime:0.0072s ]
SQL: SELECT * FROM `pay_websiteconfig` LIMIT 1   [ RunTime:0.0003s ]
ERR: 模板不存在:./Application/Home/View/view4/Index/sls.html

[ 2019-10-10T15:32:11+08:00 ] 127.0.0.1 /Home_Index_userLogin.html
INFO: [ app_init ] --START--
INFO: Run Behavior\BuildLiteBehavior [ RunTime:0.000010s ]
INFO: [ app_init ] --END-- [ RunTime:0.000065s ]
INFO: [ app_begin ] --START--
INFO: Run Behavior\ReadHtmlCacheBehavior [ RunTime:0.000767s ]
INFO: Run Behavior\CheckLangBehavior [ RunTime:0.001462s ]
INFO: [ app_begin ] --END-- [ RunTime:0.002296s ]
SQL: SHOW COLUMNS FROM `pay_template` [ RunTime:0.0059s ]
SQL: SELECT `theme` FROM `pay_template` WHERE `is_default` = 1 LIMIT 1   [ RunTime:0.0002s ]
SQL: SHOW COLUMNS FROM `pay_websiteconfig` [ RunTime:0.0066s ]
SQL: SELECT * FROM `pay_websiteconfig` LIMIT 1   [ RunTime:0.0003s ]
INFO: [ view_parse ] --START--
INFO: [ template_filter ] --START--
INFO: Run Behavior\ContentReplaceBehavior [ RunTime:0.000046s ]
INFO: [ template_filter ] --END-- [ RunTime:0.000083s ]
NOTIC: [8] Undefined variable: siteurl D:\phpstudy\PHPTutorial\WWW\demo2\Runtime\Cache\Home\4f8b91a79d48d43fb5e63bc50ba14126.php 第 15 行.
INFO: Run Behavior\ParseTemplateBehavior [ RunTime:0.014104s ]
INFO: [ view_parse ] --END-- [ RunTime:0.014139s ]
INFO: [ view_filter ] --START--
INFO: Run Behavior\WriteHtmlCacheBehavior [ RunTime:0.000544s ]
INFO: Run Behavior\TokenBuildBehavior [ RunTime:0.001023s ]
INFO: [ view_filter ] --END-- [ RunTime:0.001619s ]
INFO: [ app_end ] --START--
INFO: Run Behavior\ShowPageTraceBehavior [ RunTime:0.000641s ]
INFO: [ app_end ] --END-- [ RunTime:0.000668s ]

[ 2019-10-10T15:32:11+08:00 ] 127.0.0.1 /Public/theme/view4/js/skin/layer.css
INFO: [ app_init ] --START--
INFO: Run Behavior\BuildLiteBehavior [ RunTime:0.000018s ]
INFO: [ app_init ] --END-- [ RunTime:0.000075s ]
INFO: [ app_begin ] --START--
INFO: Run Behavior\ReadHtmlCacheBehavior [ RunTime:0.000719s ]
INFO: Run Behavior\CheckLangBehavior [ RunTime:0.002353s ]
INFO: [ app_begin ] --END-- [ RunTime:0.003169s ]
SQL: SHOW COLUMNS FROM `pay_template` [ RunTime:0.0067s ]
SQL: SELECT `theme` FROM `pay_template` WHERE `is_default` = 1 LIMIT 1   [ RunTime:0.0002s ]
SQL: SHOW COLUMNS FROM `pay_websiteconfig` [ RunTime:0.0072s ]
SQL: SELECT * FROM `pay_websiteconfig` LIMIT 1   [ RunTime:0.0006s ]
ERR: 模板不存在:./Application/Home/View/view4/Index/sls.html

[ 2019-10-10T15:32:12+08:00 ] 127.0.0.1 /Public/theme/view4/fonts/001c2a3c2156433db429add067f0cc81.woff
INFO: [ app_init ] --START--
INFO: Run Behavior\BuildLiteBehavior [ RunTime:0.000010s ]
INFO: [ app_init ] --END-- [ RunTime:0.000051s ]
INFO: [ app_begin ] --START--
INFO: Run Behavior\ReadHtmlCacheBehavior [ RunTime:0.000671s ]
INFO: Run Behavior\CheckLangBehavior [ RunTime:0.001115s ]
INFO: [ app_begin ] --END-- [ RunTime:0.001849s ]
SQL: SHOW COLUMNS FROM `pay_template` [ RunTime:0.0057s ]
SQL: SELECT `theme` FROM `pay_template` WHERE `is_default` = 1 LIMIT 1   [ RunTime:0.0002s ]
SQL: SHOW COLUMNS FROM `pay_websiteconfig` [ RunTime:0.0059s ]
SQL: SELECT * FROM `pay_websiteconfig` LIMIT 1   [ RunTime:0.0004s ]
ERR: 模板不存在:./Application/Home/View/view4/Index/sls.html

[ 2019-10-10T15:34:09+08:00 ] 127.0.0.1 /Home_Index_userLogin.html
INFO: [ app_init ] --START--
INFO: Run Behavior\BuildLiteBehavior [ RunTime:0.000009s ]
INFO: [ app_init ] --END-- [ RunTime:0.000048s ]
INFO: [ app_begin ] --START--
INFO: Run Behavior\ReadHtmlCacheBehavior [ RunTime:0.000667s ]
INFO: Run Behavior\CheckLangBehavior [ RunTime:0.001110s ]
INFO: [ app_begin ] --END-- [ RunTime:0.001836s ]
SQL: SHOW COLUMNS FROM `pay_template` [ RunTime:0.0061s ]
SQL: SELECT `theme` FROM `pay_template` WHERE `is_default` = 1 LIMIT 1   [ RunTime:0.0003s ]
SQL: SHOW COLUMNS FROM `pay_websiteconfig` [ RunTime:0.0064s ]
SQL: SELECT * FROM `pay_websiteconfig` LIMIT 1   [ RunTime:0.0003s ]
INFO: [ view_parse ] --START--
INFO: [ template_filter ] --START--
INFO: Run Behavior\ContentReplaceBehavior [ RunTime:0.000036s ]
INFO: [ template_filter ] --END-- [ RunTime:0.000071s ]
NOTIC: [8] Undefined variable: siteurl D:\phpstudy\PHPTutorial\WWW\demo2\Runtime\Cache\Home\4f8b91a79d48d43fb5e63bc50ba14126.php 第 15 行.
INFO: Run Behavior\ParseTemplateBehavior [ RunTime:0.007142s ]
INFO: [ view_parse ] --END-- [ RunTime:0.007176s ]
INFO: [ view_filter ] --START--
INFO: Run Behavior\WriteHtmlCacheBehavior [ RunTime:0.000484s ]
INFO: Run Behavior\TokenBuildBehavior [ RunTime:0.000790s ]
INFO: [ view_filter ] --END-- [ RunTime:0.001315s ]
INFO: [ app_end ] --START--
INFO: Run Behavior\ShowPageTraceBehavior [ RunTime:0.000737s ]
INFO: [ app_end ] --END-- [ RunTime:0.000765s ]

[ 2019-10-10T15:34:10+08:00 ] 127.0.0.1 /Public/theme/view4/js/skin/layer.css
INFO: [ app_init ] --START--
INFO: Run Behavior\BuildLiteBehavior [ RunTime:0.000009s ]
INFO: [ app_init ] --END-- [ RunTime:0.000048s ]
INFO: [ app_begin ] --START--
INFO: Run Behavior\ReadHtmlCacheBehavior [ RunTime:0.002997s ]
INFO: Run Behavior\CheckLangBehavior [ RunTime:0.001615s ]
INFO: [ app_begin ] --END-- [ RunTime:0.004729s ]
SQL: SHOW COLUMNS FROM `pay_template` [ RunTime:0.0095s ]
SQL: SELECT `theme` FROM `pay_template` WHERE `is_default` = 1 LIMIT 1   [ RunTime:0.0002s ]
SQL: SHOW COLUMNS FROM `pay_websiteconfig` [ RunTime:0.0058s ]
SQL: SELECT * FROM `pay_websiteconfig` LIMIT 1   [ RunTime:0.0002s ]
ERR: 模板不存在:./Application/Home/View/view4/Index/sls.html

[ 2019-10-10T15:34:10+08:00 ] 127.0.0.1 /Public/theme/view4/fonts/001c2a3c2156433db429add067f0cc81.woff
INFO: [ app_init ] --START--
INFO: Run Behavior\BuildLiteBehavior [ RunTime:0.000010s ]
INFO: [ app_init ] --END-- [ RunTime:0.000050s ]
INFO: [ app_begin ] --START--
INFO: Run Behavior\ReadHtmlCacheBehavior [ RunTime:0.000620s ]
INFO: Run Behavior\CheckLangBehavior [ RunTime:0.001056s ]
INFO: [ app_begin ] --END-- [ RunTime:0.001738s ]
SQL: SHOW COLUMNS FROM `pay_template` [ RunTime:0.0057s ]
SQL: SELECT `theme` FROM `pay_template` WHERE `is_default` = 1 LIMIT 1   [ RunTime:0.0002s ]
SQL: SHOW COLUMNS FROM `pay_websiteconfig` [ RunTime:0.0085s ]
SQL: SELECT * FROM `pay_websiteconfig` LIMIT 1   [ RunTime:0.0003s ]
ERR: 模板不存在:./Application/Home/View/view4/Index/sls.html

[ 2019-10-10T15:35:46+08:00 ] 127.0.0.1 /
INFO: [ app_init ] --START--
INFO: Run Behavior\BuildLiteBehavior [ RunTime:0.000009s ]
INFO: [ app_init ] --END-- [ RunTime:0.000045s ]
INFO: [ app_begin ] --START--
INFO: Run Behavior\ReadHtmlCacheBehavior [ RunTime:0.000640s ]
INFO: Run Behavior\CheckLangBehavior [ RunTime:0.001104s ]
INFO: [ app_begin ] --END-- [ RunTime:0.001836s ]
SQL: SHOW COLUMNS FROM `pay_template` [ RunTime:0.0057s ]
SQL: SELECT `theme` FROM `pay_template` WHERE `is_default` = 1 LIMIT 1   [ RunTime:0.0004s ]
SQL: SHOW COLUMNS FROM `pay_websiteconfig` [ RunTime:0.0075s ]
SQL: SELECT * FROM `pay_websiteconfig` LIMIT 1   [ RunTime:0.0002s ]
INFO: [ view_parse ] --START--
INFO: [ template_filter ] --START--
INFO: Run Behavior\ContentReplaceBehavior [ RunTime:0.000081s ]
INFO: [ template_filter ] --END-- [ RunTime:0.000118s ]
INFO: Run Behavior\ParseTemplateBehavior [ RunTime:0.009978s ]
INFO: [ view_parse ] --END-- [ RunTime:0.010017s ]
INFO: [ view_filter ] --START--
INFO: Run Behavior\WriteHtmlCacheBehavior [ RunTime:0.000408s ]
INFO: Run Behavior\TokenBuildBehavior [ RunTime:0.001010s ]
INFO: [ view_filter ] --END-- [ RunTime:0.001468s ]
INFO: [ app_end ] --START--
INFO: Run Behavior\ShowPageTraceBehavior [ RunTime:0.000611s ]
INFO: [ app_end ] --END-- [ RunTime:0.000643s ]

[ 2019-10-10T15:35:47+08:00 ] 127.0.0.1 /Public/theme/view4/fonts/001c2a3c2156433db429add067f0cc81.woff
INFO: [ app_init ] --START--
INFO: Run Behavior\BuildLiteBehavior [ RunTime:0.000010s ]
INFO: [ app_init ] --END-- [ RunTime:0.000054s ]
INFO: [ app_begin ] --START--
INFO: Run Behavior\ReadHtmlCacheBehavior [ RunTime:0.001732s ]
INFO: Run Behavior\CheckLangBehavior [ RunTime:0.001413s ]
INFO: [ app_begin ] --END-- [ RunTime:0.003348s ]
SQL: SHOW COLUMNS FROM `pay_template` [ RunTime:0.0069s ]
SQL: SELECT `theme` FROM `pay_template` WHERE `is_default` = 1 LIMIT 1   [ RunTime:0.0002s ]
SQL: SHOW COLUMNS FROM `pay_websiteconfig` [ RunTime:0.0058s ]
SQL: SELECT * FROM `pay_websiteconfig` LIMIT 1   [ RunTime:0.0003s ]
ERR: 模板不存在:./Application/Home/View/view4/Index/sls.html

[ 2019-10-10T15:35:48+08:00 ] 127.0.0.1 /Home_Index_userLogin.html
INFO: [ app_init ] --START--
INFO: Run Behavior\BuildLiteBehavior [ RunTime:0.000008s ]
INFO: [ app_init ] --END-- [ RunTime:0.000045s ]
INFO: [ app_begin ] --START--
INFO: Run Behavior\ReadHtmlCacheBehavior [ RunTime:0.000612s ]
INFO: Run Behavior\CheckLangBehavior [ RunTime:0.001125s ]
INFO: [ app_begin ] --END-- [ RunTime:0.001794s ]
SQL: SHOW COLUMNS FROM `pay_template` [ RunTime:0.0066s ]
SQL: SELECT `theme` FROM `pay_template` WHERE `is_default` = 1 LIMIT 1   [ RunTime:0.0002s ]
SQL: SHOW COLUMNS FROM `pay_websiteconfig` [ RunTime:0.0070s ]
SQL: SELECT * FROM `pay_websiteconfig` LIMIT 1   [ RunTime:0.0004s ]
INFO: [ view_parse ] --START--
INFO: [ template_filter ] --START--
INFO: Run Behavior\ContentReplaceBehavior [ RunTime:0.000039s ]
INFO: [ template_filter ] --END-- [ RunTime:0.000077s ]
NOTIC: [8] Undefined variable: siteurl D:\phpstudy\PHPTutorial\WWW\demo2\Runtime\Cache\Home\4f8b91a79d48d43fb5e63bc50ba14126.php 第 15 行.
INFO: Run Behavior\ParseTemplateBehavior [ RunTime:0.007179s ]
INFO: [ view_parse ] --END-- [ RunTime:0.007233s ]
INFO: [ view_filter ] --START--
INFO: Run Behavior\WriteHtmlCacheBehavior [ RunTime:0.000819s ]
INFO: Run Behavior\TokenBuildBehavior [ RunTime:0.000992s ]
INFO: [ view_filter ] --END-- [ RunTime:0.001874s ]
INFO: [ app_end ] --START--
INFO: Run Behavior\ShowPageTraceBehavior [ RunTime:0.000620s ]
INFO: [ app_end ] --END-- [ RunTime:0.000649s ]

[ 2019-10-10T15:35:48+08:00 ] 127.0.0.1 /Public/theme/view4/js/skin/layer.css
INFO: [ app_init ] --START--
INFO: Run Behavior\BuildLiteBehavior [ RunTime:0.000009s ]
INFO: [ app_init ] --END-- [ RunTime:0.000053s ]
INFO: [ app_begin ] --START--
INFO: Run Behavior\ReadHtmlCacheBehavior [ RunTime:0.000639s ]
INFO: Run Behavior\CheckLangBehavior [ RunTime:0.001151s ]
INFO: [ app_begin ] --END-- [ RunTime:0.001877s ]
SQL: SHOW COLUMNS FROM `pay_template` [ RunTime:0.0060s ]
SQL: SELECT `theme` FROM `pay_template` WHERE `is_default` = 1 LIMIT 1   [ RunTime:0.0002s ]
SQL: SHOW COLUMNS FROM `pay_websiteconfig` [ RunTime:0.0076s ]
SQL: SELECT * FROM `pay_websiteconfig` LIMIT 1   [ RunTime:0.0003s ]
ERR: 模板不存在:./Application/Home/View/view4/Index/sls.html

[ 2019-10-10T15:35:48+08:00 ] 127.0.0.1 /Public/theme/view4/fonts/001c2a3c2156433db429add067f0cc81.woff
INFO: [ app_init ] --START--
INFO: Run Behavior\BuildLiteBehavior [ RunTime:0.000015s ]
INFO: [ app_init ] --END-- [ RunTime:0.000059s ]
INFO: [ app_begin ] --START--
INFO: Run Behavior\ReadHtmlCacheBehavior [ RunTime:0.000604s ]
INFO: Run Behavior\CheckLangBehavior [ RunTime:0.001052s ]
INFO: [ app_begin ] --END-- [ RunTime:0.001717s ]
SQL: SHOW COLUMNS FROM `pay_template` [ RunTime:0.0058s ]
SQL: SELECT `theme` FROM `pay_template` WHERE `is_default` = 1 LIMIT 1   [ RunTime:0.0002s ]
SQL: SHOW COLUMNS FROM `pay_websiteconfig` [ RunTime:0.0059s ]
SQL: SELECT * FROM `pay_websiteconfig` LIMIT 1   [ RunTime:0.0003s ]
ERR: 模板不存在:./Application/Home/View/view4/Index/sls.html

