[ 2019-03-13T13:52:05+08:00 ] 127.0.0.1 /admin
INFO: [ app_init ] --START--
INFO: Run Behavior\BuildLiteBehavior [ RunTime:0.000010s ]
INFO: [ app_init ] --END-- [ RunTime:0.000064s ]
INFO: [ app_begin ] --START--
INFO: Run Behavior\ReadHtmlCacheBehavior [ RunTime:0.000797s ]
INFO: Run Behavior\CheckLangBehavior [ RunTime:0.002938s ]
INFO: [ app_begin ] --END-- [ RunTime:0.003833s ]
INFO: [ action_begin ] --START--
INFO: Run Behavior\CheckAuthBehavior [ RunTime:0.002397s ]
INFO: [ action_begin ] --END-- [ RunTime:0.002436s ]

[ 2019-03-13T13:52:05+08:00 ] 127.0.0.1 /admin_Login_index.html
INFO: [ app_init ] --START--
INFO: Run Behavior\BuildLiteBehavior [ RunTime:0.000012s ]
INFO: [ app_init ] --END-- [ RunTime:0.000047s ]
INFO: [ app_begin ] --START--
INFO: Run Behavior\ReadHtmlCacheBehavior [ RunTime:0.000705s ]
INFO: Run Behavior\CheckLangBehavior [ RunTime:0.001773s ]
INFO: [ app_begin ] --END-- [ RunTime:0.002564s ]
INFO: [ action_begin ] --START--
INFO: Run Behavior\CheckAuthBehavior [ RunTime:0.002331s ]
INFO: [ action_begin ] --END-- [ RunTime:0.002399s ]
INFO: [ view_parse ] --START--
INFO: [ template_filter ] --START--
INFO: Run Behavior\ContentReplaceBehavior [ RunTime:0.000048s ]
INFO: [ template_filter ] --END-- [ RunTime:0.000087s ]
NOTIC: [8] Undefined variable: verifycode D:\phpstudy\PHPTutorial\WWW\demo1\Runtime\Cache\Admin\32ec6c906c117a7c2bf504769276d87a.php 第 64 行.
INFO: Run Behavior\ParseTemplateBehavior [ RunTime:0.013530s ]
INFO: [ view_parse ] --END-- [ RunTime:0.013562s ]
INFO: [ view_filter ] --START--
INFO: Run Behavior\WriteHtmlCacheBehavior [ RunTime:0.000604s ]
INFO: Run Behavior\TokenBuildBehavior [ RunTime:0.002054s ]
INFO: [ view_filter ] --END-- [ RunTime:0.002720s ]
INFO: [ app_end ] --START--
INFO: Run Behavior\ShowPageTraceBehavior [ RunTime:0.001073s ]
INFO: [ app_end ] --END-- [ RunTime:0.001108s ]

[ 2019-03-13T13:52:15+08:00 ] 127.0.0.1 /Admin_Login_checkLogin.html
INFO: [ app_init ] --START--
INFO: Run Behavior\BuildLiteBehavior [ RunTime:0.000009s ]
INFO: [ app_init ] --END-- [ RunTime:0.000045s ]
INFO: [ app_begin ] --START--
INFO: Run Behavior\ReadHtmlCacheBehavior [ RunTime:0.000729s ]
INFO: Run Behavior\CheckLangBehavior [ RunTime:0.001251s ]
INFO: [ app_begin ] --END-- [ RunTime:0.002041s ]
INFO: [ action_begin ] --START--
INFO: Run Behavior\CheckAuthBehavior [ RunTime:0.002652s ]
INFO: [ action_begin ] --END-- [ RunTime:0.002700s ]

[ 2019-03-13T13:52:19+08:00 ] 127.0.0.1 /Admin_Login_checkLogin.html
INFO: [ app_init ] --START--
INFO: Run Behavior\BuildLiteBehavior [ RunTime:0.000011s ]
INFO: [ app_init ] --END-- [ RunTime:0.000048s ]
INFO: [ app_begin ] --START--
INFO: Run Behavior\ReadHtmlCacheBehavior [ RunTime:0.000649s ]
INFO: Run Behavior\CheckLangBehavior [ RunTime:0.001172s ]
INFO: [ app_begin ] --END-- [ RunTime:0.001880s ]
INFO: [ action_begin ] --START--
INFO: Run Behavior\CheckAuthBehavior [ RunTime:0.001771s ]
INFO: [ action_begin ] --END-- [ RunTime:0.001803s ]

[ 2019-03-13T13:52:24+08:00 ] 127.0.0.1 /Admin_Login_checkLogin.html
INFO: [ app_init ] --START--
INFO: Run Behavior\BuildLiteBehavior [ RunTime:0.000009s ]
INFO: [ app_init ] --END-- [ RunTime:0.000045s ]
INFO: [ app_begin ] --START--
INFO: Run Behavior\ReadHtmlCacheBehavior [ RunTime:0.000736s ]
INFO: Run Behavior\CheckLangBehavior [ RunTime:0.001575s ]
INFO: [ app_begin ] --END-- [ RunTime:0.002384s ]
INFO: [ action_begin ] --START--
INFO: Run Behavior\CheckAuthBehavior [ RunTime:0.002032s ]
INFO: [ action_begin ] --END-- [ RunTime:0.002078s ]

[ 2019-03-13T13:52:39+08:00 ] 127.0.0.1 /Admin_Login_checkLogin.html
INFO: [ app_init ] --START--
INFO: Run Behavior\BuildLiteBehavior [ RunTime:0.000008s ]
INFO: [ app_init ] --END-- [ RunTime:0.000057s ]
INFO: [ app_begin ] --START--
INFO: Run Behavior\ReadHtmlCacheBehavior [ RunTime:0.000693s ]
INFO: Run Behavior\CheckLangBehavior [ RunTime:0.001509s ]
INFO: [ app_begin ] --END-- [ RunTime:0.002262s ]
INFO: [ action_begin ] --START--
INFO: Run Behavior\CheckAuthBehavior [ RunTime:0.002836s ]
INFO: [ action_begin ] --END-- [ RunTime:0.002871s ]
NOTIC: [8] Undefined offset: 1 D:\phpstudy\PHPTutorial\WWW\demo1\Application\Admin\Controller\LoginController.class.php 第 110 行.
NOTIC: [8] Undefined offset: 2 D:\phpstudy\PHPTutorial\WWW\demo1\Application\Admin\Controller\LoginController.class.php 第 110 行.

[ 2019-03-13T13:52:40+08:00 ] 127.0.0.1 /admin_Index_index.html
INFO: [ app_init ] --START--
INFO: Run Behavior\BuildLiteBehavior [ RunTime:0.000024s ]
INFO: [ app_init ] --END-- [ RunTime:0.000054s ]
INFO: [ app_begin ] --START--
INFO: Run Behavior\ReadHtmlCacheBehavior [ RunTime:0.001410s ]
INFO: Run Behavior\CheckLangBehavior [ RunTime:0.002827s ]
INFO: [ app_begin ] --END-- [ RunTime:0.004336s ]
INFO: [ action_begin ] --START--
INFO: Run Behavior\CheckAuthBehavior [ RunTime:0.001932s ]
INFO: [ action_begin ] --END-- [ RunTime:0.001969s ]
INFO: [ view_parse ] --START--
INFO: [ template_filter ] --START--
INFO: Run Behavior\ContentReplaceBehavior [ RunTime:0.000045s ]
INFO: [ template_filter ] --END-- [ RunTime:0.000095s ]
NOTIC: [8] Use of undefined constant menu_name - assumed 'menu_name' D:\phpstudy\PHPTutorial\WWW\demo1\Runtime\Cache\Admin\b595b808c2ebeeeb0478ffc30bb4e87a.php 第 64 行.
NOTIC: [8] Use of undefined constant menu_name - assumed 'menu_name' D:\phpstudy\PHPTutorial\WWW\demo1\Runtime\Cache\Admin\b595b808c2ebeeeb0478ffc30bb4e87a.php 第 64 行.
NOTIC: [8] Use of undefined constant menu_name - assumed 'menu_name' D:\phpstudy\PHPTutorial\WWW\demo1\Runtime\Cache\Admin\b595b808c2ebeeeb0478ffc30bb4e87a.php 第 64 行.
NOTIC: [8] Use of undefined constant menu_name - assumed 'menu_name' D:\phpstudy\PHPTutorial\WWW\demo1\Runtime\Cache\Admin\b595b808c2ebeeeb0478ffc30bb4e87a.php 第 64 行.
NOTIC: [8] Use of undefined constant menu_name - assumed 'menu_name' D:\phpstudy\PHPTutorial\WWW\demo1\Runtime\Cache\Admin\b595b808c2ebeeeb0478ffc30bb4e87a.php 第 64 行.
NOTIC: [8] Use of undefined constant menu_name - assumed 'menu_name' D:\phpstudy\PHPTutorial\WWW\demo1\Runtime\Cache\Admin\b595b808c2ebeeeb0478ffc30bb4e87a.php 第 64 行.
NOTIC: [8] Use of undefined constant menu_name - assumed 'menu_name' D:\phpstudy\PHPTutorial\WWW\demo1\Runtime\Cache\Admin\b595b808c2ebeeeb0478ffc30bb4e87a.php 第 64 行.
NOTIC: [8] Use of undefined constant menu_name - assumed 'menu_name' D:\phpstudy\PHPTutorial\WWW\demo1\Runtime\Cache\Admin\b595b808c2ebeeeb0478ffc30bb4e87a.php 第 64 行.
NOTIC: [8] Use of undefined constant menu_name - assumed 'menu_name' D:\phpstudy\PHPTutorial\WWW\demo1\Runtime\Cache\Admin\b595b808c2ebeeeb0478ffc30bb4e87a.php 第 64 行.
NOTIC: [8] Use of undefined constant menu_name - assumed 'menu_name' D:\phpstudy\PHPTutorial\WWW\demo1\Runtime\Cache\Admin\b595b808c2ebeeeb0478ffc30bb4e87a.php 第 64 行.
NOTIC: [8] Use of undefined constant menu_name - assumed 'menu_name' D:\phpstudy\PHPTutorial\WWW\demo1\Runtime\Cache\Admin\b595b808c2ebeeeb0478ffc30bb4e87a.php 第 64 行.
NOTIC: [8] Use of undefined constant menu_name - assumed 'menu_name' D:\phpstudy\PHPTutorial\WWW\demo1\Runtime\Cache\Admin\b595b808c2ebeeeb0478ffc30bb4e87a.php 第 64 行.
NOTIC: [8] Use of undefined constant menu_name - assumed 'menu_name' D:\phpstudy\PHPTutorial\WWW\demo1\Runtime\Cache\Admin\b595b808c2ebeeeb0478ffc30bb4e87a.php 第 64 行.
NOTIC: [8] Use of undefined constant menu_name - assumed 'menu_name' D:\phpstudy\PHPTutorial\WWW\demo1\Runtime\Cache\Admin\b595b808c2ebeeeb0478ffc30bb4e87a.php 第 64 行.
NOTIC: [8] Use of undefined constant menu_name - assumed 'menu_name' D:\phpstudy\PHPTutorial\WWW\demo1\Runtime\Cache\Admin\b595b808c2ebeeeb0478ffc30bb4e87a.php 第 64 行.
NOTIC: [8] Use of undefined constant menu_name - assumed 'menu_name' D:\phpstudy\PHPTutorial\WWW\demo1\Runtime\Cache\Admin\b595b808c2ebeeeb0478ffc30bb4e87a.php 第 64 行.
NOTIC: [8] Use of undefined constant menu_name - assumed 'menu_name' D:\phpstudy\PHPTutorial\WWW\demo1\Runtime\Cache\Admin\b595b808c2ebeeeb0478ffc30bb4e87a.php 第 64 行.
NOTIC: [8] Use of undefined constant menu_name - assumed 'menu_name' D:\phpstudy\PHPTutorial\WWW\demo1\Runtime\Cache\Admin\b595b808c2ebeeeb0478ffc30bb4e87a.php 第 64 行.
NOTIC: [8] Use of undefined constant menu_name - assumed 'menu_name' D:\phpstudy\PHPTutorial\WWW\demo1\Runtime\Cache\Admin\b595b808c2ebeeeb0478ffc30bb4e87a.php 第 64 行.
NOTIC: [8] Use of undefined constant menu_name - assumed 'menu_name' D:\phpstudy\PHPTutorial\WWW\demo1\Runtime\Cache\Admin\b595b808c2ebeeeb0478ffc30bb4e87a.php 第 64 行.
NOTIC: [8] Use of undefined constant menu_name - assumed 'menu_name' D:\phpstudy\PHPTutorial\WWW\demo1\Runtime\Cache\Admin\b595b808c2ebeeeb0478ffc30bb4e87a.php 第 64 行.
NOTIC: [8] Use of undefined constant menu_name - assumed 'menu_name' D:\phpstudy\PHPTutorial\WWW\demo1\Runtime\Cache\Admin\b595b808c2ebeeeb0478ffc30bb4e87a.php 第 64 行.
NOTIC: [8] Use of undefined constant menu_name - assumed 'menu_name' D:\phpstudy\PHPTutorial\WWW\demo1\Runtime\Cache\Admin\b595b808c2ebeeeb0478ffc30bb4e87a.php 第 64 行.
NOTIC: [8] Use of undefined constant menu_name - assumed 'menu_name' D:\phpstudy\PHPTutorial\WWW\demo1\Runtime\Cache\Admin\b595b808c2ebeeeb0478ffc30bb4e87a.php 第 64 行.
NOTIC: [8] Use of undefined constant menu_name - assumed 'menu_name' D:\phpstudy\PHPTutorial\WWW\demo1\Runtime\Cache\Admin\b595b808c2ebeeeb0478ffc30bb4e87a.php 第 64 行.
NOTIC: [8] Use of undefined constant menu_name - assumed 'menu_name' D:\phpstudy\PHPTutorial\WWW\demo1\Runtime\Cache\Admin\b595b808c2ebeeeb0478ffc30bb4e87a.php 第 64 行.
NOTIC: [8] Use of undefined constant menu_name - assumed 'menu_name' D:\phpstudy\PHPTutorial\WWW\demo1\Runtime\Cache\Admin\b595b808c2ebeeeb0478ffc30bb4e87a.php 第 64 行.
NOTIC: [8] Use of undefined constant menu_name - assumed 'menu_name' D:\phpstudy\PHPTutorial\WWW\demo1\Runtime\Cache\Admin\b595b808c2ebeeeb0478ffc30bb4e87a.php 第 64 行.
NOTIC: [8] Use of undefined constant menu_name - assumed 'menu_name' D:\phpstudy\PHPTutorial\WWW\demo1\Runtime\Cache\Admin\b595b808c2ebeeeb0478ffc30bb4e87a.php 第 64 行.
NOTIC: [8] Use of undefined constant menu_name - assumed 'menu_name' D:\phpstudy\PHPTutorial\WWW\demo1\Runtime\Cache\Admin\b595b808c2ebeeeb0478ffc30bb4e87a.php 第 64 行.
NOTIC: [8] Use of undefined constant menu_name - assumed 'menu_name' D:\phpstudy\PHPTutorial\WWW\demo1\Runtime\Cache\Admin\b595b808c2ebeeeb0478ffc30bb4e87a.php 第 64 行.
NOTIC: [8] Use of undefined constant menu_name - assumed 'menu_name' D:\phpstudy\PHPTutorial\WWW\demo1\Runtime\Cache\Admin\b595b808c2ebeeeb0478ffc30bb4e87a.php 第 64 行.
NOTIC: [8] Use of undefined constant menu_name - assumed 'menu_name' D:\phpstudy\PHPTutorial\WWW\demo1\Runtime\Cache\Admin\b595b808c2ebeeeb0478ffc30bb4e87a.php 第 64 行.
NOTIC: [8] Use of undefined constant menu_name - assumed 'menu_name' D:\phpstudy\PHPTutorial\WWW\demo1\Runtime\Cache\Admin\b595b808c2ebeeeb0478ffc30bb4e87a.php 第 64 行.
NOTIC: [8] Use of undefined constant menu_name - assumed 'menu_name' D:\phpstudy\PHPTutorial\WWW\demo1\Runtime\Cache\Admin\b595b808c2ebeeeb0478ffc30bb4e87a.php 第 64 行.
NOTIC: [8] Use of undefined constant menu_name - assumed 'menu_name' D:\phpstudy\PHPTutorial\WWW\demo1\Runtime\Cache\Admin\b595b808c2ebeeeb0478ffc30bb4e87a.php 第 64 行.
NOTIC: [8] Use of undefined constant menu_name - assumed 'menu_name' D:\phpstudy\PHPTutorial\WWW\demo1\Runtime\Cache\Admin\b595b808c2ebeeeb0478ffc30bb4e87a.php 第 64 行.
NOTIC: [8] Use of undefined constant menu_name - assumed 'menu_name' D:\phpstudy\PHPTutorial\WWW\demo1\Runtime\Cache\Admin\b595b808c2ebeeeb0478ffc30bb4e87a.php 第 64 行.
NOTIC: [8] Use of undefined constant menu_name - assumed 'menu_name' D:\phpstudy\PHPTutorial\WWW\demo1\Runtime\Cache\Admin\b595b808c2ebeeeb0478ffc30bb4e87a.php 第 64 行.
NOTIC: [8] Use of undefined constant menu_name - assumed 'menu_name' D:\phpstudy\PHPTutorial\WWW\demo1\Runtime\Cache\Admin\b595b808c2ebeeeb0478ffc30bb4e87a.php 第 64 行.
NOTIC: [8] Use of undefined constant menu_name - assumed 'menu_name' D:\phpstudy\PHPTutorial\WWW\demo1\Runtime\Cache\Admin\b595b808c2ebeeeb0478ffc30bb4e87a.php 第 64 行.
NOTIC: [8] Use of undefined constant menu_name - assumed 'menu_name' D:\phpstudy\PHPTutorial\WWW\demo1\Runtime\Cache\Admin\b595b808c2ebeeeb0478ffc30bb4e87a.php 第 64 行.
NOTIC: [8] Use of undefined constant menu_name - assumed 'menu_name' D:\phpstudy\PHPTutorial\WWW\demo1\Runtime\Cache\Admin\b595b808c2ebeeeb0478ffc30bb4e87a.php 第 64 行.
NOTIC: [8] Use of undefined constant menu_name - assumed 'menu_name' D:\phpstudy\PHPTutorial\WWW\demo1\Runtime\Cache\Admin\b595b808c2ebeeeb0478ffc30bb4e87a.php 第 64 行.
NOTIC: [8] Use of undefined constant menu_name - assumed 'menu_name' D:\phpstudy\PHPTutorial\WWW\demo1\Runtime\Cache\Admin\b595b808c2ebeeeb0478ffc30bb4e87a.php 第 64 行.
INFO: Run Behavior\ParseTemplateBehavior [ RunTime:0.013633s ]
INFO: [ view_parse ] --END-- [ RunTime:0.013675s ]
INFO: [ view_filter ] --START--
INFO: Run Behavior\WriteHtmlCacheBehavior [ RunTime:0.000559s ]
INFO: Run Behavior\TokenBuildBehavior [ RunTime:0.001654s ]
INFO: [ view_filter ] --END-- [ RunTime:0.002317s ]
INFO: [ app_end ] --START--
INFO: Run Behavior\ShowPageTraceBehavior [ RunTime:0.000810s ]
INFO: [ app_end ] --END-- [ RunTime:0.000862s ]

[ 2019-03-13T13:52:40+08:00 ] 127.0.0.1 /admin_Index_main.html
INFO: [ app_init ] --START--
INFO: Run Behavior\BuildLiteBehavior [ RunTime:0.000009s ]
INFO: [ app_init ] --END-- [ RunTime:0.000044s ]
INFO: [ app_begin ] --START--
INFO: Run Behavior\ReadHtmlCacheBehavior [ RunTime:0.001029s ]
INFO: Run Behavior\CheckLangBehavior [ RunTime:0.004040s ]
INFO: [ app_begin ] --END-- [ RunTime:0.005167s ]
INFO: [ action_begin ] --START--
INFO: Run Behavior\CheckAuthBehavior [ RunTime:0.004917s ]
INFO: [ action_begin ] --END-- [ RunTime:0.004990s ]
INFO: [ view_parse ] --START--
INFO: [ template_filter ] --START--
INFO: Run Behavior\ContentReplaceBehavior [ RunTime:0.000033s ]
INFO: [ template_filter ] --END-- [ RunTime:0.000069s ]
INFO: Run Behavior\ParseTemplateBehavior [ RunTime:0.007639s ]
INFO: [ view_parse ] --END-- [ RunTime:0.007686s ]
INFO: [ view_filter ] --START--
INFO: Run Behavior\WriteHtmlCacheBehavior [ RunTime:0.000470s ]
INFO: Run Behavior\TokenBuildBehavior [ RunTime:0.000746s ]
INFO: [ view_filter ] --END-- [ RunTime:0.001268s ]
INFO: [ app_end ] --START--
INFO: Run Behavior\ShowPageTraceBehavior [ RunTime:0.000963s ]
INFO: [ app_end ] --END-- [ RunTime:0.001029s ]

[ 2019-03-13T13:52:50+08:00 ] 127.0.0.1 /admin_Withdrawal_checkNotice.html?_=1552456360395
INFO: [ app_init ] --START--
INFO: Run Behavior\BuildLiteBehavior [ RunTime:0.000009s ]
INFO: [ app_init ] --END-- [ RunTime:0.000042s ]
INFO: [ app_begin ] --START--
INFO: Run Behavior\ReadHtmlCacheBehavior [ RunTime:0.000705s ]
INFO: Run Behavior\CheckLangBehavior [ RunTime:0.001324s ]
INFO: [ app_begin ] --END-- [ RunTime:0.002093s ]
INFO: [ action_begin ] --START--
INFO: Run Behavior\CheckAuthBehavior [ RunTime:0.002821s ]
INFO: [ action_begin ] --END-- [ RunTime:0.002860s ]

[ 2019-03-13T13:53:00+08:00 ] 127.0.0.1 /admin_Withdrawal_checkNotice.html?_=1552456360396
INFO: [ app_init ] --START--
INFO: Run Behavior\BuildLiteBehavior [ RunTime:0.000010s ]
INFO: [ app_init ] --END-- [ RunTime:0.000049s ]
INFO: [ app_begin ] --START--
INFO: Run Behavior\ReadHtmlCacheBehavior [ RunTime:0.000728s ]
INFO: Run Behavior\CheckLangBehavior [ RunTime:0.001357s ]
INFO: [ app_begin ] --END-- [ RunTime:0.002148s ]
INFO: [ action_begin ] --START--
INFO: Run Behavior\CheckAuthBehavior [ RunTime:0.002253s ]
INFO: [ action_begin ] --END-- [ RunTime:0.002294s ]

[ 2019-03-13T13:53:10+08:00 ] 127.0.0.1 /admin_Withdrawal_checkNotice.html?_=1552456360397
INFO: [ app_init ] --START--
INFO: Run Behavior\BuildLiteBehavior [ RunTime:0.000008s ]
INFO: [ app_init ] --END-- [ RunTime:0.000055s ]
INFO: [ app_begin ] --START--
INFO: Run Behavior\ReadHtmlCacheBehavior [ RunTime:0.000578s ]
INFO: Run Behavior\CheckLangBehavior [ RunTime:0.001157s ]
INFO: [ app_begin ] --END-- [ RunTime:0.001787s ]
INFO: [ action_begin ] --START--
INFO: Run Behavior\CheckAuthBehavior [ RunTime:0.002012s ]
INFO: [ action_begin ] --END-- [ RunTime:0.002050s ]

[ 2019-03-13T13:53:20+08:00 ] 127.0.0.1 /admin_Withdrawal_checkNotice.html?_=1552456360398
INFO: [ app_init ] --START--
INFO: Run Behavior\BuildLiteBehavior [ RunTime:0.000008s ]
INFO: [ app_init ] --END-- [ RunTime:0.000040s ]
INFO: [ app_begin ] --START--
INFO: Run Behavior\ReadHtmlCacheBehavior [ RunTime:0.001326s ]
INFO: Run Behavior\CheckLangBehavior [ RunTime:0.003334s ]
INFO: [ app_begin ] --END-- [ RunTime:0.006856s ]
INFO: [ action_begin ] --START--
INFO: Run Behavior\CheckAuthBehavior [ RunTime:0.002089s ]
INFO: [ action_begin ] --END-- [ RunTime:0.002149s ]

[ 2019-03-13T13:53:30+08:00 ] 127.0.0.1 /admin_Withdrawal_checkNotice.html?_=1552456360399
INFO: [ app_init ] --START--
INFO: Run Behavior\BuildLiteBehavior [ RunTime:0.000009s ]
INFO: [ app_init ] --END-- [ RunTime:0.000040s ]
INFO: [ app_begin ] --START--
INFO: Run Behavior\ReadHtmlCacheBehavior [ RunTime:0.000649s ]
INFO: Run Behavior\CheckLangBehavior [ RunTime:0.001199s ]
INFO: [ app_begin ] --END-- [ RunTime:0.001910s ]
INFO: [ action_begin ] --START--
INFO: Run Behavior\CheckAuthBehavior [ RunTime:0.002834s ]
INFO: [ action_begin ] --END-- [ RunTime:0.002888s ]

[ 2019-03-13T13:53:40+08:00 ] 127.0.0.1 /admin_Withdrawal_checkNotice.html?_=1552456360400
INFO: [ app_init ] --START--
INFO: Run Behavior\BuildLiteBehavior [ RunTime:0.000009s ]
INFO: [ app_init ] --END-- [ RunTime:0.000044s ]
INFO: [ app_begin ] --START--
INFO: Run Behavior\ReadHtmlCacheBehavior [ RunTime:0.000649s ]
INFO: Run Behavior\CheckLangBehavior [ RunTime:0.001156s ]
INFO: [ app_begin ] --END-- [ RunTime:0.001869s ]
INFO: [ action_begin ] --START--
INFO: Run Behavior\CheckAuthBehavior [ RunTime:0.001950s ]
INFO: [ action_begin ] --END-- [ RunTime:0.002009s ]

[ 2019-03-13T13:53:50+08:00 ] 127.0.0.1 /admin_Withdrawal_checkNotice.html?_=1552456360401
INFO: [ app_init ] --START--
INFO: Run Behavior\BuildLiteBehavior [ RunTime:0.000008s ]
INFO: [ app_init ] --END-- [ RunTime:0.000060s ]
INFO: [ app_begin ] --START--
INFO: Run Behavior\ReadHtmlCacheBehavior [ RunTime:0.001013s ]
INFO: Run Behavior\CheckLangBehavior [ RunTime:0.001510s ]
INFO: [ app_begin ] --END-- [ RunTime:0.002616s ]
INFO: [ action_begin ] --START--
INFO: Run Behavior\CheckAuthBehavior [ RunTime:0.004599s ]
INFO: [ action_begin ] --END-- [ RunTime:0.004675s ]

[ 2019-03-13T13:54:00+08:00 ] 127.0.0.1 /admin_Withdrawal_checkNotice.html?_=1552456360402
INFO: [ app_init ] --START--
INFO: Run Behavior\BuildLiteBehavior [ RunTime:0.000010s ]
INFO: [ app_init ] --END-- [ RunTime:0.000080s ]
INFO: [ app_begin ] --START--
INFO: Run Behavior\ReadHtmlCacheBehavior [ RunTime:0.000668s ]
INFO: Run Behavior\CheckLangBehavior [ RunTime:0.001278s ]
INFO: [ app_begin ] --END-- [ RunTime:0.002000s ]
INFO: [ action_begin ] --START--
INFO: Run Behavior\CheckAuthBehavior [ RunTime:0.001892s ]
INFO: [ action_begin ] --END-- [ RunTime:0.001940s ]

[ 2019-03-13T13:54:10+08:00 ] 127.0.0.1 /admin_Withdrawal_checkNotice.html?_=1552456360403
INFO: [ app_init ] --START--
INFO: Run Behavior\BuildLiteBehavior [ RunTime:0.000008s ]
INFO: [ app_init ] --END-- [ RunTime:0.000040s ]
INFO: [ app_begin ] --START--
INFO: Run Behavior\ReadHtmlCacheBehavior [ RunTime:0.000740s ]
INFO: Run Behavior\CheckLangBehavior [ RunTime:0.001424s ]
INFO: [ app_begin ] --END-- [ RunTime:0.002223s ]
INFO: [ action_begin ] --START--
INFO: Run Behavior\CheckAuthBehavior [ RunTime:0.002152s ]
INFO: [ action_begin ] --END-- [ RunTime:0.002191s ]

