[ 2019-03-31T14:18:23+08:00 ] 127.0.0.1 /Pay_Charges_index_mid_10062.html
INFO: [ app_init ] --START--
INFO: Run Behavior\BuildLiteBehavior [ RunTime:0.000045s ]
INFO: [ app_init ] --END-- [ RunTime:0.000108s ]
INFO: [ app_begin ] --START--
INFO: Run Behavior\ReadHtmlCacheBehavior [ RunTime:0.000891s ]
INFO: Run Behavior\CheckLangBehavior [ RunTime:0.001761s ]
INFO: [ app_begin ] --END-- [ RunTime:0.002741s ]
INFO: [ action_begin ] --START--
INFO: Run Behavior\CheckAuthBehavior [ RunTime:0.007240s ]
INFO: [ action_begin ] --END-- [ RunTime:0.007317s ]
NOTIC: [8] Undefined variable: icon D:\phpstudy\PHPTutorial\WWW\demo3\Application\Pay\Controller\ChargesController.class.php 第 101 行.
NOTIC: [8] Undefined variable: icon D:\phpstudy\PHPTutorial\WWW\demo3\Application\Pay\Controller\ChargesController.class.php 第 101 行.
NOTIC: [8] Undefined variable: icon D:\phpstudy\PHPTutorial\WWW\demo3\Application\Pay\Controller\ChargesController.class.php 第 101 行.
NOTIC: [8] Undefined variable: icon D:\phpstudy\PHPTutorial\WWW\demo3\Application\Pay\Controller\ChargesController.class.php 第 101 行.
NOTIC: [8] Undefined variable: icon D:\phpstudy\PHPTutorial\WWW\demo3\Application\Pay\Controller\ChargesController.class.php 第 101 行.
NOTIC: [8] Undefined variable: icon D:\phpstudy\PHPTutorial\WWW\demo3\Application\Pay\Controller\ChargesController.class.php 第 101 行.
NOTIC: [8] Undefined variable: icon D:\phpstudy\PHPTutorial\WWW\demo3\Application\Pay\Controller\ChargesController.class.php 第 101 行.
NOTIC: [8] Undefined variable: icon D:\phpstudy\PHPTutorial\WWW\demo3\Application\Pay\Controller\ChargesController.class.php 第 101 行.
NOTIC: [8] Undefined variable: icon D:\phpstudy\PHPTutorial\WWW\demo3\Application\Pay\Controller\ChargesController.class.php 第 101 行.
NOTIC: [8] Undefined variable: icon D:\phpstudy\PHPTutorial\WWW\demo3\Application\Pay\Controller\ChargesController.class.php 第 101 行.
NOTIC: [8] Undefined variable: icon D:\phpstudy\PHPTutorial\WWW\demo3\Application\Pay\Controller\ChargesController.class.php 第 101 行.
NOTIC: [8] Undefined variable: icon D:\phpstudy\PHPTutorial\WWW\demo3\Application\Pay\Controller\ChargesController.class.php 第 101 行.
NOTIC: [8] Undefined variable: icon D:\phpstudy\PHPTutorial\WWW\demo3\Application\Pay\Controller\ChargesController.class.php 第 101 行.
INFO: [ view_parse ] --START--
INFO: [ template_filter ] --START--
INFO: Run Behavior\ContentReplaceBehavior [ RunTime:0.000143s ]
INFO: [ template_filter ] --END-- [ RunTime:0.000179s ]
NOTIC: [8] Undefined variable: sitename D:\phpstudy\PHPTutorial\WWW\demo3\Runtime\Cache\Pay\1e6c1f4b2c0c0a1533b5cfc104f0ac45.php 第 143 行.
INFO: Run Behavior\ParseTemplateBehavior [ RunTime:0.014926s ]
INFO: [ view_parse ] --END-- [ RunTime:0.014957s ]
INFO: [ view_filter ] --START--
INFO: Run Behavior\WriteHtmlCacheBehavior [ RunTime:0.000674s ]
INFO: Run Behavior\TokenBuildBehavior [ RunTime:0.001126s ]
INFO: [ view_filter ] --END-- [ RunTime:0.001843s ]
INFO: [ app_end ] --START--
INFO: Run Behavior\ShowPageTraceBehavior [ RunTime:0.000804s ]
INFO: [ app_end ] --END-- [ RunTime:0.000837s ]

