[ 2019-02-01T16:10:54+08:00 ] 111.206.52.124 /index.php?s=/User_Login_index.html
INFO: [ app_init ] --START--
INFO: Run Behavior\BuildLiteBehavior [ RunTime:0.000009s ]
INFO: [ app_init ] --END-- [ RunTime:0.000073s ]
INFO: [ app_begin ] --START--
INFO: Run Behavior\ReadHtmlCacheBehavior [ RunTime:0.000390s ]
INFO: Run Behavior\CheckLangBehavior [ RunTime:0.000528s ]
INFO: [ app_begin ] --END-- [ RunTime:0.001007s ]
INFO: [ action_begin ] --START--
INFO: Run Behavior\CheckAuthBehavior [ RunTime:0.000987s ]
INFO: [ action_begin ] --END-- [ RunTime:0.001054s ]
INFO: [ view_parse ] --START--
INFO: [ template_filter ] --START--
INFO: Run Behavior\ContentReplaceBehavior [ RunTime:0.000038s ]
INFO: [ template_filter ] --END-- [ RunTime:0.000099s ]
NOTIC: [8] Undefined variable: verifycode /www/wwwroot/94.191.18.151/Runtime/Cache/User/cd7f950d5de11f03979102b93709231a.php 第 62 行.
INFO: Run Behavior\ParseTemplateBehavior [ RunTime:0.013753s ]
INFO: [ view_parse ] --END-- [ RunTime:0.013808s ]
INFO: [ view_filter ] --START--
INFO: Run Behavior\WriteHtmlCacheBehavior [ RunTime:0.000131s ]
INFO: Run Behavior\TokenBuildBehavior [ RunTime:0.000289s ]
INFO: [ view_filter ] --END-- [ RunTime:0.000467s ]
INFO: [ app_end ] --START--
INFO: Run Behavior\ShowPageTraceBehavior [ RunTime:0.000428s ]
INFO: [ app_end ] --END-- [ RunTime:0.000487s ]

