[ 2019-03-29T20:43:40+08:00 ] 127.0.0.1 /user.html
INFO: [ app_init ] --START--
INFO: Run Behavior\BuildLiteBehavior [ RunTime:0.000009s ]
INFO: [ app_init ] --END-- [ RunTime:0.000049s ]
INFO: [ app_begin ] --START--
INFO: Run Behavior\ReadHtmlCacheBehavior [ RunTime:0.000700s ]
INFO: Run Behavior\CheckLangBehavior [ RunTime:0.001153s ]
INFO: [ app_begin ] --END-- [ RunTime:0.001930s ]
INFO: [ action_begin ] --START--
INFO: Run Behavior\CheckAuthBehavior [ RunTime:0.001680s ]
INFO: [ action_begin ] --END-- [ RunTime:0.001724s ]
INFO: [ view_parse ] --START--
INFO: [ template_filter ] --START--
INFO: Run Behavior\ContentReplaceBehavior [ RunTime:0.000064s ]
INFO: [ template_filter ] --END-- [ RunTime:0.000109s ]
NOTIC: [8] Use of undefined constant groupid - assumed 'groupid' D:\phpstudy\PHPTutorial\WWW\demo3\Runtime\Cache\User\d7a7632f153cf12d0db44c934c28bcfe.php 第 7 行.
NOTIC: [8] Use of undefined constant groupid - assumed 'groupid' D:\phpstudy\PHPTutorial\WWW\demo3\Runtime\Cache\User\d7a7632f153cf12d0db44c934c28bcfe.php 第 8 行.
NOTIC: [8] Use of undefined constant groupid - assumed 'groupid' D:\phpstudy\PHPTutorial\WWW\demo3\Runtime\Cache\User\d7a7632f153cf12d0db44c934c28bcfe.php 第 9 行.
NOTIC: [8] Use of undefined constant groupid - assumed 'groupid' D:\phpstudy\PHPTutorial\WWW\demo3\Runtime\Cache\User\d7a7632f153cf12d0db44c934c28bcfe.php 第 10 行.
NOTIC: [8] Use of undefined constant groupid - assumed 'groupid' D:\phpstudy\PHPTutorial\WWW\demo3\Runtime\Cache\User\d7a7632f153cf12d0db44c934c28bcfe.php 第 37 行.
NOTIC: [8] Use of undefined constant groupid - assumed 'groupid' D:\phpstudy\PHPTutorial\WWW\demo3\Runtime\Cache\User\d7a7632f153cf12d0db44c934c28bcfe.php 第 38 行.
NOTIC: [8] Use of undefined constant groupid - assumed 'groupid' D:\phpstudy\PHPTutorial\WWW\demo3\Runtime\Cache\User\d7a7632f153cf12d0db44c934c28bcfe.php 第 39 行.
NOTIC: [8] Use of undefined constant groupid - assumed 'groupid' D:\phpstudy\PHPTutorial\WWW\demo3\Runtime\Cache\User\d7a7632f153cf12d0db44c934c28bcfe.php 第 40 行.
NOTIC: [8] Use of undefined constant groupid - assumed 'groupid' D:\phpstudy\PHPTutorial\WWW\demo3\Runtime\Cache\User\d7a7632f153cf12d0db44c934c28bcfe.php 第 72 行.
NOTIC: [8] Use of undefined constant groupid - assumed 'groupid' D:\phpstudy\PHPTutorial\WWW\demo3\Runtime\Cache\User\d7a7632f153cf12d0db44c934c28bcfe.php 第 82 行.
NOTIC: [8] Use of undefined constant open_charge - assumed 'open_charge' D:\phpstudy\PHPTutorial\WWW\demo3\Runtime\Cache\User\d7a7632f153cf12d0db44c934c28bcfe.php 第 82 行.
NOTIC: [8] Use of undefined constant groupid - assumed 'groupid' D:\phpstudy\PHPTutorial\WWW\demo3\Runtime\Cache\User\d7a7632f153cf12d0db44c934c28bcfe.php 第 118 行.
NOTIC: [8] Use of undefined constant groupid - assumed 'groupid' D:\phpstudy\PHPTutorial\WWW\demo3\Runtime\Cache\User\d7a7632f153cf12d0db44c934c28bcfe.php 第 119 行.
NOTIC: [8] Use of undefined constant df_api - assumed 'df_api' D:\phpstudy\PHPTutorial\WWW\demo3\Runtime\Cache\User\d7a7632f153cf12d0db44c934c28bcfe.php 第 130 行.
NOTIC: [8] Use of undefined constant groupid - assumed 'groupid' D:\phpstudy\PHPTutorial\WWW\demo3\Runtime\Cache\User\d7a7632f153cf12d0db44c934c28bcfe.php 第 133 行.
NOTIC: [8] Use of undefined constant groupid - assumed 'groupid' D:\phpstudy\PHPTutorial\WWW\demo3\Runtime\Cache\User\d7a7632f153cf12d0db44c934c28bcfe.php 第 139 行.
NOTIC: [8] Use of undefined constant groupid - assumed 'groupid' D:\phpstudy\PHPTutorial\WWW\demo3\Runtime\Cache\User\d7a7632f153cf12d0db44c934c28bcfe.php 第 153 行.
NOTIC: [8] Use of undefined constant groupid - assumed 'groupid' D:\phpstudy\PHPTutorial\WWW\demo3\Runtime\Cache\User\d7a7632f153cf12d0db44c934c28bcfe.php 第 167 行.
INFO: Run Behavior\ParseTemplateBehavior [ RunTime:0.017187s ]
INFO: [ view_parse ] --END-- [ RunTime:0.017222s ]
INFO: [ view_filter ] --START--
INFO: Run Behavior\WriteHtmlCacheBehavior [ RunTime:0.000661s ]
INFO: Run Behavior\TokenBuildBehavior [ RunTime:0.000928s ]
INFO: [ view_filter ] --END-- [ RunTime:0.001633s ]
INFO: [ app_end ] --START--
INFO: Run Behavior\ShowPageTraceBehavior [ RunTime:0.000796s ]
INFO: [ app_end ] --END-- [ RunTime:0.000826s ]

[ 2019-03-29T20:43:40+08:00 ] 127.0.0.1 /agent_Index_main.html
INFO: [ app_init ] --START--
INFO: Run Behavior\BuildLiteBehavior [ RunTime:0.000012s ]
INFO: [ app_init ] --END-- [ RunTime:0.000056s ]
INFO: [ app_begin ] --START--
INFO: Run Behavior\ReadHtmlCacheBehavior [ RunTime:0.000644s ]
INFO: Run Behavior\CheckLangBehavior [ RunTime:0.001327s ]
INFO: [ app_begin ] --END-- [ RunTime:0.002058s ]
INFO: [ action_begin ] --START--
INFO: Run Behavior\CheckAuthBehavior [ RunTime:0.001890s ]
INFO: [ action_begin ] --END-- [ RunTime:0.001941s ]
NOTIC: [8] Undefined variable: category D:\phpstudy\PHPTutorial\WWW\demo3\Application\User\Controller\IndexController.class.php 第 59 行.
NOTIC: [2] implode(): Invalid arguments passed D:\phpstudy\PHPTutorial\WWW\demo3\Application\User\Controller\IndexController.class.php 第 59 行.
NOTIC: [8] Undefined variable: dataone D:\phpstudy\PHPTutorial\WWW\demo3\Application\User\Controller\IndexController.class.php 第 60 行.
NOTIC: [2] implode(): Invalid arguments passed D:\phpstudy\PHPTutorial\WWW\demo3\Application\User\Controller\IndexController.class.php 第 60 行.
NOTIC: [8] Undefined variable: datatwo D:\phpstudy\PHPTutorial\WWW\demo3\Application\User\Controller\IndexController.class.php 第 61 行.
NOTIC: [2] implode(): Invalid arguments passed D:\phpstudy\PHPTutorial\WWW\demo3\Application\User\Controller\IndexController.class.php 第 61 行.
NOTIC: [8] Undefined variable: ipItem D:\phpstudy\PHPTutorial\WWW\demo3\Application\User\Controller\IndexController.class.php 第 100 行.
INFO: [ view_parse ] --START--
INFO: [ template_filter ] --START--
INFO: Run Behavior\ContentReplaceBehavior [ RunTime:0.000043s ]
INFO: [ template_filter ] --END-- [ RunTime:0.000081s ]
NOTIC: [2] Illegal string offset 'loginip' D:\phpstudy\PHPTutorial\WWW\demo3\Runtime\Cache\User\0a2302724c4cbc626c8639028f086c96.php 第 31 行.
NOTIC: [8] Uninitialized string offset: 0 D:\phpstudy\PHPTutorial\WWW\demo3\Runtime\Cache\User\0a2302724c4cbc626c8639028f086c96.php 第 31 行.
NOTIC: [2] Illegal string offset 'loginaddress' D:\phpstudy\PHPTutorial\WWW\demo3\Runtime\Cache\User\0a2302724c4cbc626c8639028f086c96.php 第 31 行.
NOTIC: [8] Uninitialized string offset: 0 D:\phpstudy\PHPTutorial\WWW\demo3\Runtime\Cache\User\0a2302724c4cbc626c8639028f086c96.php 第 31 行.
NOTIC: [2] Illegal string offset 'logindatetime' D:\phpstudy\PHPTutorial\WWW\demo3\Runtime\Cache\User\0a2302724c4cbc626c8639028f086c96.php 第 31 行.
NOTIC: [8] Uninitialized string offset: 0 D:\phpstudy\PHPTutorial\WWW\demo3\Runtime\Cache\User\0a2302724c4cbc626c8639028f086c96.php 第 31 行.
NOTIC: [8] Use of undefined constant groupid - assumed 'groupid' D:\phpstudy\PHPTutorial\WWW\demo3\Runtime\Cache\User\0a2302724c4cbc626c8639028f086c96.php 第 40 行.
NOTIC: [8] Use of undefined constant groupid - assumed 'groupid' D:\phpstudy\PHPTutorial\WWW\demo3\Runtime\Cache\User\0a2302724c4cbc626c8639028f086c96.php 第 91 行.
INFO: Run Behavior\ParseTemplateBehavior [ RunTime:0.010466s ]
INFO: [ view_parse ] --END-- [ RunTime:0.010497s ]
INFO: [ view_filter ] --START--
INFO: Run Behavior\WriteHtmlCacheBehavior [ RunTime:0.000588s ]
INFO: Run Behavior\TokenBuildBehavior [ RunTime:0.000814s ]
INFO: [ view_filter ] --END-- [ RunTime:0.001444s ]
INFO: [ app_end ] --START--
INFO: Run Behavior\ShowPageTraceBehavior [ RunTime:0.000669s ]
INFO: [ app_end ] --END-- [ RunTime:0.000697s ]

[ 2019-03-29T20:43:43+08:00 ] 127.0.0.1 /agent_Channel_index.html
INFO: [ app_init ] --START--
INFO: Run Behavior\BuildLiteBehavior [ RunTime:0.000014s ]
INFO: [ app_init ] --END-- [ RunTime:0.000089s ]
INFO: [ app_begin ] --START--
INFO: Run Behavior\ReadHtmlCacheBehavior [ RunTime:0.000718s ]
INFO: Run Behavior\CheckLangBehavior [ RunTime:0.001482s ]
INFO: [ app_begin ] --END-- [ RunTime:0.002265s ]
INFO: [ action_begin ] --START--
INFO: Run Behavior\CheckAuthBehavior [ RunTime:0.001909s ]
INFO: [ action_begin ] --END-- [ RunTime:0.001969s ]
INFO: [ view_parse ] --START--
INFO: [ template_filter ] --START--
INFO: Run Behavior\ContentReplaceBehavior [ RunTime:0.000027s ]
INFO: [ template_filter ] --END-- [ RunTime:0.000060s ]
NOTIC: [8] Use of undefined constant t1zt - assumed 't1zt' D:\phpstudy\PHPTutorial\WWW\demo3\Runtime\Cache\User\0afc5151d73d81b2039d13070791350e.php 第 33 行.
NOTIC: [8] Use of undefined constant t1zt - assumed 't1zt' D:\phpstudy\PHPTutorial\WWW\demo3\Runtime\Cache\User\0afc5151d73d81b2039d13070791350e.php 第 33 行.
INFO: Run Behavior\ParseTemplateBehavior [ RunTime:0.008052s ]
INFO: [ view_parse ] --END-- [ RunTime:0.008092s ]
INFO: [ view_filter ] --START--
INFO: Run Behavior\WriteHtmlCacheBehavior [ RunTime:0.000777s ]
INFO: Run Behavior\TokenBuildBehavior [ RunTime:0.000924s ]
INFO: [ view_filter ] --END-- [ RunTime:0.001745s ]
INFO: [ app_end ] --START--
INFO: Run Behavior\ShowPageTraceBehavior [ RunTime:0.000837s ]
INFO: [ app_end ] --END-- [ RunTime:0.000865s ]

[ 2019-03-29T20:43:43+08:00 ] 127.0.0.1 /agent_Channel_apidocumnet.html
INFO: [ app_init ] --START--
INFO: Run Behavior\BuildLiteBehavior [ RunTime:0.000011s ]
INFO: [ app_init ] --END-- [ RunTime:0.000064s ]
INFO: [ app_begin ] --START--
INFO: Run Behavior\ReadHtmlCacheBehavior [ RunTime:0.000597s ]
INFO: Run Behavior\CheckLangBehavior [ RunTime:0.001216s ]
INFO: [ app_begin ] --END-- [ RunTime:0.001892s ]
INFO: [ action_begin ] --START--
INFO: Run Behavior\CheckAuthBehavior [ RunTime:0.002112s ]
INFO: [ action_begin ] --END-- [ RunTime:0.002162s ]
NOTIC: [8] Use of undefined constant groupid - assumed 'groupid' D:\phpstudy\PHPTutorial\WWW\demo3\Application\User\Controller\ChannelController.class.php 第 50 行.
INFO: [ view_parse ] --START--
INFO: [ template_filter ] --START--
INFO: Run Behavior\ContentReplaceBehavior [ RunTime:0.000029s ]
INFO: [ template_filter ] --END-- [ RunTime:0.000066s ]
INFO: Run Behavior\ParseTemplateBehavior [ RunTime:0.007490s ]
INFO: [ view_parse ] --END-- [ RunTime:0.007534s ]
INFO: [ view_filter ] --START--
INFO: Run Behavior\WriteHtmlCacheBehavior [ RunTime:0.000673s ]
INFO: Run Behavior\TokenBuildBehavior [ RunTime:0.000838s ]
INFO: [ view_filter ] --END-- [ RunTime:0.001555s ]
INFO: [ app_end ] --START--
INFO: Run Behavior\ShowPageTraceBehavior [ RunTime:0.000759s ]
INFO: [ app_end ] --END-- [ RunTime:0.000787s ]

[ 2019-03-29T20:44:06+08:00 ] 127.0.0.1 /agent_Account_link.html
INFO: [ app_init ] --START--
INFO: Run Behavior\BuildLiteBehavior [ RunTime:0.000008s ]
INFO: [ app_init ] --END-- [ RunTime:0.000040s ]
INFO: [ app_begin ] --START--
INFO: Run Behavior\ReadHtmlCacheBehavior [ RunTime:0.000760s ]
INFO: Run Behavior\CheckLangBehavior [ RunTime:0.001306s ]
INFO: [ app_begin ] --END-- [ RunTime:0.002131s ]
INFO: [ action_begin ] --START--
INFO: Run Behavior\CheckAuthBehavior [ RunTime:0.001847s ]
INFO: [ action_begin ] --END-- [ RunTime:0.001892s ]
INFO: [ view_parse ] --START--
INFO: [ template_filter ] --START--
INFO: Run Behavior\ContentReplaceBehavior [ RunTime:0.000026s ]
INFO: [ template_filter ] --END-- [ RunTime:0.000060s ]
INFO: Run Behavior\ParseTemplateBehavior [ RunTime:0.007496s ]
INFO: [ view_parse ] --END-- [ RunTime:0.007580s ]
INFO: [ view_filter ] --START--
INFO: Run Behavior\WriteHtmlCacheBehavior [ RunTime:0.000768s ]
INFO: Run Behavior\TokenBuildBehavior [ RunTime:0.000808s ]
INFO: [ view_filter ] --END-- [ RunTime:0.001625s ]
INFO: [ app_end ] --START--
INFO: Run Behavior\ShowPageTraceBehavior [ RunTime:0.000920s ]
INFO: [ app_end ] --END-- [ RunTime:0.000950s ]

[ 2019-03-29T21:10:38+08:00 ] 127.0.0.1 /agent_Channel_apidocumnet.html
INFO: [ app_init ] --START--
INFO: Run Behavior\BuildLiteBehavior [ RunTime:0.000008s ]
INFO: [ app_init ] --END-- [ RunTime:0.000043s ]
INFO: [ app_begin ] --START--
INFO: Run Behavior\ReadHtmlCacheBehavior [ RunTime:0.000726s ]
INFO: Run Behavior\CheckLangBehavior [ RunTime:0.001558s ]
INFO: [ app_begin ] --END-- [ RunTime:0.002402s ]
INFO: [ action_begin ] --START--
INFO: Run Behavior\CheckAuthBehavior [ RunTime:0.001900s ]
INFO: [ action_begin ] --END-- [ RunTime:0.001939s ]
NOTIC: [8] Use of undefined constant groupid - assumed 'groupid' D:\phpstudy\PHPTutorial\WWW\demo3\Application\User\Controller\ChannelController.class.php 第 50 行.
INFO: [ view_parse ] --START--
INFO: [ template_filter ] --START--
INFO: Run Behavior\ContentReplaceBehavior [ RunTime:0.000032s ]
INFO: [ template_filter ] --END-- [ RunTime:0.000095s ]
INFO: Run Behavior\ParseTemplateBehavior [ RunTime:0.007765s ]
INFO: [ view_parse ] --END-- [ RunTime:0.007819s ]
INFO: [ view_filter ] --START--
INFO: Run Behavior\WriteHtmlCacheBehavior [ RunTime:0.000735s ]
INFO: Run Behavior\TokenBuildBehavior [ RunTime:0.001075s ]
INFO: [ view_filter ] --END-- [ RunTime:0.001866s ]
INFO: [ app_end ] --START--
INFO: Run Behavior\ShowPageTraceBehavior [ RunTime:0.000923s ]
INFO: [ app_end ] --END-- [ RunTime:0.000958s ]

