[ 2019-10-10T15:35:54+08:00 ] 127.0.0.1 /User_Login_checklogin
INFO: [ app_init ] --START--
INFO: Run Behavior\BuildLiteBehavior [ RunTime:0.000009s ]
INFO: [ app_init ] --END-- [ RunTime:0.000048s ]
INFO: [ app_begin ] --START--
INFO: Run Behavior\ReadHtmlCacheBehavior [ RunTime:0.000971s ]
INFO: Run Behavior\CheckLangBehavior [ RunTime:0.001465s ]
INFO: [ app_begin ] --END-- [ RunTime:0.002573s ]
SQL: SHOW COLUMNS FROM `pay_websiteconfig` [ RunTime:0.0062s ]
SQL: SELECT * FROM `pay_websiteconfig` LIMIT 1   [ RunTime:0.0003s ]
SQL: SHOW COLUMNS FROM `pay_member` [ RunTime:0.0073s ]
SQL: SELECT * FROM `pay_member` WHERE `username` = '123456' LIMIT 1   [ RunTime:0.0003s ]
SQL: SELECT * FROM `pay_websiteconfig` LIMIT 1   [ RunTime:0.0002s ]
SQL: SHOW COLUMNS FROM `pay_auth_error_log` [ RunTime:0.0058s ]
SQL: SELECT `ctime` FROM `pay_auth_error_log` WHERE `uid` = 36 AND `auth_type` = 0 ORDER BY `id` desc LIMIT 1   [ RunTime:0.0002s ]
SQL: DELETE FROM `pay_auth_error_log` WHERE `auth_type` = 6 AND `uid` = 36 [ RunTime:0.0002s ]
SQL: UPDATE `pay_member` SET `login_error_num`='0',`session_random`='cJEE6TZTHocxXc9dBLbmvKvjYEMqsaba',`last_login_time`='1570692954' WHERE `id` = 36 [ RunTime:0.0022s ]
SQL: SHOW COLUMNS FROM `pay_loginrecord` [ RunTime:0.0072s ]
SQL: SELECT * FROM `pay_loginrecord` WHERE `userid` = 36 AND `type` = 0 ORDER BY `id` desc LIMIT 3   [ RunTime:0.0010s ]
SQL: INSERT INTO `pay_loginrecord` (`userid`,`logindatetime`,`loginip`,`loginaddress`,`type`) VALUES ('36','2019-10-10 15:35:54','127.0.0.1','本机地址-','0') [ RunTime:0.0001s ]
INFO: [ view_parse ] --START--
INFO: [ template_filter ] --START--
INFO: Run Behavior\ContentReplaceBehavior [ RunTime:0.000029s ]
INFO: [ template_filter ] --END-- [ RunTime:0.000066s ]
INFO: Run Behavior\ParseTemplateBehavior [ RunTime:0.005161s ]
INFO: [ view_parse ] --END-- [ RunTime:0.005194s ]
INFO: [ view_filter ] --START--
INFO: Run Behavior\WriteHtmlCacheBehavior [ RunTime:0.000504s ]
INFO: Run Behavior\TokenBuildBehavior [ RunTime:0.000554s ]
INFO: [ view_filter ] --END-- [ RunTime:0.001103s ]
INFO: [ app_end ] --START--
INFO: Run Behavior\ShowPageTraceBehavior [ RunTime:0.000626s ]
INFO: [ app_end ] --END-- [ RunTime:0.000653s ]

[ 2019-10-10T15:35:55+08:00 ] 127.0.0.1 /user_Index_index.html
INFO: [ app_init ] --START--
INFO: Run Behavior\BuildLiteBehavior [ RunTime:0.000020s ]
INFO: [ app_init ] --END-- [ RunTime:0.000058s ]
INFO: [ app_begin ] --START--
INFO: Run Behavior\ReadHtmlCacheBehavior [ RunTime:0.000715s ]
INFO: Run Behavior\CheckLangBehavior [ RunTime:0.001263s ]
INFO: [ app_begin ] --END-- [ RunTime:0.002042s ]
SQL: SHOW COLUMNS FROM `pay_websiteconfig` [ RunTime:0.0071s ]
SQL: SELECT * FROM `pay_websiteconfig` LIMIT 1   [ RunTime:0.0003s ]
SQL: SHOW COLUMNS FROM `pay_member` [ RunTime:0.0067s ]
SQL: SELECT `id` as uid,`username`,`password`,`groupid`,`parentid`,`salt`,`balance`,`blockedbalance`,`email`,`realname`,`authorized`,`apidomain`,`apikey`,`status`,`mobile`,`receiver`,`agent_cate`,`df_api`,`login_ip`,`open_charge`,`google_secret_key`,`session_random`,`regdatetime` FROM `pay_member` WHERE `id` = 36 LIMIT 1   [ RunTime:0.0004s ]
INFO: [ view_parse ] --START--
INFO: [ template_filter ] --START--
INFO: Run Behavior\ContentReplaceBehavior [ RunTime:0.000062s ]
INFO: [ template_filter ] --END-- [ RunTime:0.000101s ]
NOTIC: [8] Use of undefined constant groupid - assumed 'groupid' D:\phpstudy\PHPTutorial\WWW\demo2\Runtime\Cache\User\d7a7632f153cf12d0db44c934c28bcfe.php 第 7 行.
NOTIC: [8] Use of undefined constant groupid - assumed 'groupid' D:\phpstudy\PHPTutorial\WWW\demo2\Runtime\Cache\User\d7a7632f153cf12d0db44c934c28bcfe.php 第 8 行.
NOTIC: [8] Use of undefined constant groupid - assumed 'groupid' D:\phpstudy\PHPTutorial\WWW\demo2\Runtime\Cache\User\d7a7632f153cf12d0db44c934c28bcfe.php 第 9 行.
NOTIC: [8] Use of undefined constant groupid - assumed 'groupid' D:\phpstudy\PHPTutorial\WWW\demo2\Runtime\Cache\User\d7a7632f153cf12d0db44c934c28bcfe.php 第 10 行.
NOTIC: [8] Use of undefined constant groupid - assumed 'groupid' D:\phpstudy\PHPTutorial\WWW\demo2\Runtime\Cache\User\d7a7632f153cf12d0db44c934c28bcfe.php 第 37 行.
NOTIC: [8] Use of undefined constant groupid - assumed 'groupid' D:\phpstudy\PHPTutorial\WWW\demo2\Runtime\Cache\User\d7a7632f153cf12d0db44c934c28bcfe.php 第 38 行.
NOTIC: [8] Use of undefined constant groupid - assumed 'groupid' D:\phpstudy\PHPTutorial\WWW\demo2\Runtime\Cache\User\d7a7632f153cf12d0db44c934c28bcfe.php 第 39 行.
NOTIC: [8] Use of undefined constant groupid - assumed 'groupid' D:\phpstudy\PHPTutorial\WWW\demo2\Runtime\Cache\User\d7a7632f153cf12d0db44c934c28bcfe.php 第 40 行.
NOTIC: [8] Use of undefined constant groupid - assumed 'groupid' D:\phpstudy\PHPTutorial\WWW\demo2\Runtime\Cache\User\d7a7632f153cf12d0db44c934c28bcfe.php 第 72 行.
NOTIC: [8] Use of undefined constant groupid - assumed 'groupid' D:\phpstudy\PHPTutorial\WWW\demo2\Runtime\Cache\User\d7a7632f153cf12d0db44c934c28bcfe.php 第 82 行.
NOTIC: [8] Use of undefined constant open_charge - assumed 'open_charge' D:\phpstudy\PHPTutorial\WWW\demo2\Runtime\Cache\User\d7a7632f153cf12d0db44c934c28bcfe.php 第 82 行.
NOTIC: [8] Use of undefined constant groupid - assumed 'groupid' D:\phpstudy\PHPTutorial\WWW\demo2\Runtime\Cache\User\d7a7632f153cf12d0db44c934c28bcfe.php 第 118 行.
NOTIC: [8] Use of undefined constant groupid - assumed 'groupid' D:\phpstudy\PHPTutorial\WWW\demo2\Runtime\Cache\User\d7a7632f153cf12d0db44c934c28bcfe.php 第 119 行.
NOTIC: [8] Use of undefined constant df_api - assumed 'df_api' D:\phpstudy\PHPTutorial\WWW\demo2\Runtime\Cache\User\d7a7632f153cf12d0db44c934c28bcfe.php 第 130 行.
NOTIC: [8] Use of undefined constant groupid - assumed 'groupid' D:\phpstudy\PHPTutorial\WWW\demo2\Runtime\Cache\User\d7a7632f153cf12d0db44c934c28bcfe.php 第 133 行.
NOTIC: [8] Use of undefined constant groupid - assumed 'groupid' D:\phpstudy\PHPTutorial\WWW\demo2\Runtime\Cache\User\d7a7632f153cf12d0db44c934c28bcfe.php 第 139 行.
NOTIC: [8] Use of undefined constant groupid - assumed 'groupid' D:\phpstudy\PHPTutorial\WWW\demo2\Runtime\Cache\User\d7a7632f153cf12d0db44c934c28bcfe.php 第 153 行.
NOTIC: [8] Use of undefined constant groupid - assumed 'groupid' D:\phpstudy\PHPTutorial\WWW\demo2\Runtime\Cache\User\d7a7632f153cf12d0db44c934c28bcfe.php 第 167 行.
INFO: Run Behavior\ParseTemplateBehavior [ RunTime:0.027032s ]
INFO: [ view_parse ] --END-- [ RunTime:0.027067s ]
INFO: [ view_filter ] --START--
INFO: Run Behavior\WriteHtmlCacheBehavior [ RunTime:0.000479s ]
INFO: Run Behavior\TokenBuildBehavior [ RunTime:0.000863s ]
INFO: [ view_filter ] --END-- [ RunTime:0.001382s ]
INFO: [ app_end ] --START--
INFO: Run Behavior\ShowPageTraceBehavior [ RunTime:0.000653s ]
INFO: [ app_end ] --END-- [ RunTime:0.000678s ]

[ 2019-10-10T15:35:56+08:00 ] 127.0.0.1 /user_Index_index.html
INFO: [ app_init ] --START--
INFO: Run Behavior\BuildLiteBehavior [ RunTime:0.000010s ]
INFO: [ app_init ] --END-- [ RunTime:0.000051s ]
INFO: [ app_begin ] --START--
INFO: Run Behavior\ReadHtmlCacheBehavior [ RunTime:0.000653s ]
INFO: Run Behavior\CheckLangBehavior [ RunTime:0.001139s ]
INFO: [ app_begin ] --END-- [ RunTime:0.001859s ]
SQL: SHOW COLUMNS FROM `pay_websiteconfig` [ RunTime:0.0061s ]
SQL: SELECT * FROM `pay_websiteconfig` LIMIT 1   [ RunTime:0.0003s ]
SQL: SHOW COLUMNS FROM `pay_member` [ RunTime:0.0067s ]
SQL: SELECT `id` as uid,`username`,`password`,`groupid`,`parentid`,`salt`,`balance`,`blockedbalance`,`email`,`realname`,`authorized`,`apidomain`,`apikey`,`status`,`mobile`,`receiver`,`agent_cate`,`df_api`,`login_ip`,`open_charge`,`google_secret_key`,`session_random`,`regdatetime` FROM `pay_member` WHERE `id` = 36 LIMIT 1   [ RunTime:0.0003s ]
INFO: [ view_parse ] --START--
INFO: [ template_filter ] --START--
INFO: Run Behavior\ContentReplaceBehavior [ RunTime:0.000061s ]
INFO: [ template_filter ] --END-- [ RunTime:0.000098s ]
NOTIC: [8] Use of undefined constant groupid - assumed 'groupid' D:\phpstudy\PHPTutorial\WWW\demo2\Runtime\Cache\User\d7a7632f153cf12d0db44c934c28bcfe.php 第 7 行.
NOTIC: [8] Use of undefined constant groupid - assumed 'groupid' D:\phpstudy\PHPTutorial\WWW\demo2\Runtime\Cache\User\d7a7632f153cf12d0db44c934c28bcfe.php 第 8 行.
NOTIC: [8] Use of undefined constant groupid - assumed 'groupid' D:\phpstudy\PHPTutorial\WWW\demo2\Runtime\Cache\User\d7a7632f153cf12d0db44c934c28bcfe.php 第 9 行.
NOTIC: [8] Use of undefined constant groupid - assumed 'groupid' D:\phpstudy\PHPTutorial\WWW\demo2\Runtime\Cache\User\d7a7632f153cf12d0db44c934c28bcfe.php 第 10 行.
NOTIC: [8] Use of undefined constant groupid - assumed 'groupid' D:\phpstudy\PHPTutorial\WWW\demo2\Runtime\Cache\User\d7a7632f153cf12d0db44c934c28bcfe.php 第 37 行.
NOTIC: [8] Use of undefined constant groupid - assumed 'groupid' D:\phpstudy\PHPTutorial\WWW\demo2\Runtime\Cache\User\d7a7632f153cf12d0db44c934c28bcfe.php 第 38 行.
NOTIC: [8] Use of undefined constant groupid - assumed 'groupid' D:\phpstudy\PHPTutorial\WWW\demo2\Runtime\Cache\User\d7a7632f153cf12d0db44c934c28bcfe.php 第 39 行.
NOTIC: [8] Use of undefined constant groupid - assumed 'groupid' D:\phpstudy\PHPTutorial\WWW\demo2\Runtime\Cache\User\d7a7632f153cf12d0db44c934c28bcfe.php 第 40 行.
NOTIC: [8] Use of undefined constant groupid - assumed 'groupid' D:\phpstudy\PHPTutorial\WWW\demo2\Runtime\Cache\User\d7a7632f153cf12d0db44c934c28bcfe.php 第 72 行.
NOTIC: [8] Use of undefined constant groupid - assumed 'groupid' D:\phpstudy\PHPTutorial\WWW\demo2\Runtime\Cache\User\d7a7632f153cf12d0db44c934c28bcfe.php 第 82 行.
NOTIC: [8] Use of undefined constant open_charge - assumed 'open_charge' D:\phpstudy\PHPTutorial\WWW\demo2\Runtime\Cache\User\d7a7632f153cf12d0db44c934c28bcfe.php 第 82 行.
NOTIC: [8] Use of undefined constant groupid - assumed 'groupid' D:\phpstudy\PHPTutorial\WWW\demo2\Runtime\Cache\User\d7a7632f153cf12d0db44c934c28bcfe.php 第 118 行.
NOTIC: [8] Use of undefined constant groupid - assumed 'groupid' D:\phpstudy\PHPTutorial\WWW\demo2\Runtime\Cache\User\d7a7632f153cf12d0db44c934c28bcfe.php 第 119 行.
NOTIC: [8] Use of undefined constant df_api - assumed 'df_api' D:\phpstudy\PHPTutorial\WWW\demo2\Runtime\Cache\User\d7a7632f153cf12d0db44c934c28bcfe.php 第 130 行.
NOTIC: [8] Use of undefined constant groupid - assumed 'groupid' D:\phpstudy\PHPTutorial\WWW\demo2\Runtime\Cache\User\d7a7632f153cf12d0db44c934c28bcfe.php 第 133 行.
NOTIC: [8] Use of undefined constant groupid - assumed 'groupid' D:\phpstudy\PHPTutorial\WWW\demo2\Runtime\Cache\User\d7a7632f153cf12d0db44c934c28bcfe.php 第 139 行.
NOTIC: [8] Use of undefined constant groupid - assumed 'groupid' D:\phpstudy\PHPTutorial\WWW\demo2\Runtime\Cache\User\d7a7632f153cf12d0db44c934c28bcfe.php 第 153 行.
NOTIC: [8] Use of undefined constant groupid - assumed 'groupid' D:\phpstudy\PHPTutorial\WWW\demo2\Runtime\Cache\User\d7a7632f153cf12d0db44c934c28bcfe.php 第 167 行.
INFO: Run Behavior\ParseTemplateBehavior [ RunTime:0.023865s ]
INFO: [ view_parse ] --END-- [ RunTime:0.023904s ]
INFO: [ view_filter ] --START--
INFO: Run Behavior\WriteHtmlCacheBehavior [ RunTime:0.000460s ]
INFO: Run Behavior\TokenBuildBehavior [ RunTime:0.000864s ]
INFO: [ view_filter ] --END-- [ RunTime:0.001371s ]
INFO: [ app_end ] --START--
INFO: Run Behavior\ShowPageTraceBehavior [ RunTime:0.001093s ]
INFO: [ app_end ] --END-- [ RunTime:0.001150s ]

[ 2019-10-10T15:35:56+08:00 ] 127.0.0.1 /agent_Index_main.html
INFO: [ app_init ] --START--
INFO: Run Behavior\BuildLiteBehavior [ RunTime:0.000010s ]
INFO: [ app_init ] --END-- [ RunTime:0.000052s ]
INFO: [ app_begin ] --START--
INFO: Run Behavior\ReadHtmlCacheBehavior [ RunTime:0.000720s ]
INFO: Run Behavior\CheckLangBehavior [ RunTime:0.001174s ]
INFO: [ app_begin ] --END-- [ RunTime:0.001968s ]
SQL: SHOW COLUMNS FROM `pay_websiteconfig` [ RunTime:0.0072s ]
SQL: SELECT * FROM `pay_websiteconfig` LIMIT 1   [ RunTime:0.0004s ]
SQL: SHOW COLUMNS FROM `pay_member` [ RunTime:0.0087s ]
SQL: SELECT `id` as uid,`username`,`password`,`groupid`,`parentid`,`salt`,`balance`,`blockedbalance`,`email`,`realname`,`authorized`,`apidomain`,`apikey`,`status`,`mobile`,`receiver`,`agent_cate`,`df_api`,`login_ip`,`open_charge`,`google_secret_key`,`session_random`,`regdatetime` FROM `pay_member` WHERE `id` = 36 LIMIT 1   [ RunTime:0.0004s ]
SQL: SHOW COLUMNS FROM `pay_order` [ RunTime:0.0161s ]
SQL: SELECT SUM( pay_actualamount ) AS total, FROM_UNIXTIME( pay_successdate,  '%Y-%m-%d' ) AS DATETIME
FROM pay_order WHERE pay_successdate >= UNIX_TIMESTAMP(  '2019-10-01' ) AND pay_successdate < UNIX_TIMESTAMP(  '2019-10-31' ) AND pay_status>=1 AND pay_memberid=10036  GROUP BY DATETIME [ RunTime:0.0011s ]
SQL: SELECT COUNT( id ) AS num, FROM_UNIXTIME( pay_successdate,  '%Y-%m-%d' ) AS DATETIME
FROM pay_order WHERE pay_successdate >= UNIX_TIMESTAMP(  '2019-10-01' ) AND pay_successdate < UNIX_TIMESTAMP(  '2019-10-31' ) AND pay_status>=1 AND pay_memberid=10036  GROUP BY DATETIME [ RunTime:0.0009s ]
NOTIC: [8] Undefined variable: category D:\phpstudy\PHPTutorial\WWW\demo2\Application\User\Controller\IndexController.class.php 第 59 行.
NOTIC: [2] implode(): Invalid arguments passed D:\phpstudy\PHPTutorial\WWW\demo2\Application\User\Controller\IndexController.class.php 第 59 行.
NOTIC: [8] Undefined variable: dataone D:\phpstudy\PHPTutorial\WWW\demo2\Application\User\Controller\IndexController.class.php 第 60 行.
NOTIC: [2] implode(): Invalid arguments passed D:\phpstudy\PHPTutorial\WWW\demo2\Application\User\Controller\IndexController.class.php 第 60 行.
NOTIC: [8] Undefined variable: datatwo D:\phpstudy\PHPTutorial\WWW\demo2\Application\User\Controller\IndexController.class.php 第 61 行.
NOTIC: [2] implode(): Invalid arguments passed D:\phpstudy\PHPTutorial\WWW\demo2\Application\User\Controller\IndexController.class.php 第 61 行.
SQL: SHOW COLUMNS FROM `pay_article` [ RunTime:0.0074s ]
SQL: SELECT * FROM `pay_article` WHERE `status` = 1 AND `groupid` IN ('0','1') ORDER BY `id` desc LIMIT 2   [ RunTime:0.0003s ]
SQL: SHOW COLUMNS FROM `pay_loginrecord` [ RunTime:0.0066s ]
SQL: SELECT * FROM `pay_loginrecord` WHERE `userid` = 36 ORDER BY `id` desc LIMIT 2   [ RunTime:0.0007s ]
SQL: SELECT COUNT(*) AS tp_count FROM `pay_order` WHERE `pay_memberid` = 10036 AND `pay_applydate` BETWEEN 1570636800 AND 1570723199 LIMIT 1   [ RunTime:0.0004s ]
SQL: SELECT COUNT(*) AS tp_count FROM `pay_order` WHERE `pay_memberid` = 10036 AND `pay_successdate` BETWEEN 1570636800 AND 1570723199 AND `pay_status` IN ('1','2') LIMIT 1   [ RunTime:0.0004s ]
SQL: SELECT COUNT(*) AS tp_count FROM `pay_order` WHERE `pay_memberid` = 10036 AND `pay_applydate` BETWEEN 1570636800 AND 1570723199 AND `pay_status` = 0 LIMIT 1   [ RunTime:0.0004s ]
SQL: SELECT SUM(pay_actualamount) AS tp_sum FROM `pay_order` WHERE `pay_memberid` = 10036 AND `pay_successdate` BETWEEN 1570636800 AND 1570723199 AND `pay_status` IN ('1','2') LIMIT 1   [ RunTime:0.0004s ]
SQL: SHOW COLUMNS FROM `pay_complaints_deposit` [ RunTime:0.0085s ]
SQL: SELECT SUM(freeze_money) AS tp_sum FROM `pay_complaints_deposit` WHERE `user_id` = 36 AND `status` = 0 LIMIT 1   [ RunTime:0.0002s ]
SQL: SHOW COLUMNS FROM `pay_moneychange` [ RunTime:0.0067s ]
SQL: SELECT SUM(money) AS tp_sum FROM `pay_moneychange` WHERE `userid` = 36 AND `datetime` BETWEEN '2019-10-10 00:00:00' AND '2019-10-10 23:59:59' AND `lx` = 9 LIMIT 1   [ RunTime:0.0003s ]
NOTIC: [8] Undefined variable: ipItem D:\phpstudy\PHPTutorial\WWW\demo2\Application\User\Controller\IndexController.class.php 第 100 行.
INFO: [ view_parse ] --START--
INFO: [ template_filter ] --START--
INFO: Run Behavior\ContentReplaceBehavior [ RunTime:0.000049s ]
INFO: [ template_filter ] --END-- [ RunTime:0.000087s ]
NOTIC: [8] Use of undefined constant groupid - assumed 'groupid' D:\phpstudy\PHPTutorial\WWW\demo2\Runtime\Cache\User\0a2302724c4cbc626c8639028f086c96.php 第 40 行.
NOTIC: [8] Use of undefined constant groupid - assumed 'groupid' D:\phpstudy\PHPTutorial\WWW\demo2\Runtime\Cache\User\0a2302724c4cbc626c8639028f086c96.php 第 91 行.
INFO: Run Behavior\ParseTemplateBehavior [ RunTime:0.010500s ]
INFO: [ view_parse ] --END-- [ RunTime:0.010538s ]
INFO: [ view_filter ] --START--
INFO: Run Behavior\WriteHtmlCacheBehavior [ RunTime:0.000506s ]
INFO: Run Behavior\TokenBuildBehavior [ RunTime:0.000764s ]
INFO: [ view_filter ] --END-- [ RunTime:0.001324s ]
INFO: [ app_end ] --START--
INFO: Run Behavior\ShowPageTraceBehavior [ RunTime:0.000564s ]
INFO: [ app_end ] --END-- [ RunTime:0.000591s ]

